<?xml version="1.0" encoding="UTF-8" ?>
<testsuite errors="3" failures="1" hostname="DESKTOP-KATE" name="com.iucosoft.internshipappfx.dao.impl.CompanyDAOImplTest" skipped="0" tests="6" time="4.354" timestamp="2023-10-13T16:55:15">
  <properties>
[...]
</properties>
  <testcase classname="com.iucosoft.internshipappfx.dao.impl.CompanyDAOImplTest" name="testFindAll" time="0.521">
    <failure message="expected:&lt;null&gt; but was:&lt;[Company{id=2, title=t3, domain=EDUCATION, about=about3, phoneNumber=203984567, email=c3@gmail.com, imagePath=null}, Company{id=3, title=t2, domain=EDUCATION, about=about3, phoneNumber=203984567, email=c3@gmail.com, imagePath=null}, Company{id=4, title=comp1, domain=DESIGN, about=good company, phoneNumber=129348765, email=comp1@example.com, imagePath=null}, Company{id=11, title=comp9, domain=DESIGN, about=good company, phoneNumber=129348765, email=comp1@example.com, imagePath=null}, Company{id=12, title=comp10, domain=DESIGN, about=good company, phoneNumber=129348765, email=comp1@example.com, imagePath=null}, Company{id=13, title=comp11, domain=DESIGN, about=good company, phoneNumber=129348765, email=comp1@example.com, imagePath=null}, Company{id=14, title=comp12, domain=DESIGN, about=good company, phoneNumber=129348765, email=comp1@example.com, imagePath=null}, Company{id=15, title=comp13, domain=DESIGN, about=good company, phoneNumber=129348765, email=comp1@example.com, imagePath=null}, Company{id=16, title=company99, domain=DESIGN, about=lakjsdbva, phoneNumber=PHONE_NUMBER, email=email@gmail.com, imagePath=null}, Company{id=17, title=comp15, domain=DESIGN, about=good company, phoneNumber=129348765, email=comp1@example.com, imagePath=null}, Company{id=18, title=comp70, domain=DESIGN, about=kjahrg, phoneNumber=PHONE_NUMBER, email=email@gmail.com, imagePath=null}, Company{id=19, title=company-title1, domain=DESIGN, about=good company 1, phoneNumber=203985723, email=company1@example.com, imagePath=img.img}]&gt;" type="junit.framework.AssertionFailedError">junit.framework.AssertionFailedError: expected:&lt;null&gt; but was:&lt;[Company{id=2, title=t3, domain=EDUCATION, about=about3, phoneNumber=203984567, email=c3@gmail.com, imagePath=null}, Company{id=3, title=t2, domain=EDUCATION, about=about3, phoneNumber=203984567, email=c3@gmail.com, imagePath=null}, Company{id=4, title=comp1, domain=DESIGN, about=good company, phoneNumber=129348765, email=comp1@example.com, imagePath=null}, Company{id=11, title=comp9, domain=DESIGN, about=good company, phoneNumber=129348765, email=comp1@example.com, imagePath=null}, Company{id=12, title=comp10, domain=DESIGN, about=good company, phoneNumber=129348765, email=comp1@example.com, imagePath=null}, Company{id=13, title=comp11, domain=DESIGN, about=good company, phoneNumber=129348765, email=comp1@example.com, imagePath=null}, Company{id=14, title=comp12, domain=DESIGN, about=good company, phoneNumber=129348765, email=comp1@example.com, imagePath=null}, Company{id=15, title=comp13, domain=DESIGN, about=good company, phoneNumber=129348765, email=comp1@example.com, imagePath=null}, Company{id=16, title=company99, domain=DESIGN, about=lakjsdbva, phoneNumber=PHONE_NUMBER, email=email@gmail.com, imagePath=null}, Company{id=17, title=comp15, domain=DESIGN, about=good company, phoneNumber=129348765, email=comp1@example.com, imagePath=null}, Company{id=18, title=comp70, domain=DESIGN, about=kjahrg, phoneNumber=PHONE_NUMBER, email=email@gmail.com, imagePath=null}, Company{id=19, title=company-title1, domain=DESIGN, about=good company 1, phoneNumber=203985723, email=company1@example.com, imagePath=img.img}]&gt;
	at com.iucosoft.internshipappfx.dao.impl.CompanyDAOImplTest.testFindAll(CompanyDAOImplTest.java:79)
</failure>
  </testcase>
  <testcase classname="com.iucosoft.internshipappfx.dao.impl.CompanyDAOImplTest" name="testSave" time="0.435" />
  <testcase classname="com.iucosoft.internshipappfx.dao.impl.CompanyDAOImplTest" name="testFindByName" time="0.423">
    <error message="No value specified for parameter 1" type="java.sql.SQLException">java.sql.SQLException: No value specified for parameter 1
	at com.mysql.cj.jdbc.exceptions.SQLError.createSQLException(SQLError.java:130)
	at com.mysql.cj.jdbc.exceptions.SQLExceptionsMapping.translateException(SQLExceptionsMapping.java:122)
	at com.mysql.cj.jdbc.ClientPreparedStatement.executeQuery(ClientPreparedStatement.java:989)
	at com.iucosoft.internshipappfx.dao.impl.CompanyDAOImpl.findByName(CompanyDAOImpl.java:169)
	at com.iucosoft.internshipappfx.dao.impl.CompanyDAOImplTest.testFindByName(CompanyDAOImplTest.java:108)
</error>
  </testcase>
  <testcase classname="com.iucosoft.internshipappfx.dao.impl.CompanyDAOImplTest" name="testFindById" time="0.433">
    <error message="You have an error in your SQL syntax; check the manual that corresponds to your MySQL server version for the right syntax to use near &apos;?&apos; at line 1" type="java.sql.SQLSyntaxErrorException">java.sql.SQLSyntaxErrorException: You have an error in your SQL syntax; check the manual that corresponds to your MySQL server version for the right syntax to use near &apos;?&apos; at line 1
	at com.mysql.cj.jdbc.exceptions.SQLError.createSQLException(SQLError.java:121)
	at com.mysql.cj.jdbc.exceptions.SQLExceptionsMapping.translateException(SQLExceptionsMapping.java:122)
	at com.mysql.cj.jdbc.StatementImpl.executeQuery(StatementImpl.java:1200)
	at com.iucosoft.internshipappfx.dao.impl.CompanyDAOImpl.findById(CompanyDAOImpl.java:144)
	at com.iucosoft.internshipappfx.dao.impl.CompanyDAOImplTest.testFindById(CompanyDAOImplTest.java:93)
</error>
  </testcase>
  <testcase classname="com.iucosoft.internshipappfx.dao.impl.CompanyDAOImplTest" name="testDelete" time="0.425">
    <error type="java.lang.NullPointerException">java.lang.NullPointerException
	at com.iucosoft.internshipappfx.dao.impl.CompanyDAOImpl.delete(CompanyDAOImpl.java:99)
	at com.iucosoft.internshipappfx.dao.impl.CompanyDAOImplTest.testDelete(CompanyDAOImplTest.java:65)
</error>
  </testcase>
  <testcase classname="com.iucosoft.internshipappfx.dao.impl.CompanyDAOImplTest" name="testUpdate" time="0.398" />
  <system-out><![CDATA[CREATE DATABASE  IF NOT EXISTS `practicatest` /*!40100 DEFAULT CHARACTER SET utf8mb3 */ /*!80016 DEFAULT ENCRYPTION='N' */

USE `practicatest`

-- MySQL dump 10.13  Distrib 8.0.34, for Win64 (x86_64)
--
-- Host: localhost    Database: practica
-- ------------------------------------------------------
-- Server version	8.0.34
/*!40101 SET @OLD_CHARACTER_SET_CLIENT=@@CHARACTER_SET_CLIENT */

/*!40101 SET @OLD_CHARACTER_SET_RESULTS=@@CHARACTER_SET_RESULTS */

/*!40101 SET @OLD_COLLATION_CONNECTION=@@COLLATION_CONNECTION */

/*!50503 SET NAMES utf8 */

/*!40103 SET @OLD_TIME_ZONE=@@TIME_ZONE */

/*!40103 SET TIME_ZONE='+00:00' */

/*!40014 SET @OLD_UNIQUE_CHECKS=@@UNIQUE_CHECKS, UNIQUE_CHECKS=0 */

/*!40014 SET @OLD_FOREIGN_KEY_CHECKS=@@FOREIGN_KEY_CHECKS, FOREIGN_KEY_CHECKS=0 */

/*!40101 SET @OLD_SQL_MODE=@@SQL_MODE, SQL_MODE='NO_AUTO_VALUE_ON_ZERO' */

/*!40111 SET @OLD_SQL_NOTES=@@SQL_NOTES, SQL_NOTES=0 */

--
-- Table structure for table `applicants`
--
DROP TABLE IF EXISTS `applicants`

/*!40101 SET @saved_cs_client     = @@character_set_client */

/*!50503 SET character_set_client = utf8mb4 */

CREATE TABLE `applicants` (
  `id` int NOT NULL AUTO_INCREMENT,
  `name` varchar(45) NOT NULL,
  `surname` varchar(45) NOT NULL,
  `age` int NOT NULL,
  `a_status` varchar(45) NOT NULL,
  `domain` varchar(45) NOT NULL,
  `cv` varchar(45) NOT NULL,
  `user_id` int NOT NULL,
  `email` varchar(45) NOT NULL,
  `phone_number` varchar(45) NOT NULL,
  PRIMARY KEY (`id`),
  KEY `fk_applicant_user_idx` (`user_id`),
  CONSTRAINT `fk_applicant_user` FOREIGN KEY (`user_id`) REFERENCES `users` (`id`)
) ENGINE=InnoDB AUTO_INCREMENT=6 DEFAULT CHARSET=utf8mb4 COLLATE=utf8mb4_0900_ai_ci

/*!40101 SET character_set_client = @saved_cs_client */

--
-- Table structure for table `applications`
--
DROP TABLE IF EXISTS `applications`

/*!40101 SET @saved_cs_client     = @@character_set_client */

/*!50503 SET character_set_client = utf8mb4 */

CREATE TABLE `applications` (
  `id` int NOT NULL AUTO_INCREMENT,
  `applicant_id` int NOT NULL,
  `programme_id` int NOT NULL,
  `application_date` date NOT NULL,
  `cv` varchar(45) NOT NULL,
  `phone_number` varchar(45) NOT NULL,
  `email` varchar(45) NOT NULL,
  `institution` varchar(45) DEFAULT NULL,
  PRIMARY KEY (`id`),
  KEY `fk_application_applicant_idx` (`applicant_id`),
  KEY `fk_application_programme_idx` (`programme_id`),
  CONSTRAINT `fk_application_applicant` FOREIGN KEY (`applicant_id`) REFERENCES `applicants` (`id`),
  CONSTRAINT `fk_application_programme` FOREIGN KEY (`programme_id`) REFERENCES `programmes` (`id`)
) ENGINE=InnoDB DEFAULT CHARSET=utf8mb4 COLLATE=utf8mb4_0900_ai_ci

/*!40101 SET character_set_client = @saved_cs_client */

--
-- Table structure for table `companies`
--
DROP TABLE IF EXISTS `companies`

/*!40101 SET @saved_cs_client     = @@character_set_client */

/*!50503 SET character_set_client = utf8mb4 */

CREATE TABLE `companies` (
  `id` int NOT NULL AUTO_INCREMENT,
  `title` varchar(45) NOT NULL,
  `domain` varchar(45) NOT NULL,
  `about` mediumtext NOT NULL,
  `phone_number` varchar(45) NOT NULL,
  `email` varchar(45) NOT NULL,
  `img_path` varchar(80) DEFAULT NULL,
  PRIMARY KEY (`id`),
  UNIQUE KEY `title_UNIQUE` (`title`)
) ENGINE=InnoDB AUTO_INCREMENT=20 DEFAULT CHARSET=utf8mb4 COLLATE=utf8mb4_0900_ai_ci

/*!40101 SET character_set_client = @saved_cs_client */

--
-- Table structure for table `programmes`
--
DROP TABLE IF EXISTS `programmes`

/*!40101 SET @saved_cs_client     = @@character_set_client */

/*!50503 SET character_set_client = utf8mb4 */

CREATE TABLE `programmes` (
  `id` int NOT NULL AUTO_INCREMENT,
  `title` varchar(45) NOT NULL,
  `domain` varchar(45) NOT NULL,
  `start_data` date NOT NULL,
  `duration` varchar(45) NOT NULL,
  `company_id` int NOT NULL,
  `duties` mediumtext NOT NULL,
  `qualifications` mediumtext NOT NULL,
  `benefits` mediumtext NOT NULL,
  `location` varchar(80) NOT NULL,
  `paid` tinyint NOT NULL,
  PRIMARY KEY (`id`),
  KEY `fk_programme_company_idx` (`company_id`),
  CONSTRAINT `fk_programme_company` FOREIGN KEY (`company_id`) REFERENCES `companies` (`id`)
) ENGINE=InnoDB DEFAULT CHARSET=utf8mb4 COLLATE=utf8mb4_0900_ai_ci

/*!40101 SET character_set_client = @saved_cs_client */

--
-- Table structure for table `recruiters`
--
DROP TABLE IF EXISTS `recruiters`

/*!40101 SET @saved_cs_client     = @@character_set_client */

/*!50503 SET character_set_client = utf8mb4 */

CREATE TABLE `recruiters` (
  `id` int NOT NULL AUTO_INCREMENT,
  `name` varchar(45) NOT NULL,
  `surname` varchar(45) NOT NULL,
  `user_id` int NOT NULL,
  `company_id` int NOT NULL,
  `email` varchar(45) NOT NULL,
  PRIMARY KEY (`id`),
  KEY `fk_recruiter_user_idx` (`user_id`),
  KEY `fk_recruiter_company_idx` (`company_id`),
  CONSTRAINT `fk_recruiter_company` FOREIGN KEY (`company_id`) REFERENCES `companies` (`id`),
  CONSTRAINT `fk_recruiter_user` FOREIGN KEY (`user_id`) REFERENCES `users` (`id`)
) ENGINE=InnoDB AUTO_INCREMENT=16 DEFAULT CHARSET=utf8mb4 COLLATE=utf8mb4_0900_ai_ci

/*!40101 SET character_set_client = @saved_cs_client */

--
-- Table structure for table `users`
--
DROP TABLE IF EXISTS `users`

/*!40101 SET @saved_cs_client     = @@character_set_client */

/*!50503 SET character_set_client = utf8mb4 */

CREATE TABLE `users` (
  `id` int NOT NULL AUTO_INCREMENT,
  `username` varchar(45) NOT NULL,
  `password` varchar(45) NOT NULL,
  `register_date` date NOT NULL,
  `role` varchar(45) NOT NULL,
  PRIMARY KEY (`id`),
  UNIQUE KEY `username_UNIQUE` (`username`)
) ENGINE=InnoDB AUTO_INCREMENT=23 DEFAULT CHARSET=utf8mb4 COLLATE=utf8mb4_0900_ai_ci

/*!40101 SET character_set_client = @saved_cs_client */

/*!40103 SET TIME_ZONE=@OLD_TIME_ZONE */

/*!40101 SET SQL_MODE=@OLD_SQL_MODE */

/*!40014 SET FOREIGN_KEY_CHECKS=@OLD_FOREIGN_KEY_CHECKS */

/*!40014 SET UNIQUE_CHECKS=@OLD_UNIQUE_CHECKS */

/*!40101 SET CHARACTER_SET_CLIENT=@OLD_CHARACTER_SET_CLIENT */

/*!40101 SET CHARACTER_SET_RESULTS=@OLD_CHARACTER_SET_RESULTS */

/*!40101 SET COLLATION_CONNECTION=@OLD_COLLATION_CONNECTION */

/*!40111 SET SQL_NOTES=@OLD_SQL_NOTES */

-- Dump completed on 2023-10-13 16:24:46
USE `practicatest`

-- MySQL dump 10.13  Distrib 8.0.34, for Win64 (x86_64)
--
-- Host: localhost    Database: practica
-- ------------------------------------------------------
-- Server version	8.0.34
/*!40101 SET @OLD_CHARACTER_SET_CLIENT=@@CHARACTER_SET_CLIENT */

/*!40101 SET @OLD_CHARACTER_SET_RESULTS=@@CHARACTER_SET_RESULTS */

/*!40101 SET @OLD_COLLATION_CONNECTION=@@COLLATION_CONNECTION */

/*!50503 SET NAMES utf8 */

/*!40103 SET @OLD_TIME_ZONE=@@TIME_ZONE */

/*!40103 SET TIME_ZONE='+00:00' */

/*!40014 SET @OLD_UNIQUE_CHECKS=@@UNIQUE_CHECKS, UNIQUE_CHECKS=0 */

/*!40014 SET @OLD_FOREIGN_KEY_CHECKS=@@FOREIGN_KEY_CHECKS, FOREIGN_KEY_CHECKS=0 */

/*!40101 SET @OLD_SQL_MODE=@@SQL_MODE, SQL_MODE='NO_AUTO_VALUE_ON_ZERO' */

/*!40111 SET @OLD_SQL_NOTES=@@SQL_NOTES, SQL_NOTES=0 */

--
-- Dumping data for table `applicants`
--
LOCK TABLES `applicants` WRITE

/*!40000 ALTER TABLE `applicants` DISABLE KEYS */

INSERT INTO `applicants` VALUES (1,'a1','ap1',20,'STUDENT','DESIGN','cvFile1',2,'a@gmail.com','03203985'),(2,'a2','ap2',20,'STUDENT','DESIGN','cvFile2',3,'a@gmail.com','03203985'),(3,'a2','ap2',20,'STUDENT','DESIGN','cvFile2',4,'a@gmail.com','03203985'),(4,'applicant1','surname1',20,'STUDENT','DESIGN','cvFile1',18,'a1@gmail.com','94376-2983'),(5,'applicant2','surname2',20,'UNEMPLOYED','IT','cvFile2',20,'a1@gmail.com','94376-2983')

/*!40000 ALTER TABLE `applicants` ENABLE KEYS */

UNLOCK TABLES

--
-- Dumping data for table `applications`
--
LOCK TABLES `applications` WRITE

/*!40000 ALTER TABLE `applications` DISABLE KEYS */

/*!40000 ALTER TABLE `applications` ENABLE KEYS */

UNLOCK TABLES

--
-- Dumping data for table `companies`
--
LOCK TABLES `companies` WRITE

/*!40000 ALTER TABLE `companies` DISABLE KEYS */

INSERT INTO `companies` VALUES (2,'t3','EDUCATION','about3','203984567','c3@gmail.com',NULL),(3,'t2','EDUCATION','about3','203984567','c3@gmail.com',NULL),(4,'comp1','DESIGN','good company','129348765','comp1@example.com',NULL),(11,'comp9','DESIGN','good company','129348765','comp1@example.com',NULL),(12,'comp10','DESIGN','good company','129348765','comp1@example.com',NULL),(13,'comp11','DESIGN','good company','129348765','comp1@example.com',NULL),(14,'comp12','DESIGN','good company','129348765','comp1@example.com',NULL),(15,'comp13','DESIGN','good company','129348765','comp1@example.com',NULL),(16,'company99','DESIGN','lakjsdbva','PHONE_NUMBER','email@gmail.com',NULL),(17,'comp15','DESIGN','good company','129348765','comp1@example.com',NULL),(18,'comp70','DESIGN','kjahrg','PHONE_NUMBER','email@gmail.com',NULL),(19,'company-title1','DESIGN','good company 1','203985723','company1@example.com','img.img')

/*!40000 ALTER TABLE `companies` ENABLE KEYS */

UNLOCK TABLES

--
-- Dumping data for table `programmes`
--
LOCK TABLES `programmes` WRITE

/*!40000 ALTER TABLE `programmes` DISABLE KEYS */

/*!40000 ALTER TABLE `programmes` ENABLE KEYS */

UNLOCK TABLES

--
-- Dumping data for table `recruiters`
--
LOCK TABLES `recruiters` WRITE

/*!40000 ALTER TABLE `recruiters` DISABLE KEYS */

INSERT INTO `recruiters` VALUES (12,'Vasile','Rotaru',12,14,'vr@example.com'),(13,'Vasile1','Rotaru1',13,15,'vr@example.com'),(14,'Vasile2','Rotaru2',14,17,'vr2@example.com'),(15,'Munteanu','Ecaterina',22,19,'ecaterina@gmail.com')

/*!40000 ALTER TABLE `recruiters` ENABLE KEYS */

UNLOCK TABLES

--
-- Dumping data for table `users`
--
LOCK TABLES `users` WRITE

/*!40000 ALTER TABLE `users` DISABLE KEYS */

INSERT INTO `users` VALUES (1,'username1','password1','2023-12-12',''),(2,'username3','password1','2023-12-12',''),(3,'username2','password2','2023-12-12',''),(4,'username4','password2','2023-12-12',''),(7,'user9','passw5','2023-12-24',''),(9,'user10','passw5','2023-12-24',''),(11,'user11','passw5','2023-12-24',''),(12,'user12','passw5','2023-12-24',''),(13,'user13','passw5','2023-12-24',''),(14,'user14','password6','2023-10-12','RECRUITER'),(18,'user15','p1','2023-10-12','APPLICANT'),(20,'user16','p2','2023-10-12','APPLICANT'),(22,'user17','p3','2023-10-12','RECRUITER')

/*!40000 ALTER TABLE `users` ENABLE KEYS */

UNLOCK TABLES

/*!40103 SET TIME_ZONE=@OLD_TIME_ZONE */

/*!40101 SET SQL_MODE=@OLD_SQL_MODE */

/*!40014 SET FOREIGN_KEY_CHECKS=@OLD_FOREIGN_KEY_CHECKS */

/*!40014 SET UNIQUE_CHECKS=@OLD_UNIQUE_CHECKS */

/*!40101 SET CHARACTER_SET_CLIENT=@OLD_CHARACTER_SET_CLIENT */

/*!40101 SET CHARACTER_SET_RESULTS=@OLD_CHARACTER_SET_RESULTS */

/*!40101 SET COLLATION_CONNECTION=@OLD_COLLATION_CONNECTION */

/*!40111 SET SQL_NOTES=@OLD_SQL_NOTES */

-- Dump completed on 2023-10-13 16:25:20
Tabelul s-a creat!
findAll
CREATE DATABASE  IF NOT EXISTS `practicatest` /*!40100 DEFAULT CHARACTER SET utf8mb3 */ /*!80016 DEFAULT ENCRYPTION='N' */

USE `practicatest`

-- MySQL dump 10.13  Distrib 8.0.34, for Win64 (x86_64)
--
-- Host: localhost    Database: practica
-- ------------------------------------------------------
-- Server version	8.0.34
/*!40101 SET @OLD_CHARACTER_SET_CLIENT=@@CHARACTER_SET_CLIENT */

/*!40101 SET @OLD_CHARACTER_SET_RESULTS=@@CHARACTER_SET_RESULTS */

/*!40101 SET @OLD_COLLATION_CONNECTION=@@COLLATION_CONNECTION */

/*!50503 SET NAMES utf8 */

/*!40103 SET @OLD_TIME_ZONE=@@TIME_ZONE */

/*!40103 SET TIME_ZONE='+00:00' */

/*!40014 SET @OLD_UNIQUE_CHECKS=@@UNIQUE_CHECKS, UNIQUE_CHECKS=0 */

/*!40014 SET @OLD_FOREIGN_KEY_CHECKS=@@FOREIGN_KEY_CHECKS, FOREIGN_KEY_CHECKS=0 */

/*!40101 SET @OLD_SQL_MODE=@@SQL_MODE, SQL_MODE='NO_AUTO_VALUE_ON_ZERO' */

/*!40111 SET @OLD_SQL_NOTES=@@SQL_NOTES, SQL_NOTES=0 */

--
-- Table structure for table `applicants`
--
DROP TABLE IF EXISTS `applicants`

/*!40101 SET @saved_cs_client     = @@character_set_client */

/*!50503 SET character_set_client = utf8mb4 */

CREATE TABLE `applicants` (
  `id` int NOT NULL AUTO_INCREMENT,
  `name` varchar(45) NOT NULL,
  `surname` varchar(45) NOT NULL,
  `age` int NOT NULL,
  `a_status` varchar(45) NOT NULL,
  `domain` varchar(45) NOT NULL,
  `cv` varchar(45) NOT NULL,
  `user_id` int NOT NULL,
  `email` varchar(45) NOT NULL,
  `phone_number` varchar(45) NOT NULL,
  PRIMARY KEY (`id`),
  KEY `fk_applicant_user_idx` (`user_id`),
  CONSTRAINT `fk_applicant_user` FOREIGN KEY (`user_id`) REFERENCES `users` (`id`)
) ENGINE=InnoDB AUTO_INCREMENT=6 DEFAULT CHARSET=utf8mb4 COLLATE=utf8mb4_0900_ai_ci

/*!40101 SET character_set_client = @saved_cs_client */

--
-- Table structure for table `applications`
--
DROP TABLE IF EXISTS `applications`

/*!40101 SET @saved_cs_client     = @@character_set_client */

/*!50503 SET character_set_client = utf8mb4 */

CREATE TABLE `applications` (
  `id` int NOT NULL AUTO_INCREMENT,
  `applicant_id` int NOT NULL,
  `programme_id` int NOT NULL,
  `application_date` date NOT NULL,
  `cv` varchar(45) NOT NULL,
  `phone_number` varchar(45) NOT NULL,
  `email` varchar(45) NOT NULL,
  `institution` varchar(45) DEFAULT NULL,
  PRIMARY KEY (`id`),
  KEY `fk_application_applicant_idx` (`applicant_id`),
  KEY `fk_application_programme_idx` (`programme_id`),
  CONSTRAINT `fk_application_applicant` FOREIGN KEY (`applicant_id`) REFERENCES `applicants` (`id`),
  CONSTRAINT `fk_application_programme` FOREIGN KEY (`programme_id`) REFERENCES `programmes` (`id`)
) ENGINE=InnoDB DEFAULT CHARSET=utf8mb4 COLLATE=utf8mb4_0900_ai_ci

/*!40101 SET character_set_client = @saved_cs_client */

--
-- Table structure for table `companies`
--
DROP TABLE IF EXISTS `companies`

/*!40101 SET @saved_cs_client     = @@character_set_client */

/*!50503 SET character_set_client = utf8mb4 */

CREATE TABLE `companies` (
  `id` int NOT NULL AUTO_INCREMENT,
  `title` varchar(45) NOT NULL,
  `domain` varchar(45) NOT NULL,
  `about` mediumtext NOT NULL,
  `phone_number` varchar(45) NOT NULL,
  `email` varchar(45) NOT NULL,
  `img_path` varchar(80) DEFAULT NULL,
  PRIMARY KEY (`id`),
  UNIQUE KEY `title_UNIQUE` (`title`)
) ENGINE=InnoDB AUTO_INCREMENT=20 DEFAULT CHARSET=utf8mb4 COLLATE=utf8mb4_0900_ai_ci

/*!40101 SET character_set_client = @saved_cs_client */

--
-- Table structure for table `programmes`
--
DROP TABLE IF EXISTS `programmes`

/*!40101 SET @saved_cs_client     = @@character_set_client */

/*!50503 SET character_set_client = utf8mb4 */

CREATE TABLE `programmes` (
  `id` int NOT NULL AUTO_INCREMENT,
  `title` varchar(45) NOT NULL,
  `domain` varchar(45) NOT NULL,
  `start_data` date NOT NULL,
  `duration` varchar(45) NOT NULL,
  `company_id` int NOT NULL,
  `duties` mediumtext NOT NULL,
  `qualifications` mediumtext NOT NULL,
  `benefits` mediumtext NOT NULL,
  `location` varchar(80) NOT NULL,
  `paid` tinyint NOT NULL,
  PRIMARY KEY (`id`),
  KEY `fk_programme_company_idx` (`company_id`),
  CONSTRAINT `fk_programme_company` FOREIGN KEY (`company_id`) REFERENCES `companies` (`id`)
) ENGINE=InnoDB DEFAULT CHARSET=utf8mb4 COLLATE=utf8mb4_0900_ai_ci

/*!40101 SET character_set_client = @saved_cs_client */

--
-- Table structure for table `recruiters`
--
DROP TABLE IF EXISTS `recruiters`

/*!40101 SET @saved_cs_client     = @@character_set_client */

/*!50503 SET character_set_client = utf8mb4 */

CREATE TABLE `recruiters` (
  `id` int NOT NULL AUTO_INCREMENT,
  `name` varchar(45) NOT NULL,
  `surname` varchar(45) NOT NULL,
  `user_id` int NOT NULL,
  `company_id` int NOT NULL,
  `email` varchar(45) NOT NULL,
  PRIMARY KEY (`id`),
  KEY `fk_recruiter_user_idx` (`user_id`),
  KEY `fk_recruiter_company_idx` (`company_id`),
  CONSTRAINT `fk_recruiter_company` FOREIGN KEY (`company_id`) REFERENCES `companies` (`id`),
  CONSTRAINT `fk_recruiter_user` FOREIGN KEY (`user_id`) REFERENCES `users` (`id`)
) ENGINE=InnoDB AUTO_INCREMENT=16 DEFAULT CHARSET=utf8mb4 COLLATE=utf8mb4_0900_ai_ci

/*!40101 SET character_set_client = @saved_cs_client */

--
-- Table structure for table `users`
--
DROP TABLE IF EXISTS `users`

/*!40101 SET @saved_cs_client     = @@character_set_client */

/*!50503 SET character_set_client = utf8mb4 */

CREATE TABLE `users` (
  `id` int NOT NULL AUTO_INCREMENT,
  `username` varchar(45) NOT NULL,
  `password` varchar(45) NOT NULL,
  `register_date` date NOT NULL,
  `role` varchar(45) NOT NULL,
  PRIMARY KEY (`id`),
  UNIQUE KEY `username_UNIQUE` (`username`)
) ENGINE=InnoDB AUTO_INCREMENT=23 DEFAULT CHARSET=utf8mb4 COLLATE=utf8mb4_0900_ai_ci

/*!40101 SET character_set_client = @saved_cs_client */

/*!40103 SET TIME_ZONE=@OLD_TIME_ZONE */

/*!40101 SET SQL_MODE=@OLD_SQL_MODE */

/*!40014 SET FOREIGN_KEY_CHECKS=@OLD_FOREIGN_KEY_CHECKS */

/*!40014 SET UNIQUE_CHECKS=@OLD_UNIQUE_CHECKS */

/*!40101 SET CHARACTER_SET_CLIENT=@OLD_CHARACTER_SET_CLIENT */

/*!40101 SET CHARACTER_SET_RESULTS=@OLD_CHARACTER_SET_RESULTS */

/*!40101 SET COLLATION_CONNECTION=@OLD_COLLATION_CONNECTION */

/*!40111 SET SQL_NOTES=@OLD_SQL_NOTES */

-- Dump completed on 2023-10-13 16:24:46
USE `practicatest`

-- MySQL dump 10.13  Distrib 8.0.34, for Win64 (x86_64)
--
-- Host: localhost    Database: practica
-- ------------------------------------------------------
-- Server version	8.0.34
/*!40101 SET @OLD_CHARACTER_SET_CLIENT=@@CHARACTER_SET_CLIENT */

/*!40101 SET @OLD_CHARACTER_SET_RESULTS=@@CHARACTER_SET_RESULTS */

/*!40101 SET @OLD_COLLATION_CONNECTION=@@COLLATION_CONNECTION */

/*!50503 SET NAMES utf8 */

/*!40103 SET @OLD_TIME_ZONE=@@TIME_ZONE */

/*!40103 SET TIME_ZONE='+00:00' */

/*!40014 SET @OLD_UNIQUE_CHECKS=@@UNIQUE_CHECKS, UNIQUE_CHECKS=0 */

/*!40014 SET @OLD_FOREIGN_KEY_CHECKS=@@FOREIGN_KEY_CHECKS, FOREIGN_KEY_CHECKS=0 */

/*!40101 SET @OLD_SQL_MODE=@@SQL_MODE, SQL_MODE='NO_AUTO_VALUE_ON_ZERO' */

/*!40111 SET @OLD_SQL_NOTES=@@SQL_NOTES, SQL_NOTES=0 */

--
-- Dumping data for table `applicants`
--
LOCK TABLES `applicants` WRITE

/*!40000 ALTER TABLE `applicants` DISABLE KEYS */

INSERT INTO `applicants` VALUES (1,'a1','ap1',20,'STUDENT','DESIGN','cvFile1',2,'a@gmail.com','03203985'),(2,'a2','ap2',20,'STUDENT','DESIGN','cvFile2',3,'a@gmail.com','03203985'),(3,'a2','ap2',20,'STUDENT','DESIGN','cvFile2',4,'a@gmail.com','03203985'),(4,'applicant1','surname1',20,'STUDENT','DESIGN','cvFile1',18,'a1@gmail.com','94376-2983'),(5,'applicant2','surname2',20,'UNEMPLOYED','IT','cvFile2',20,'a1@gmail.com','94376-2983')

/*!40000 ALTER TABLE `applicants` ENABLE KEYS */

UNLOCK TABLES

--
-- Dumping data for table `applications`
--
LOCK TABLES `applications` WRITE

/*!40000 ALTER TABLE `applications` DISABLE KEYS */

/*!40000 ALTER TABLE `applications` ENABLE KEYS */

UNLOCK TABLES

--
-- Dumping data for table `companies`
--
LOCK TABLES `companies` WRITE

/*!40000 ALTER TABLE `companies` DISABLE KEYS */

INSERT INTO `companies` VALUES (2,'t3','EDUCATION','about3','203984567','c3@gmail.com',NULL),(3,'t2','EDUCATION','about3','203984567','c3@gmail.com',NULL),(4,'comp1','DESIGN','good company','129348765','comp1@example.com',NULL),(11,'comp9','DESIGN','good company','129348765','comp1@example.com',NULL),(12,'comp10','DESIGN','good company','129348765','comp1@example.com',NULL),(13,'comp11','DESIGN','good company','129348765','comp1@example.com',NULL),(14,'comp12','DESIGN','good company','129348765','comp1@example.com',NULL),(15,'comp13','DESIGN','good company','129348765','comp1@example.com',NULL),(16,'company99','DESIGN','lakjsdbva','PHONE_NUMBER','email@gmail.com',NULL),(17,'comp15','DESIGN','good company','129348765','comp1@example.com',NULL),(18,'comp70','DESIGN','kjahrg','PHONE_NUMBER','email@gmail.com',NULL),(19,'company-title1','DESIGN','good company 1','203985723','company1@example.com','img.img')

/*!40000 ALTER TABLE `companies` ENABLE KEYS */

UNLOCK TABLES

--
-- Dumping data for table `programmes`
--
LOCK TABLES `programmes` WRITE

/*!40000 ALTER TABLE `programmes` DISABLE KEYS */

/*!40000 ALTER TABLE `programmes` ENABLE KEYS */

UNLOCK TABLES

--
-- Dumping data for table `recruiters`
--
LOCK TABLES `recruiters` WRITE

/*!40000 ALTER TABLE `recruiters` DISABLE KEYS */

INSERT INTO `recruiters` VALUES (12,'Vasile','Rotaru',12,14,'vr@example.com'),(13,'Vasile1','Rotaru1',13,15,'vr@example.com'),(14,'Vasile2','Rotaru2',14,17,'vr2@example.com'),(15,'Munteanu','Ecaterina',22,19,'ecaterina@gmail.com')

/*!40000 ALTER TABLE `recruiters` ENABLE KEYS */

UNLOCK TABLES

--
-- Dumping data for table `users`
--
LOCK TABLES `users` WRITE

/*!40000 ALTER TABLE `users` DISABLE KEYS */

INSERT INTO `users` VALUES (1,'username1','password1','2023-12-12',''),(2,'username3','password1','2023-12-12',''),(3,'username2','password2','2023-12-12',''),(4,'username4','password2','2023-12-12',''),(7,'user9','passw5','2023-12-24',''),(9,'user10','passw5','2023-12-24',''),(11,'user11','passw5','2023-12-24',''),(12,'user12','passw5','2023-12-24',''),(13,'user13','passw5','2023-12-24',''),(14,'user14','password6','2023-10-12','RECRUITER'),(18,'user15','p1','2023-10-12','APPLICANT'),(20,'user16','p2','2023-10-12','APPLICANT'),(22,'user17','p3','2023-10-12','RECRUITER')

/*!40000 ALTER TABLE `users` ENABLE KEYS */

UNLOCK TABLES

/*!40103 SET TIME_ZONE=@OLD_TIME_ZONE */

/*!40101 SET SQL_MODE=@OLD_SQL_MODE */

/*!40014 SET FOREIGN_KEY_CHECKS=@OLD_FOREIGN_KEY_CHECKS */

/*!40014 SET UNIQUE_CHECKS=@OLD_UNIQUE_CHECKS */

/*!40101 SET CHARACTER_SET_CLIENT=@OLD_CHARACTER_SET_CLIENT */

/*!40101 SET CHARACTER_SET_RESULTS=@OLD_CHARACTER_SET_RESULTS */

/*!40101 SET COLLATION_CONNECTION=@OLD_COLLATION_CONNECTION */

/*!40111 SET SQL_NOTES=@OLD_SQL_NOTES */

-- Dump completed on 2023-10-13 16:25:20
Tabelul s-a creat!
save
CREATE DATABASE  IF NOT EXISTS `practicatest` /*!40100 DEFAULT CHARACTER SET utf8mb3 */ /*!80016 DEFAULT ENCRYPTION='N' */

USE `practicatest`

-- MySQL dump 10.13  Distrib 8.0.34, for Win64 (x86_64)
--
-- Host: localhost    Database: practica
-- ------------------------------------------------------
-- Server version	8.0.34
/*!40101 SET @OLD_CHARACTER_SET_CLIENT=@@CHARACTER_SET_CLIENT */

/*!40101 SET @OLD_CHARACTER_SET_RESULTS=@@CHARACTER_SET_RESULTS */

/*!40101 SET @OLD_COLLATION_CONNECTION=@@COLLATION_CONNECTION */

/*!50503 SET NAMES utf8 */

/*!40103 SET @OLD_TIME_ZONE=@@TIME_ZONE */

/*!40103 SET TIME_ZONE='+00:00' */

/*!40014 SET @OLD_UNIQUE_CHECKS=@@UNIQUE_CHECKS, UNIQUE_CHECKS=0 */

/*!40014 SET @OLD_FOREIGN_KEY_CHECKS=@@FOREIGN_KEY_CHECKS, FOREIGN_KEY_CHECKS=0 */

/*!40101 SET @OLD_SQL_MODE=@@SQL_MODE, SQL_MODE='NO_AUTO_VALUE_ON_ZERO' */

/*!40111 SET @OLD_SQL_NOTES=@@SQL_NOTES, SQL_NOTES=0 */

--
-- Table structure for table `applicants`
--
DROP TABLE IF EXISTS `applicants`

/*!40101 SET @saved_cs_client     = @@character_set_client */

/*!50503 SET character_set_client = utf8mb4 */

CREATE TABLE `applicants` (
  `id` int NOT NULL AUTO_INCREMENT,
  `name` varchar(45) NOT NULL,
  `surname` varchar(45) NOT NULL,
  `age` int NOT NULL,
  `a_status` varchar(45) NOT NULL,
  `domain` varchar(45) NOT NULL,
  `cv` varchar(45) NOT NULL,
  `user_id` int NOT NULL,
  `email` varchar(45) NOT NULL,
  `phone_number` varchar(45) NOT NULL,
  PRIMARY KEY (`id`),
  KEY `fk_applicant_user_idx` (`user_id`),
  CONSTRAINT `fk_applicant_user` FOREIGN KEY (`user_id`) REFERENCES `users` (`id`)
) ENGINE=InnoDB AUTO_INCREMENT=6 DEFAULT CHARSET=utf8mb4 COLLATE=utf8mb4_0900_ai_ci

/*!40101 SET character_set_client = @saved_cs_client */

--
-- Table structure for table `applications`
--
DROP TABLE IF EXISTS `applications`

/*!40101 SET @saved_cs_client     = @@character_set_client */

/*!50503 SET character_set_client = utf8mb4 */

CREATE TABLE `applications` (
  `id` int NOT NULL AUTO_INCREMENT,
  `applicant_id` int NOT NULL,
  `programme_id` int NOT NULL,
  `application_date` date NOT NULL,
  `cv` varchar(45) NOT NULL,
  `phone_number` varchar(45) NOT NULL,
  `email` varchar(45) NOT NULL,
  `institution` varchar(45) DEFAULT NULL,
  PRIMARY KEY (`id`),
  KEY `fk_application_applicant_idx` (`applicant_id`),
  KEY `fk_application_programme_idx` (`programme_id`),
  CONSTRAINT `fk_application_applicant` FOREIGN KEY (`applicant_id`) REFERENCES `applicants` (`id`),
  CONSTRAINT `fk_application_programme` FOREIGN KEY (`programme_id`) REFERENCES `programmes` (`id`)
) ENGINE=InnoDB DEFAULT CHARSET=utf8mb4 COLLATE=utf8mb4_0900_ai_ci

/*!40101 SET character_set_client = @saved_cs_client */

--
-- Table structure for table `companies`
--
DROP TABLE IF EXISTS `companies`

/*!40101 SET @saved_cs_client     = @@character_set_client */

/*!50503 SET character_set_client = utf8mb4 */

CREATE TABLE `companies` (
  `id` int NOT NULL AUTO_INCREMENT,
  `title` varchar(45) NOT NULL,
  `domain` varchar(45) NOT NULL,
  `about` mediumtext NOT NULL,
  `phone_number` varchar(45) NOT NULL,
  `email` varchar(45) NOT NULL,
  `img_path` varchar(80) DEFAULT NULL,
  PRIMARY KEY (`id`),
  UNIQUE KEY `title_UNIQUE` (`title`)
) ENGINE=InnoDB AUTO_INCREMENT=20 DEFAULT CHARSET=utf8mb4 COLLATE=utf8mb4_0900_ai_ci

/*!40101 SET character_set_client = @saved_cs_client */

--
-- Table structure for table `programmes`
--
DROP TABLE IF EXISTS `programmes`

/*!40101 SET @saved_cs_client     = @@character_set_client */

/*!50503 SET character_set_client = utf8mb4 */

CREATE TABLE `programmes` (
  `id` int NOT NULL AUTO_INCREMENT,
  `title` varchar(45) NOT NULL,
  `domain` varchar(45) NOT NULL,
  `start_data` date NOT NULL,
  `duration` varchar(45) NOT NULL,
  `company_id` int NOT NULL,
  `duties` mediumtext NOT NULL,
  `qualifications` mediumtext NOT NULL,
  `benefits` mediumtext NOT NULL,
  `location` varchar(80) NOT NULL,
  `paid` tinyint NOT NULL,
  PRIMARY KEY (`id`),
  KEY `fk_programme_company_idx` (`company_id`),
  CONSTRAINT `fk_programme_company` FOREIGN KEY (`company_id`) REFERENCES `companies` (`id`)
) ENGINE=InnoDB DEFAULT CHARSET=utf8mb4 COLLATE=utf8mb4_0900_ai_ci

/*!40101 SET character_set_client = @saved_cs_client */

--
-- Table structure for table `recruiters`
--
DROP TABLE IF EXISTS `recruiters`

/*!40101 SET @saved_cs_client     = @@character_set_client */

/*!50503 SET character_set_client = utf8mb4 */

CREATE TABLE `recruiters` (
  `id` int NOT NULL AUTO_INCREMENT,
  `name` varchar(45) NOT NULL,
  `surname` varchar(45) NOT NULL,
  `user_id` int NOT NULL,
  `company_id` int NOT NULL,
  `email` varchar(45) NOT NULL,
  PRIMARY KEY (`id`),
  KEY `fk_recruiter_user_idx` (`user_id`),
  KEY `fk_recruiter_company_idx` (`company_id`),
  CONSTRAINT `fk_recruiter_company` FOREIGN KEY (`company_id`) REFERENCES `companies` (`id`),
  CONSTRAINT `fk_recruiter_user` FOREIGN KEY (`user_id`) REFERENCES `users` (`id`)
) ENGINE=InnoDB AUTO_INCREMENT=16 DEFAULT CHARSET=utf8mb4 COLLATE=utf8mb4_0900_ai_ci

/*!40101 SET character_set_client = @saved_cs_client */

--
-- Table structure for table `users`
--
DROP TABLE IF EXISTS `users`

/*!40101 SET @saved_cs_client     = @@character_set_client */

/*!50503 SET character_set_client = utf8mb4 */

CREATE TABLE `users` (
  `id` int NOT NULL AUTO_INCREMENT,
  `username` varchar(45) NOT NULL,
  `password` varchar(45) NOT NULL,
  `register_date` date NOT NULL,
  `role` varchar(45) NOT NULL,
  PRIMARY KEY (`id`),
  UNIQUE KEY `username_UNIQUE` (`username`)
) ENGINE=InnoDB AUTO_INCREMENT=23 DEFAULT CHARSET=utf8mb4 COLLATE=utf8mb4_0900_ai_ci

/*!40101 SET character_set_client = @saved_cs_client */

/*!40103 SET TIME_ZONE=@OLD_TIME_ZONE */

/*!40101 SET SQL_MODE=@OLD_SQL_MODE */

/*!40014 SET FOREIGN_KEY_CHECKS=@OLD_FOREIGN_KEY_CHECKS */

/*!40014 SET UNIQUE_CHECKS=@OLD_UNIQUE_CHECKS */

/*!40101 SET CHARACTER_SET_CLIENT=@OLD_CHARACTER_SET_CLIENT */

/*!40101 SET CHARACTER_SET_RESULTS=@OLD_CHARACTER_SET_RESULTS */

/*!40101 SET COLLATION_CONNECTION=@OLD_COLLATION_CONNECTION */

/*!40111 SET SQL_NOTES=@OLD_SQL_NOTES */

-- Dump completed on 2023-10-13 16:24:46
USE `practicatest`

-- MySQL dump 10.13  Distrib 8.0.34, for Win64 (x86_64)
--
-- Host: localhost    Database: practica
-- ------------------------------------------------------
-- Server version	8.0.34
/*!40101 SET @OLD_CHARACTER_SET_CLIENT=@@CHARACTER_SET_CLIENT */

/*!40101 SET @OLD_CHARACTER_SET_RESULTS=@@CHARACTER_SET_RESULTS */

/*!40101 SET @OLD_COLLATION_CONNECTION=@@COLLATION_CONNECTION */

/*!50503 SET NAMES utf8 */

/*!40103 SET @OLD_TIME_ZONE=@@TIME_ZONE */

/*!40103 SET TIME_ZONE='+00:00' */

/*!40014 SET @OLD_UNIQUE_CHECKS=@@UNIQUE_CHECKS, UNIQUE_CHECKS=0 */

/*!40014 SET @OLD_FOREIGN_KEY_CHECKS=@@FOREIGN_KEY_CHECKS, FOREIGN_KEY_CHECKS=0 */

/*!40101 SET @OLD_SQL_MODE=@@SQL_MODE, SQL_MODE='NO_AUTO_VALUE_ON_ZERO' */

/*!40111 SET @OLD_SQL_NOTES=@@SQL_NOTES, SQL_NOTES=0 */

--
-- Dumping data for table `applicants`
--
LOCK TABLES `applicants` WRITE

/*!40000 ALTER TABLE `applicants` DISABLE KEYS */

INSERT INTO `applicants` VALUES (1,'a1','ap1',20,'STUDENT','DESIGN','cvFile1',2,'a@gmail.com','03203985'),(2,'a2','ap2',20,'STUDENT','DESIGN','cvFile2',3,'a@gmail.com','03203985'),(3,'a2','ap2',20,'STUDENT','DESIGN','cvFile2',4,'a@gmail.com','03203985'),(4,'applicant1','surname1',20,'STUDENT','DESIGN','cvFile1',18,'a1@gmail.com','94376-2983'),(5,'applicant2','surname2',20,'UNEMPLOYED','IT','cvFile2',20,'a1@gmail.com','94376-2983')

/*!40000 ALTER TABLE `applicants` ENABLE KEYS */

UNLOCK TABLES

--
-- Dumping data for table `applications`
--
LOCK TABLES `applications` WRITE

/*!40000 ALTER TABLE `applications` DISABLE KEYS */

/*!40000 ALTER TABLE `applications` ENABLE KEYS */

UNLOCK TABLES

--
-- Dumping data for table `companies`
--
LOCK TABLES `companies` WRITE

/*!40000 ALTER TABLE `companies` DISABLE KEYS */

INSERT INTO `companies` VALUES (2,'t3','EDUCATION','about3','203984567','c3@gmail.com',NULL),(3,'t2','EDUCATION','about3','203984567','c3@gmail.com',NULL),(4,'comp1','DESIGN','good company','129348765','comp1@example.com',NULL),(11,'comp9','DESIGN','good company','129348765','comp1@example.com',NULL),(12,'comp10','DESIGN','good company','129348765','comp1@example.com',NULL),(13,'comp11','DESIGN','good company','129348765','comp1@example.com',NULL),(14,'comp12','DESIGN','good company','129348765','comp1@example.com',NULL),(15,'comp13','DESIGN','good company','129348765','comp1@example.com',NULL),(16,'company99','DESIGN','lakjsdbva','PHONE_NUMBER','email@gmail.com',NULL),(17,'comp15','DESIGN','good company','129348765','comp1@example.com',NULL),(18,'comp70','DESIGN','kjahrg','PHONE_NUMBER','email@gmail.com',NULL),(19,'company-title1','DESIGN','good company 1','203985723','company1@example.com','img.img')

/*!40000 ALTER TABLE `companies` ENABLE KEYS */

UNLOCK TABLES

--
-- Dumping data for table `programmes`
--
LOCK TABLES `programmes` WRITE

/*!40000 ALTER TABLE `programmes` DISABLE KEYS */

/*!40000 ALTER TABLE `programmes` ENABLE KEYS */

UNLOCK TABLES

--
-- Dumping data for table `recruiters`
--
LOCK TABLES `recruiters` WRITE

/*!40000 ALTER TABLE `recruiters` DISABLE KEYS */

INSERT INTO `recruiters` VALUES (12,'Vasile','Rotaru',12,14,'vr@example.com'),(13,'Vasile1','Rotaru1',13,15,'vr@example.com'),(14,'Vasile2','Rotaru2',14,17,'vr2@example.com'),(15,'Munteanu','Ecaterina',22,19,'ecaterina@gmail.com')

/*!40000 ALTER TABLE `recruiters` ENABLE KEYS */

UNLOCK TABLES

--
-- Dumping data for table `users`
--
LOCK TABLES `users` WRITE

/*!40000 ALTER TABLE `users` DISABLE KEYS */

INSERT INTO `users` VALUES (1,'username1','password1','2023-12-12',''),(2,'username3','password1','2023-12-12',''),(3,'username2','password2','2023-12-12',''),(4,'username4','password2','2023-12-12',''),(7,'user9','passw5','2023-12-24',''),(9,'user10','passw5','2023-12-24',''),(11,'user11','passw5','2023-12-24',''),(12,'user12','passw5','2023-12-24',''),(13,'user13','passw5','2023-12-24',''),(14,'user14','password6','2023-10-12','RECRUITER'),(18,'user15','p1','2023-10-12','APPLICANT'),(20,'user16','p2','2023-10-12','APPLICANT'),(22,'user17','p3','2023-10-12','RECRUITER')

/*!40000 ALTER TABLE `users` ENABLE KEYS */

UNLOCK TABLES

/*!40103 SET TIME_ZONE=@OLD_TIME_ZONE */

/*!40101 SET SQL_MODE=@OLD_SQL_MODE */

/*!40014 SET FOREIGN_KEY_CHECKS=@OLD_FOREIGN_KEY_CHECKS */

/*!40014 SET UNIQUE_CHECKS=@OLD_UNIQUE_CHECKS */

/*!40101 SET CHARACTER_SET_CLIENT=@OLD_CHARACTER_SET_CLIENT */

/*!40101 SET CHARACTER_SET_RESULTS=@OLD_CHARACTER_SET_RESULTS */

/*!40101 SET COLLATION_CONNECTION=@OLD_COLLATION_CONNECTION */

/*!40111 SET SQL_NOTES=@OLD_SQL_NOTES */

-- Dump completed on 2023-10-13 16:25:20
Tabelul s-a creat!
findByName
CREATE DATABASE  IF NOT EXISTS `practicatest` /*!40100 DEFAULT CHARACTER SET utf8mb3 */ /*!80016 DEFAULT ENCRYPTION='N' */

USE `practicatest`

-- MySQL dump 10.13  Distrib 8.0.34, for Win64 (x86_64)
--
-- Host: localhost    Database: practica
-- ------------------------------------------------------
-- Server version	8.0.34
/*!40101 SET @OLD_CHARACTER_SET_CLIENT=@@CHARACTER_SET_CLIENT */

/*!40101 SET @OLD_CHARACTER_SET_RESULTS=@@CHARACTER_SET_RESULTS */

/*!40101 SET @OLD_COLLATION_CONNECTION=@@COLLATION_CONNECTION */

/*!50503 SET NAMES utf8 */

/*!40103 SET @OLD_TIME_ZONE=@@TIME_ZONE */

/*!40103 SET TIME_ZONE='+00:00' */

/*!40014 SET @OLD_UNIQUE_CHECKS=@@UNIQUE_CHECKS, UNIQUE_CHECKS=0 */

/*!40014 SET @OLD_FOREIGN_KEY_CHECKS=@@FOREIGN_KEY_CHECKS, FOREIGN_KEY_CHECKS=0 */

/*!40101 SET @OLD_SQL_MODE=@@SQL_MODE, SQL_MODE='NO_AUTO_VALUE_ON_ZERO' */

/*!40111 SET @OLD_SQL_NOTES=@@SQL_NOTES, SQL_NOTES=0 */

--
-- Table structure for table `applicants`
--
DROP TABLE IF EXISTS `applicants`

/*!40101 SET @saved_cs_client     = @@character_set_client */

/*!50503 SET character_set_client = utf8mb4 */

CREATE TABLE `applicants` (
  `id` int NOT NULL AUTO_INCREMENT,
  `name` varchar(45) NOT NULL,
  `surname` varchar(45) NOT NULL,
  `age` int NOT NULL,
  `a_status` varchar(45) NOT NULL,
  `domain` varchar(45) NOT NULL,
  `cv` varchar(45) NOT NULL,
  `user_id` int NOT NULL,
  `email` varchar(45) NOT NULL,
  `phone_number` varchar(45) NOT NULL,
  PRIMARY KEY (`id`),
  KEY `fk_applicant_user_idx` (`user_id`),
  CONSTRAINT `fk_applicant_user` FOREIGN KEY (`user_id`) REFERENCES `users` (`id`)
) ENGINE=InnoDB AUTO_INCREMENT=6 DEFAULT CHARSET=utf8mb4 COLLATE=utf8mb4_0900_ai_ci

/*!40101 SET character_set_client = @saved_cs_client */

--
-- Table structure for table `applications`
--
DROP TABLE IF EXISTS `applications`

/*!40101 SET @saved_cs_client     = @@character_set_client */

/*!50503 SET character_set_client = utf8mb4 */

CREATE TABLE `applications` (
  `id` int NOT NULL AUTO_INCREMENT,
  `applicant_id` int NOT NULL,
  `programme_id` int NOT NULL,
  `application_date` date NOT NULL,
  `cv` varchar(45) NOT NULL,
  `phone_number` varchar(45) NOT NULL,
  `email` varchar(45) NOT NULL,
  `institution` varchar(45) DEFAULT NULL,
  PRIMARY KEY (`id`),
  KEY `fk_application_applicant_idx` (`applicant_id`),
  KEY `fk_application_programme_idx` (`programme_id`),
  CONSTRAINT `fk_application_applicant` FOREIGN KEY (`applicant_id`) REFERENCES `applicants` (`id`),
  CONSTRAINT `fk_application_programme` FOREIGN KEY (`programme_id`) REFERENCES `programmes` (`id`)
) ENGINE=InnoDB DEFAULT CHARSET=utf8mb4 COLLATE=utf8mb4_0900_ai_ci

/*!40101 SET character_set_client = @saved_cs_client */

--
-- Table structure for table `companies`
--
DROP TABLE IF EXISTS `companies`

/*!40101 SET @saved_cs_client     = @@character_set_client */

/*!50503 SET character_set_client = utf8mb4 */

CREATE TABLE `companies` (
  `id` int NOT NULL AUTO_INCREMENT,
  `title` varchar(45) NOT NULL,
  `domain` varchar(45) NOT NULL,
  `about` mediumtext NOT NULL,
  `phone_number` varchar(45) NOT NULL,
  `email` varchar(45) NOT NULL,
  `img_path` varchar(80) DEFAULT NULL,
  PRIMARY KEY (`id`),
  UNIQUE KEY `title_UNIQUE` (`title`)
) ENGINE=InnoDB AUTO_INCREMENT=20 DEFAULT CHARSET=utf8mb4 COLLATE=utf8mb4_0900_ai_ci

/*!40101 SET character_set_client = @saved_cs_client */

--
-- Table structure for table `programmes`
--
DROP TABLE IF EXISTS `programmes`

/*!40101 SET @saved_cs_client     = @@character_set_client */

/*!50503 SET character_set_client = utf8mb4 */

CREATE TABLE `programmes` (
  `id` int NOT NULL AUTO_INCREMENT,
  `title` varchar(45) NOT NULL,
  `domain` varchar(45) NOT NULL,
  `start_data` date NOT NULL,
  `duration` varchar(45) NOT NULL,
  `company_id` int NOT NULL,
  `duties` mediumtext NOT NULL,
  `qualifications` mediumtext NOT NULL,
  `benefits` mediumtext NOT NULL,
  `location` varchar(80) NOT NULL,
  `paid` tinyint NOT NULL,
  PRIMARY KEY (`id`),
  KEY `fk_programme_company_idx` (`company_id`),
  CONSTRAINT `fk_programme_company` FOREIGN KEY (`company_id`) REFERENCES `companies` (`id`)
) ENGINE=InnoDB DEFAULT CHARSET=utf8mb4 COLLATE=utf8mb4_0900_ai_ci

/*!40101 SET character_set_client = @saved_cs_client */

--
-- Table structure for table `recruiters`
--
DROP TABLE IF EXISTS `recruiters`

/*!40101 SET @saved_cs_client     = @@character_set_client */

/*!50503 SET character_set_client = utf8mb4 */

CREATE TABLE `recruiters` (
  `id` int NOT NULL AUTO_INCREMENT,
  `name` varchar(45) NOT NULL,
  `surname` varchar(45) NOT NULL,
  `user_id` int NOT NULL,
  `company_id` int NOT NULL,
  `email` varchar(45) NOT NULL,
  PRIMARY KEY (`id`),
  KEY `fk_recruiter_user_idx` (`user_id`),
  KEY `fk_recruiter_company_idx` (`company_id`),
  CONSTRAINT `fk_recruiter_company` FOREIGN KEY (`company_id`) REFERENCES `companies` (`id`),
  CONSTRAINT `fk_recruiter_user` FOREIGN KEY (`user_id`) REFERENCES `users` (`id`)
) ENGINE=InnoDB AUTO_INCREMENT=16 DEFAULT CHARSET=utf8mb4 COLLATE=utf8mb4_0900_ai_ci

/*!40101 SET character_set_client = @saved_cs_client */

--
-- Table structure for table `users`
--
DROP TABLE IF EXISTS `users`

/*!40101 SET @saved_cs_client     = @@character_set_client */

/*!50503 SET character_set_client = utf8mb4 */

CREATE TABLE `users` (
  `id` int NOT NULL AUTO_INCREMENT,
  `username` varchar(45) NOT NULL,
  `password` varchar(45) NOT NULL,
  `register_date` date NOT NULL,
  `role` varchar(45) NOT NULL,
  PRIMARY KEY (`id`),
  UNIQUE KEY `username_UNIQUE` (`username`)
) ENGINE=InnoDB AUTO_INCREMENT=23 DEFAULT CHARSET=utf8mb4 COLLATE=utf8mb4_0900_ai_ci

/*!40101 SET character_set_client = @saved_cs_client */

/*!40103 SET TIME_ZONE=@OLD_TIME_ZONE */

/*!40101 SET SQL_MODE=@OLD_SQL_MODE */

/*!40014 SET FOREIGN_KEY_CHECKS=@OLD_FOREIGN_KEY_CHECKS */

/*!40014 SET UNIQUE_CHECKS=@OLD_UNIQUE_CHECKS */

/*!40101 SET CHARACTER_SET_CLIENT=@OLD_CHARACTER_SET_CLIENT */

/*!40101 SET CHARACTER_SET_RESULTS=@OLD_CHARACTER_SET_RESULTS */

/*!40101 SET COLLATION_CONNECTION=@OLD_COLLATION_CONNECTION */

/*!40111 SET SQL_NOTES=@OLD_SQL_NOTES */

-- Dump completed on 2023-10-13 16:24:46
USE `practicatest`

-- MySQL dump 10.13  Distrib 8.0.34, for Win64 (x86_64)
--
-- Host: localhost    Database: practica
-- ------------------------------------------------------
-- Server version	8.0.34
/*!40101 SET @OLD_CHARACTER_SET_CLIENT=@@CHARACTER_SET_CLIENT */

/*!40101 SET @OLD_CHARACTER_SET_RESULTS=@@CHARACTER_SET_RESULTS */

/*!40101 SET @OLD_COLLATION_CONNECTION=@@COLLATION_CONNECTION */

/*!50503 SET NAMES utf8 */

/*!40103 SET @OLD_TIME_ZONE=@@TIME_ZONE */

/*!40103 SET TIME_ZONE='+00:00' */

/*!40014 SET @OLD_UNIQUE_CHECKS=@@UNIQUE_CHECKS, UNIQUE_CHECKS=0 */

/*!40014 SET @OLD_FOREIGN_KEY_CHECKS=@@FOREIGN_KEY_CHECKS, FOREIGN_KEY_CHECKS=0 */

/*!40101 SET @OLD_SQL_MODE=@@SQL_MODE, SQL_MODE='NO_AUTO_VALUE_ON_ZERO' */

/*!40111 SET @OLD_SQL_NOTES=@@SQL_NOTES, SQL_NOTES=0 */

--
-- Dumping data for table `applicants`
--
LOCK TABLES `applicants` WRITE

/*!40000 ALTER TABLE `applicants` DISABLE KEYS */

INSERT INTO `applicants` VALUES (1,'a1','ap1',20,'STUDENT','DESIGN','cvFile1',2,'a@gmail.com','03203985'),(2,'a2','ap2',20,'STUDENT','DESIGN','cvFile2',3,'a@gmail.com','03203985'),(3,'a2','ap2',20,'STUDENT','DESIGN','cvFile2',4,'a@gmail.com','03203985'),(4,'applicant1','surname1',20,'STUDENT','DESIGN','cvFile1',18,'a1@gmail.com','94376-2983'),(5,'applicant2','surname2',20,'UNEMPLOYED','IT','cvFile2',20,'a1@gmail.com','94376-2983')

/*!40000 ALTER TABLE `applicants` ENABLE KEYS */

UNLOCK TABLES

--
-- Dumping data for table `applications`
--
LOCK TABLES `applications` WRITE

/*!40000 ALTER TABLE `applications` DISABLE KEYS */

/*!40000 ALTER TABLE `applications` ENABLE KEYS */

UNLOCK TABLES

--
-- Dumping data for table `companies`
--
LOCK TABLES `companies` WRITE

/*!40000 ALTER TABLE `companies` DISABLE KEYS */

INSERT INTO `companies` VALUES (2,'t3','EDUCATION','about3','203984567','c3@gmail.com',NULL),(3,'t2','EDUCATION','about3','203984567','c3@gmail.com',NULL),(4,'comp1','DESIGN','good company','129348765','comp1@example.com',NULL),(11,'comp9','DESIGN','good company','129348765','comp1@example.com',NULL),(12,'comp10','DESIGN','good company','129348765','comp1@example.com',NULL),(13,'comp11','DESIGN','good company','129348765','comp1@example.com',NULL),(14,'comp12','DESIGN','good company','129348765','comp1@example.com',NULL),(15,'comp13','DESIGN','good company','129348765','comp1@example.com',NULL),(16,'company99','DESIGN','lakjsdbva','PHONE_NUMBER','email@gmail.com',NULL),(17,'comp15','DESIGN','good company','129348765','comp1@example.com',NULL),(18,'comp70','DESIGN','kjahrg','PHONE_NUMBER','email@gmail.com',NULL),(19,'company-title1','DESIGN','good company 1','203985723','company1@example.com','img.img')

/*!40000 ALTER TABLE `companies` ENABLE KEYS */

UNLOCK TABLES

--
-- Dumping data for table `programmes`
--
LOCK TABLES `programmes` WRITE

/*!40000 ALTER TABLE `programmes` DISABLE KEYS */

/*!40000 ALTER TABLE `programmes` ENABLE KEYS */

UNLOCK TABLES

--
-- Dumping data for table `recruiters`
--
LOCK TABLES `recruiters` WRITE

/*!40000 ALTER TABLE `recruiters` DISABLE KEYS */

INSERT INTO `recruiters` VALUES (12,'Vasile','Rotaru',12,14,'vr@example.com'),(13,'Vasile1','Rotaru1',13,15,'vr@example.com'),(14,'Vasile2','Rotaru2',14,17,'vr2@example.com'),(15,'Munteanu','Ecaterina',22,19,'ecaterina@gmail.com')

/*!40000 ALTER TABLE `recruiters` ENABLE KEYS */

UNLOCK TABLES

--
-- Dumping data for table `users`
--
LOCK TABLES `users` WRITE

/*!40000 ALTER TABLE `users` DISABLE KEYS */

INSERT INTO `users` VALUES (1,'username1','password1','2023-12-12',''),(2,'username3','password1','2023-12-12',''),(3,'username2','password2','2023-12-12',''),(4,'username4','password2','2023-12-12',''),(7,'user9','passw5','2023-12-24',''),(9,'user10','passw5','2023-12-24',''),(11,'user11','passw5','2023-12-24',''),(12,'user12','passw5','2023-12-24',''),(13,'user13','passw5','2023-12-24',''),(14,'user14','password6','2023-10-12','RECRUITER'),(18,'user15','p1','2023-10-12','APPLICANT'),(20,'user16','p2','2023-10-12','APPLICANT'),(22,'user17','p3','2023-10-12','RECRUITER')

/*!40000 ALTER TABLE `users` ENABLE KEYS */

UNLOCK TABLES

/*!40103 SET TIME_ZONE=@OLD_TIME_ZONE */

/*!40101 SET SQL_MODE=@OLD_SQL_MODE */

/*!40014 SET FOREIGN_KEY_CHECKS=@OLD_FOREIGN_KEY_CHECKS */

/*!40014 SET UNIQUE_CHECKS=@OLD_UNIQUE_CHECKS */

/*!40101 SET CHARACTER_SET_CLIENT=@OLD_CHARACTER_SET_CLIENT */

/*!40101 SET CHARACTER_SET_RESULTS=@OLD_CHARACTER_SET_RESULTS */

/*!40101 SET COLLATION_CONNECTION=@OLD_COLLATION_CONNECTION */

/*!40111 SET SQL_NOTES=@OLD_SQL_NOTES */

-- Dump completed on 2023-10-13 16:25:20
Tabelul s-a creat!
findById
CREATE DATABASE  IF NOT EXISTS `practicatest` /*!40100 DEFAULT CHARACTER SET utf8mb3 */ /*!80016 DEFAULT ENCRYPTION='N' */

USE `practicatest`

-- MySQL dump 10.13  Distrib 8.0.34, for Win64 (x86_64)
--
-- Host: localhost    Database: practica
-- ------------------------------------------------------
-- Server version	8.0.34
/*!40101 SET @OLD_CHARACTER_SET_CLIENT=@@CHARACTER_SET_CLIENT */

/*!40101 SET @OLD_CHARACTER_SET_RESULTS=@@CHARACTER_SET_RESULTS */

/*!40101 SET @OLD_COLLATION_CONNECTION=@@COLLATION_CONNECTION */

/*!50503 SET NAMES utf8 */

/*!40103 SET @OLD_TIME_ZONE=@@TIME_ZONE */

/*!40103 SET TIME_ZONE='+00:00' */

/*!40014 SET @OLD_UNIQUE_CHECKS=@@UNIQUE_CHECKS, UNIQUE_CHECKS=0 */

/*!40014 SET @OLD_FOREIGN_KEY_CHECKS=@@FOREIGN_KEY_CHECKS, FOREIGN_KEY_CHECKS=0 */

/*!40101 SET @OLD_SQL_MODE=@@SQL_MODE, SQL_MODE='NO_AUTO_VALUE_ON_ZERO' */

/*!40111 SET @OLD_SQL_NOTES=@@SQL_NOTES, SQL_NOTES=0 */

--
-- Table structure for table `applicants`
--
DROP TABLE IF EXISTS `applicants`

/*!40101 SET @saved_cs_client     = @@character_set_client */

/*!50503 SET character_set_client = utf8mb4 */

CREATE TABLE `applicants` (
  `id` int NOT NULL AUTO_INCREMENT,
  `name` varchar(45) NOT NULL,
  `surname` varchar(45) NOT NULL,
  `age` int NOT NULL,
  `a_status` varchar(45) NOT NULL,
  `domain` varchar(45) NOT NULL,
  `cv` varchar(45) NOT NULL,
  `user_id` int NOT NULL,
  `email` varchar(45) NOT NULL,
  `phone_number` varchar(45) NOT NULL,
  PRIMARY KEY (`id`),
  KEY `fk_applicant_user_idx` (`user_id`),
  CONSTRAINT `fk_applicant_user` FOREIGN KEY (`user_id`) REFERENCES `users` (`id`)
) ENGINE=InnoDB AUTO_INCREMENT=6 DEFAULT CHARSET=utf8mb4 COLLATE=utf8mb4_0900_ai_ci

/*!40101 SET character_set_client = @saved_cs_client */

--
-- Table structure for table `applications`
--
DROP TABLE IF EXISTS `applications`

/*!40101 SET @saved_cs_client     = @@character_set_client */

/*!50503 SET character_set_client = utf8mb4 */

CREATE TABLE `applications` (
  `id` int NOT NULL AUTO_INCREMENT,
  `applicant_id` int NOT NULL,
  `programme_id` int NOT NULL,
  `application_date` date NOT NULL,
  `cv` varchar(45) NOT NULL,
  `phone_number` varchar(45) NOT NULL,
  `email` varchar(45) NOT NULL,
  `institution` varchar(45) DEFAULT NULL,
  PRIMARY KEY (`id`),
  KEY `fk_application_applicant_idx` (`applicant_id`),
  KEY `fk_application_programme_idx` (`programme_id`),
  CONSTRAINT `fk_application_applicant` FOREIGN KEY (`applicant_id`) REFERENCES `applicants` (`id`),
  CONSTRAINT `fk_application_programme` FOREIGN KEY (`programme_id`) REFERENCES `programmes` (`id`)
) ENGINE=InnoDB DEFAULT CHARSET=utf8mb4 COLLATE=utf8mb4_0900_ai_ci

/*!40101 SET character_set_client = @saved_cs_client */

--
-- Table structure for table `companies`
--
DROP TABLE IF EXISTS `companies`

/*!40101 SET @saved_cs_client     = @@character_set_client */

/*!50503 SET character_set_client = utf8mb4 */

CREATE TABLE `companies` (
  `id` int NOT NULL AUTO_INCREMENT,
  `title` varchar(45) NOT NULL,
  `domain` varchar(45) NOT NULL,
  `about` mediumtext NOT NULL,
  `phone_number` varchar(45) NOT NULL,
  `email` varchar(45) NOT NULL,
  `img_path` varchar(80) DEFAULT NULL,
  PRIMARY KEY (`id`),
  UNIQUE KEY `title_UNIQUE` (`title`)
) ENGINE=InnoDB AUTO_INCREMENT=20 DEFAULT CHARSET=utf8mb4 COLLATE=utf8mb4_0900_ai_ci

/*!40101 SET character_set_client = @saved_cs_client */

--
-- Table structure for table `programmes`
--
DROP TABLE IF EXISTS `programmes`

/*!40101 SET @saved_cs_client     = @@character_set_client */

/*!50503 SET character_set_client = utf8mb4 */

CREATE TABLE `programmes` (
  `id` int NOT NULL AUTO_INCREMENT,
  `title` varchar(45) NOT NULL,
  `domain` varchar(45) NOT NULL,
  `start_data` date NOT NULL,
  `duration` varchar(45) NOT NULL,
  `company_id` int NOT NULL,
  `duties` mediumtext NOT NULL,
  `qualifications` mediumtext NOT NULL,
  `benefits` mediumtext NOT NULL,
  `location` varchar(80) NOT NULL,
  `paid` tinyint NOT NULL,
  PRIMARY KEY (`id`),
  KEY `fk_programme_company_idx` (`company_id`),
  CONSTRAINT `fk_programme_company` FOREIGN KEY (`company_id`) REFERENCES `companies` (`id`)
) ENGINE=InnoDB DEFAULT CHARSET=utf8mb4 COLLATE=utf8mb4_0900_ai_ci

/*!40101 SET character_set_client = @saved_cs_client */

--
-- Table structure for table `recruiters`
--
DROP TABLE IF EXISTS `recruiters`

/*!40101 SET @saved_cs_client     = @@character_set_client */

/*!50503 SET character_set_client = utf8mb4 */

CREATE TABLE `recruiters` (
  `id` int NOT NULL AUTO_INCREMENT,
  `name` varchar(45) NOT NULL,
  `surname` varchar(45) NOT NULL,
  `user_id` int NOT NULL,
  `company_id` int NOT NULL,
  `email` varchar(45) NOT NULL,
  PRIMARY KEY (`id`),
  KEY `fk_recruiter_user_idx` (`user_id`),
  KEY `fk_recruiter_company_idx` (`company_id`),
  CONSTRAINT `fk_recruiter_company` FOREIGN KEY (`company_id`) REFERENCES `companies` (`id`),
  CONSTRAINT `fk_recruiter_user` FOREIGN KEY (`user_id`) REFERENCES `users` (`id`)
) ENGINE=InnoDB AUTO_INCREMENT=16 DEFAULT CHARSET=utf8mb4 COLLATE=utf8mb4_0900_ai_ci

/*!40101 SET character_set_client = @saved_cs_client */

--
-- Table structure for table `users`
--
DROP TABLE IF EXISTS `users`

/*!40101 SET @saved_cs_client     = @@character_set_client */

/*!50503 SET character_set_client = utf8mb4 */

CREATE TABLE `users` (
  `id` int NOT NULL AUTO_INCREMENT,
  `username` varchar(45) NOT NULL,
  `password` varchar(45) NOT NULL,
  `register_date` date NOT NULL,
  `role` varchar(45) NOT NULL,
  PRIMARY KEY (`id`),
  UNIQUE KEY `username_UNIQUE` (`username`)
) ENGINE=InnoDB AUTO_INCREMENT=23 DEFAULT CHARSET=utf8mb4 COLLATE=utf8mb4_0900_ai_ci

/*!40101 SET character_set_client = @saved_cs_client */

/*!40103 SET TIME_ZONE=@OLD_TIME_ZONE */

/*!40101 SET SQL_MODE=@OLD_SQL_MODE */

/*!40014 SET FOREIGN_KEY_CHECKS=@OLD_FOREIGN_KEY_CHECKS */

/*!40014 SET UNIQUE_CHECKS=@OLD_UNIQUE_CHECKS */

/*!40101 SET CHARACTER_SET_CLIENT=@OLD_CHARACTER_SET_CLIENT */

/*!40101 SET CHARACTER_SET_RESULTS=@OLD_CHARACTER_SET_RESULTS */

/*!40101 SET COLLATION_CONNECTION=@OLD_COLLATION_CONNECTION */

/*!40111 SET SQL_NOTES=@OLD_SQL_NOTES */

-- Dump completed on 2023-10-13 16:24:46
USE `practicatest`

-- MySQL dump 10.13  Distrib 8.0.34, for Win64 (x86_64)
--
-- Host: localhost    Database: practica
-- ------------------------------------------------------
-- Server version	8.0.34
/*!40101 SET @OLD_CHARACTER_SET_CLIENT=@@CHARACTER_SET_CLIENT */

/*!40101 SET @OLD_CHARACTER_SET_RESULTS=@@CHARACTER_SET_RESULTS */

/*!40101 SET @OLD_COLLATION_CONNECTION=@@COLLATION_CONNECTION */

/*!50503 SET NAMES utf8 */

/*!40103 SET @OLD_TIME_ZONE=@@TIME_ZONE */

/*!40103 SET TIME_ZONE='+00:00' */

/*!40014 SET @OLD_UNIQUE_CHECKS=@@UNIQUE_CHECKS, UNIQUE_CHECKS=0 */

/*!40014 SET @OLD_FOREIGN_KEY_CHECKS=@@FOREIGN_KEY_CHECKS, FOREIGN_KEY_CHECKS=0 */

/*!40101 SET @OLD_SQL_MODE=@@SQL_MODE, SQL_MODE='NO_AUTO_VALUE_ON_ZERO' */

/*!40111 SET @OLD_SQL_NOTES=@@SQL_NOTES, SQL_NOTES=0 */

--
-- Dumping data for table `applicants`
--
LOCK TABLES `applicants` WRITE

/*!40000 ALTER TABLE `applicants` DISABLE KEYS */

INSERT INTO `applicants` VALUES (1,'a1','ap1',20,'STUDENT','DESIGN','cvFile1',2,'a@gmail.com','03203985'),(2,'a2','ap2',20,'STUDENT','DESIGN','cvFile2',3,'a@gmail.com','03203985'),(3,'a2','ap2',20,'STUDENT','DESIGN','cvFile2',4,'a@gmail.com','03203985'),(4,'applicant1','surname1',20,'STUDENT','DESIGN','cvFile1',18,'a1@gmail.com','94376-2983'),(5,'applicant2','surname2',20,'UNEMPLOYED','IT','cvFile2',20,'a1@gmail.com','94376-2983')

/*!40000 ALTER TABLE `applicants` ENABLE KEYS */

UNLOCK TABLES

--
-- Dumping data for table `applications`
--
LOCK TABLES `applications` WRITE

/*!40000 ALTER TABLE `applications` DISABLE KEYS */

/*!40000 ALTER TABLE `applications` ENABLE KEYS */

UNLOCK TABLES

--
-- Dumping data for table `companies`
--
LOCK TABLES `companies` WRITE

/*!40000 ALTER TABLE `companies` DISABLE KEYS */

INSERT INTO `companies` VALUES (2,'t3','EDUCATION','about3','203984567','c3@gmail.com',NULL),(3,'t2','EDUCATION','about3','203984567','c3@gmail.com',NULL),(4,'comp1','DESIGN','good company','129348765','comp1@example.com',NULL),(11,'comp9','DESIGN','good company','129348765','comp1@example.com',NULL),(12,'comp10','DESIGN','good company','129348765','comp1@example.com',NULL),(13,'comp11','DESIGN','good company','129348765','comp1@example.com',NULL),(14,'comp12','DESIGN','good company','129348765','comp1@example.com',NULL),(15,'comp13','DESIGN','good company','129348765','comp1@example.com',NULL),(16,'company99','DESIGN','lakjsdbva','PHONE_NUMBER','email@gmail.com',NULL),(17,'comp15','DESIGN','good company','129348765','comp1@example.com',NULL),(18,'comp70','DESIGN','kjahrg','PHONE_NUMBER','email@gmail.com',NULL),(19,'company-title1','DESIGN','good company 1','203985723','company1@example.com','img.img')

/*!40000 ALTER TABLE `companies` ENABLE KEYS */

UNLOCK TABLES

--
-- Dumping data for table `programmes`
--
LOCK TABLES `programmes` WRITE

/*!40000 ALTER TABLE `programmes` DISABLE KEYS */

/*!40000 ALTER TABLE `programmes` ENABLE KEYS */

UNLOCK TABLES

--
-- Dumping data for table `recruiters`
--
LOCK TABLES `recruiters` WRITE

/*!40000 ALTER TABLE `recruiters` DISABLE KEYS */

INSERT INTO `recruiters` VALUES (12,'Vasile','Rotaru',12,14,'vr@example.com'),(13,'Vasile1','Rotaru1',13,15,'vr@example.com'),(14,'Vasile2','Rotaru2',14,17,'vr2@example.com'),(15,'Munteanu','Ecaterina',22,19,'ecaterina@gmail.com')

/*!40000 ALTER TABLE `recruiters` ENABLE KEYS */

UNLOCK TABLES

--
-- Dumping data for table `users`
--
LOCK TABLES `users` WRITE

/*!40000 ALTER TABLE `users` DISABLE KEYS */

INSERT INTO `users` VALUES (1,'username1','password1','2023-12-12',''),(2,'username3','password1','2023-12-12',''),(3,'username2','password2','2023-12-12',''),(4,'username4','password2','2023-12-12',''),(7,'user9','passw5','2023-12-24',''),(9,'user10','passw5','2023-12-24',''),(11,'user11','passw5','2023-12-24',''),(12,'user12','passw5','2023-12-24',''),(13,'user13','passw5','2023-12-24',''),(14,'user14','password6','2023-10-12','RECRUITER'),(18,'user15','p1','2023-10-12','APPLICANT'),(20,'user16','p2','2023-10-12','APPLICANT'),(22,'user17','p3','2023-10-12','RECRUITER')

/*!40000 ALTER TABLE `users` ENABLE KEYS */

UNLOCK TABLES

/*!40103 SET TIME_ZONE=@OLD_TIME_ZONE */

/*!40101 SET SQL_MODE=@OLD_SQL_MODE */

/*!40014 SET FOREIGN_KEY_CHECKS=@OLD_FOREIGN_KEY_CHECKS */

/*!40014 SET UNIQUE_CHECKS=@OLD_UNIQUE_CHECKS */

/*!40101 SET CHARACTER_SET_CLIENT=@OLD_CHARACTER_SET_CLIENT */

/*!40101 SET CHARACTER_SET_RESULTS=@OLD_CHARACTER_SET_RESULTS */

/*!40101 SET COLLATION_CONNECTION=@OLD_COLLATION_CONNECTION */

/*!40111 SET SQL_NOTES=@OLD_SQL_NOTES */

-- Dump completed on 2023-10-13 16:25:20
Tabelul s-a creat!
delete
CREATE DATABASE  IF NOT EXISTS `practicatest` /*!40100 DEFAULT CHARACTER SET utf8mb3 */ /*!80016 DEFAULT ENCRYPTION='N' */

USE `practicatest`

-- MySQL dump 10.13  Distrib 8.0.34, for Win64 (x86_64)
--
-- Host: localhost    Database: practica
-- ------------------------------------------------------
-- Server version	8.0.34
/*!40101 SET @OLD_CHARACTER_SET_CLIENT=@@CHARACTER_SET_CLIENT */

/*!40101 SET @OLD_CHARACTER_SET_RESULTS=@@CHARACTER_SET_RESULTS */

/*!40101 SET @OLD_COLLATION_CONNECTION=@@COLLATION_CONNECTION */

/*!50503 SET NAMES utf8 */

/*!40103 SET @OLD_TIME_ZONE=@@TIME_ZONE */

/*!40103 SET TIME_ZONE='+00:00' */

/*!40014 SET @OLD_UNIQUE_CHECKS=@@UNIQUE_CHECKS, UNIQUE_CHECKS=0 */

/*!40014 SET @OLD_FOREIGN_KEY_CHECKS=@@FOREIGN_KEY_CHECKS, FOREIGN_KEY_CHECKS=0 */

/*!40101 SET @OLD_SQL_MODE=@@SQL_MODE, SQL_MODE='NO_AUTO_VALUE_ON_ZERO' */

/*!40111 SET @OLD_SQL_NOTES=@@SQL_NOTES, SQL_NOTES=0 */

--
-- Table structure for table `applicants`
--
DROP TABLE IF EXISTS `applicants`

/*!40101 SET @saved_cs_client     = @@character_set_client */

/*!50503 SET character_set_client = utf8mb4 */

CREATE TABLE `applicants` (
  `id` int NOT NULL AUTO_INCREMENT,
  `name` varchar(45) NOT NULL,
  `surname` varchar(45) NOT NULL,
  `age` int NOT NULL,
  `a_status` varchar(45) NOT NULL,
  `domain` varchar(45) NOT NULL,
  `cv` varchar(45) NOT NULL,
  `user_id` int NOT NULL,
  `email` varchar(45) NOT NULL,
  `phone_number` varchar(45) NOT NULL,
  PRIMARY KEY (`id`),
  KEY `fk_applicant_user_idx` (`user_id`),
  CONSTRAINT `fk_applicant_user` FOREIGN KEY (`user_id`) REFERENCES `users` (`id`)
) ENGINE=InnoDB AUTO_INCREMENT=6 DEFAULT CHARSET=utf8mb4 COLLATE=utf8mb4_0900_ai_ci

/*!40101 SET character_set_client = @saved_cs_client */

--
-- Table structure for table `applications`
--
DROP TABLE IF EXISTS `applications`

/*!40101 SET @saved_cs_client     = @@character_set_client */

/*!50503 SET character_set_client = utf8mb4 */

CREATE TABLE `applications` (
  `id` int NOT NULL AUTO_INCREMENT,
  `applicant_id` int NOT NULL,
  `programme_id` int NOT NULL,
  `application_date` date NOT NULL,
  `cv` varchar(45) NOT NULL,
  `phone_number` varchar(45) NOT NULL,
  `email` varchar(45) NOT NULL,
  `institution` varchar(45) DEFAULT NULL,
  PRIMARY KEY (`id`),
  KEY `fk_application_applicant_idx` (`applicant_id`),
  KEY `fk_application_programme_idx` (`programme_id`),
  CONSTRAINT `fk_application_applicant` FOREIGN KEY (`applicant_id`) REFERENCES `applicants` (`id`),
  CONSTRAINT `fk_application_programme` FOREIGN KEY (`programme_id`) REFERENCES `programmes` (`id`)
) ENGINE=InnoDB DEFAULT CHARSET=utf8mb4 COLLATE=utf8mb4_0900_ai_ci

/*!40101 SET character_set_client = @saved_cs_client */

--
-- Table structure for table `companies`
--
DROP TABLE IF EXISTS `companies`

/*!40101 SET @saved_cs_client     = @@character_set_client */

/*!50503 SET character_set_client = utf8mb4 */

CREATE TABLE `companies` (
  `id` int NOT NULL AUTO_INCREMENT,
  `title` varchar(45) NOT NULL,
  `domain` varchar(45) NOT NULL,
  `about` mediumtext NOT NULL,
  `phone_number` varchar(45) NOT NULL,
  `email` varchar(45) NOT NULL,
  `img_path` varchar(80) DEFAULT NULL,
  PRIMARY KEY (`id`),
  UNIQUE KEY `title_UNIQUE` (`title`)
) ENGINE=InnoDB AUTO_INCREMENT=20 DEFAULT CHARSET=utf8mb4 COLLATE=utf8mb4_0900_ai_ci

/*!40101 SET character_set_client = @saved_cs_client */

--
-- Table structure for table `programmes`
--
DROP TABLE IF EXISTS `programmes`

/*!40101 SET @saved_cs_client     = @@character_set_client */

/*!50503 SET character_set_client = utf8mb4 */

CREATE TABLE `programmes` (
  `id` int NOT NULL AUTO_INCREMENT,
  `title` varchar(45) NOT NULL,
  `domain` varchar(45) NOT NULL,
  `start_data` date NOT NULL,
  `duration` varchar(45) NOT NULL,
  `company_id` int NOT NULL,
  `duties` mediumtext NOT NULL,
  `qualifications` mediumtext NOT NULL,
  `benefits` mediumtext NOT NULL,
  `location` varchar(80) NOT NULL,
  `paid` tinyint NOT NULL,
  PRIMARY KEY (`id`),
  KEY `fk_programme_company_idx` (`company_id`),
  CONSTRAINT `fk_programme_company` FOREIGN KEY (`company_id`) REFERENCES `companies` (`id`)
) ENGINE=InnoDB DEFAULT CHARSET=utf8mb4 COLLATE=utf8mb4_0900_ai_ci

/*!40101 SET character_set_client = @saved_cs_client */

--
-- Table structure for table `recruiters`
--
DROP TABLE IF EXISTS `recruiters`

/*!40101 SET @saved_cs_client     = @@character_set_client */

/*!50503 SET character_set_client = utf8mb4 */

CREATE TABLE `recruiters` (
  `id` int NOT NULL AUTO_INCREMENT,
  `name` varchar(45) NOT NULL,
  `surname` varchar(45) NOT NULL,
  `user_id` int NOT NULL,
  `company_id` int NOT NULL,
  `email` varchar(45) NOT NULL,
  PRIMARY KEY (`id`),
  KEY `fk_recruiter_user_idx` (`user_id`),
  KEY `fk_recruiter_company_idx` (`company_id`),
  CONSTRAINT `fk_recruiter_company` FOREIGN KEY (`company_id`) REFERENCES `companies` (`id`),
  CONSTRAINT `fk_recruiter_user` FOREIGN KEY (`user_id`) REFERENCES `users` (`id`)
) ENGINE=InnoDB AUTO_INCREMENT=16 DEFAULT CHARSET=utf8mb4 COLLATE=utf8mb4_0900_ai_ci

/*!40101 SET character_set_client = @saved_cs_client */

--
-- Table structure for table `users`
--
DROP TABLE IF EXISTS `users`

/*!40101 SET @saved_cs_client     = @@character_set_client */

/*!50503 SET character_set_client = utf8mb4 */

CREATE TABLE `users` (
  `id` int NOT NULL AUTO_INCREMENT,
  `username` varchar(45) NOT NULL,
  `password` varchar(45) NOT NULL,
  `register_date` date NOT NULL,
  `role` varchar(45) NOT NULL,
  PRIMARY KEY (`id`),
  UNIQUE KEY `username_UNIQUE` (`username`)
) ENGINE=InnoDB AUTO_INCREMENT=23 DEFAULT CHARSET=utf8mb4 COLLATE=utf8mb4_0900_ai_ci

/*!40101 SET character_set_client = @saved_cs_client */

/*!40103 SET TIME_ZONE=@OLD_TIME_ZONE */

/*!40101 SET SQL_MODE=@OLD_SQL_MODE */

/*!40014 SET FOREIGN_KEY_CHECKS=@OLD_FOREIGN_KEY_CHECKS */

/*!40014 SET UNIQUE_CHECKS=@OLD_UNIQUE_CHECKS */

/*!40101 SET CHARACTER_SET_CLIENT=@OLD_CHARACTER_SET_CLIENT */

/*!40101 SET CHARACTER_SET_RESULTS=@OLD_CHARACTER_SET_RESULTS */

/*!40101 SET COLLATION_CONNECTION=@OLD_COLLATION_CONNECTION */

/*!40111 SET SQL_NOTES=@OLD_SQL_NOTES */

-- Dump completed on 2023-10-13 16:24:46
USE `practicatest`

-- MySQL dump 10.13  Distrib 8.0.34, for Win64 (x86_64)
--
-- Host: localhost    Database: practica
-- ------------------------------------------------------
-- Server version	8.0.34
/*!40101 SET @OLD_CHARACTER_SET_CLIENT=@@CHARACTER_SET_CLIENT */

/*!40101 SET @OLD_CHARACTER_SET_RESULTS=@@CHARACTER_SET_RESULTS */

/*!40101 SET @OLD_COLLATION_CONNECTION=@@COLLATION_CONNECTION */

/*!50503 SET NAMES utf8 */

/*!40103 SET @OLD_TIME_ZONE=@@TIME_ZONE */

/*!40103 SET TIME_ZONE='+00:00' */

/*!40014 SET @OLD_UNIQUE_CHECKS=@@UNIQUE_CHECKS, UNIQUE_CHECKS=0 */

/*!40014 SET @OLD_FOREIGN_KEY_CHECKS=@@FOREIGN_KEY_CHECKS, FOREIGN_KEY_CHECKS=0 */

/*!40101 SET @OLD_SQL_MODE=@@SQL_MODE, SQL_MODE='NO_AUTO_VALUE_ON_ZERO' */

/*!40111 SET @OLD_SQL_NOTES=@@SQL_NOTES, SQL_NOTES=0 */

--
-- Dumping data for table `applicants`
--
LOCK TABLES `applicants` WRITE

/*!40000 ALTER TABLE `applicants` DISABLE KEYS */

INSERT INTO `applicants` VALUES (1,'a1','ap1',20,'STUDENT','DESIGN','cvFile1',2,'a@gmail.com','03203985'),(2,'a2','ap2',20,'STUDENT','DESIGN','cvFile2',3,'a@gmail.com','03203985'),(3,'a2','ap2',20,'STUDENT','DESIGN','cvFile2',4,'a@gmail.com','03203985'),(4,'applicant1','surname1',20,'STUDENT','DESIGN','cvFile1',18,'a1@gmail.com','94376-2983'),(5,'applicant2','surname2',20,'UNEMPLOYED','IT','cvFile2',20,'a1@gmail.com','94376-2983')

/*!40000 ALTER TABLE `applicants` ENABLE KEYS */

UNLOCK TABLES

--
-- Dumping data for table `applications`
--
LOCK TABLES `applications` WRITE

/*!40000 ALTER TABLE `applications` DISABLE KEYS */

/*!40000 ALTER TABLE `applications` ENABLE KEYS */

UNLOCK TABLES

--
-- Dumping data for table `companies`
--
LOCK TABLES `companies` WRITE

/*!40000 ALTER TABLE `companies` DISABLE KEYS */

INSERT INTO `companies` VALUES (2,'t3','EDUCATION','about3','203984567','c3@gmail.com',NULL),(3,'t2','EDUCATION','about3','203984567','c3@gmail.com',NULL),(4,'comp1','DESIGN','good company','129348765','comp1@example.com',NULL),(11,'comp9','DESIGN','good company','129348765','comp1@example.com',NULL),(12,'comp10','DESIGN','good company','129348765','comp1@example.com',NULL),(13,'comp11','DESIGN','good company','129348765','comp1@example.com',NULL),(14,'comp12','DESIGN','good company','129348765','comp1@example.com',NULL),(15,'comp13','DESIGN','good company','129348765','comp1@example.com',NULL),(16,'company99','DESIGN','lakjsdbva','PHONE_NUMBER','email@gmail.com',NULL),(17,'comp15','DESIGN','good company','129348765','comp1@example.com',NULL),(18,'comp70','DESIGN','kjahrg','PHONE_NUMBER','email@gmail.com',NULL),(19,'company-title1','DESIGN','good company 1','203985723','company1@example.com','img.img')

/*!40000 ALTER TABLE `companies` ENABLE KEYS */

UNLOCK TABLES

--
-- Dumping data for table `programmes`
--
LOCK TABLES `programmes` WRITE

/*!40000 ALTER TABLE `programmes` DISABLE KEYS */

/*!40000 ALTER TABLE `programmes` ENABLE KEYS */

UNLOCK TABLES

--
-- Dumping data for table `recruiters`
--
LOCK TABLES `recruiters` WRITE

/*!40000 ALTER TABLE `recruiters` DISABLE KEYS */

INSERT INTO `recruiters` VALUES (12,'Vasile','Rotaru',12,14,'vr@example.com'),(13,'Vasile1','Rotaru1',13,15,'vr@example.com'),(14,'Vasile2','Rotaru2',14,17,'vr2@example.com'),(15,'Munteanu','Ecaterina',22,19,'ecaterina@gmail.com')

/*!40000 ALTER TABLE `recruiters` ENABLE KEYS */

UNLOCK TABLES

--
-- Dumping data for table `users`
--
LOCK TABLES `users` WRITE

/*!40000 ALTER TABLE `users` DISABLE KEYS */

INSERT INTO `users` VALUES (1,'username1','password1','2023-12-12',''),(2,'username3','password1','2023-12-12',''),(3,'username2','password2','2023-12-12',''),(4,'username4','password2','2023-12-12',''),(7,'user9','passw5','2023-12-24',''),(9,'user10','passw5','2023-12-24',''),(11,'user11','passw5','2023-12-24',''),(12,'user12','passw5','2023-12-24',''),(13,'user13','passw5','2023-12-24',''),(14,'user14','password6','2023-10-12','RECRUITER'),(18,'user15','p1','2023-10-12','APPLICANT'),(20,'user16','p2','2023-10-12','APPLICANT'),(22,'user17','p3','2023-10-12','RECRUITER')

/*!40000 ALTER TABLE `users` ENABLE KEYS */

UNLOCK TABLES

/*!40103 SET TIME_ZONE=@OLD_TIME_ZONE */

/*!40101 SET SQL_MODE=@OLD_SQL_MODE */

/*!40014 SET FOREIGN_KEY_CHECKS=@OLD_FOREIGN_KEY_CHECKS */

/*!40014 SET UNIQUE_CHECKS=@OLD_UNIQUE_CHECKS */

/*!40101 SET CHARACTER_SET_CLIENT=@OLD_CHARACTER_SET_CLIENT */

/*!40101 SET CHARACTER_SET_RESULTS=@OLD_CHARACTER_SET_RESULTS */

/*!40101 SET COLLATION_CONNECTION=@OLD_COLLATION_CONNECTION */

/*!40111 SET SQL_NOTES=@OLD_SQL_NOTES */

-- Dump completed on 2023-10-13 16:25:20
Tabelul s-a creat!
update
]]></system-out>
  <system-err><![CDATA[Oct 13, 2023 7:55:16 PM com.iucosoft.internshipappfx.db.DataSource openConnection
INFO: Conectat cu succes la BD
Oct 13, 2023 7:55:16 PM com.iucosoft.internshipappfx.db.DataSource openConnection
INFO: Conectat cu succes la BD
Oct 13, 2023 7:55:17 PM com.iucosoft.internshipappfx.db.DataSource openConnection
INFO: Conectat cu succes la BD
Oct 13, 2023 7:55:17 PM com.iucosoft.internshipappfx.db.DataSource openConnection
INFO: Conectat cu succes la BD
Oct 13, 2023 7:55:17 PM com.iucosoft.internshipappfx.db.DataSource openConnection
INFO: Conectat cu succes la BD
Oct 13, 2023 7:55:17 PM com.iucosoft.internshipappfx.db.DataSource openConnection
INFO: Conectat cu succes la BD
Oct 13, 2023 7:55:18 PM com.iucosoft.internshipappfx.db.DataSource openConnection
INFO: Conectat cu succes la BD
Oct 13, 2023 7:55:18 PM com.iucosoft.internshipappfx.dao.impl.CompanyDAOImpl findByName
SEVERE: java.sql.SQLException: No value specified for parameter 1
Oct 13, 2023 7:55:18 PM com.iucosoft.internshipappfx.db.DataSource openConnection
INFO: Conectat cu succes la BD
Oct 13, 2023 7:55:18 PM com.iucosoft.internshipappfx.db.DataSource openConnection
INFO: Conectat cu succes la BD
Oct 13, 2023 7:55:18 PM com.iucosoft.internshipappfx.dao.impl.CompanyDAOImpl findById
SEVERE: java.sql.SQLSyntaxErrorException: You have an error in your SQL syntax; check the manual that corresponds to your MySQL server version for the right syntax to use near '?' at line 1
Oct 13, 2023 7:55:18 PM com.iucosoft.internshipappfx.db.DataSource openConnection
INFO: Conectat cu succes la BD
Oct 13, 2023 7:55:18 PM com.iucosoft.internshipappfx.db.DataSource openConnection
INFO: Conectat cu succes la BD
Oct 13, 2023 7:55:18 PM com.iucosoft.internshipappfx.dao.impl.CompanyDAOImpl delete
SEVERE: java.lang.NullPointerException
Oct 13, 2023 7:55:18 PM com.iucosoft.internshipappfx.db.DataSource openConnection
INFO: Conectat cu succes la BD
Oct 13, 2023 7:55:19 PM com.iucosoft.internshipappfx.db.DataSource openConnection
INFO: Conectat cu succes la BD
]]></system-err>
</testsuite>
