<?xml version="1.0" encoding="UTF-8" ?>
<testsuite errors="0" failures="0" hostname="DESKTOP-KATE" name="com.iucosoft.internshipappfx.dao.impl.InternshipProgramDAOImplTest" skipped="0" tests="7" time="4.254" timestamp="2023-10-17T16:17:09">
  <properties>
[...]
</properties>
  <testcase classname="com.iucosoft.internshipappfx.dao.impl.InternshipProgramDAOImplTest" name="testFindAllByDomain" time="0.407" />
  <testcase classname="com.iucosoft.internshipappfx.dao.impl.InternshipProgramDAOImplTest" name="testFindAll" time="0.408" />
  <testcase classname="com.iucosoft.internshipappfx.dao.impl.InternshipProgramDAOImplTest" name="testSave" time="0.452" />
  <testcase classname="com.iucosoft.internshipappfx.dao.impl.InternshipProgramDAOImplTest" name="testFindById" time="0.413" />
  <testcase classname="com.iucosoft.internshipappfx.dao.impl.InternshipProgramDAOImplTest" name="testFindAllByCompanyId" time="0.425" />
  <testcase classname="com.iucosoft.internshipappfx.dao.impl.InternshipProgramDAOImplTest" name="testDelete" time="0.382" />
  <testcase classname="com.iucosoft.internshipappfx.dao.impl.InternshipProgramDAOImplTest" name="testUpdate" time="0.391" />
  <system-out><![CDATA[CREATE DATABASE  IF NOT EXISTS `practicatest` /*!40100 DEFAULT CHARACTER SET utf8mb3 */ /*!80016 DEFAULT ENCRYPTION='N' */

USE `practicatest`

-- MySQL dump 10.13  Distrib 8.0.34, for Win64 (x86_64)
--
-- Host: localhost    Database: practica
-- ------------------------------------------------------
-- Server version	8.0.34
/*!40101 SET @OLD_CHARACTER_SET_CLIENT=@@CHARACTER_SET_CLIENT */

/*!40101 SET @OLD_CHARACTER_SET_RESULTS=@@CHARACTER_SET_RESULTS */

/*!40101 SET @OLD_COLLATION_CONNECTION=@@COLLATION_CONNECTION */

/*!50503 SET NAMES utf8 */

/*!40103 SET @OLD_TIME_ZONE=@@TIME_ZONE */

/*!40103 SET TIME_ZONE='+00:00' */

/*!40014 SET @OLD_UNIQUE_CHECKS=@@UNIQUE_CHECKS, UNIQUE_CHECKS=0 */

/*!40014 SET @OLD_FOREIGN_KEY_CHECKS=@@FOREIGN_KEY_CHECKS, FOREIGN_KEY_CHECKS=0 */

/*!40101 SET @OLD_SQL_MODE=@@SQL_MODE, SQL_MODE='NO_AUTO_VALUE_ON_ZERO' */

/*!40111 SET @OLD_SQL_NOTES=@@SQL_NOTES, SQL_NOTES=0 */

--
-- Table structure for table `applicants`
--
DROP TABLE IF EXISTS `applicants`

/*!40101 SET @saved_cs_client     = @@character_set_client */

/*!50503 SET character_set_client = utf8mb4 */

CREATE TABLE `applicants` (
  `id` int NOT NULL AUTO_INCREMENT,
  `name` varchar(45) NOT NULL,
  `surname` varchar(45) NOT NULL,
  `age` int NOT NULL,
  `a_status` varchar(45) NOT NULL,
  `domain` varchar(45) NOT NULL,
  `cv` varchar(45) NOT NULL,
  `user_id` int NOT NULL,
  `email` varchar(45) NOT NULL,
  `phone_number` varchar(45) NOT NULL,
  PRIMARY KEY (`id`),
  KEY `fk_applicant_user_idx` (`user_id`),
  CONSTRAINT `fk_applicant_user` FOREIGN KEY (`user_id`) REFERENCES `users` (`id`)
) ENGINE=InnoDB AUTO_INCREMENT=6 DEFAULT CHARSET=utf8mb4 COLLATE=utf8mb4_0900_ai_ci

/*!40101 SET character_set_client = @saved_cs_client */

--
-- Table structure for table `applications`
--
DROP TABLE IF EXISTS `applications`

/*!40101 SET @saved_cs_client     = @@character_set_client */

/*!50503 SET character_set_client = utf8mb4 */

CREATE TABLE `applications` (
  `id` int NOT NULL AUTO_INCREMENT,
  `applicant_id` int NOT NULL,
  `programme_id` int NOT NULL,
  `application_date` date NOT NULL,
  `cv` varchar(45) NOT NULL,
  `phone_number` varchar(45) NOT NULL,
  `email` varchar(45) NOT NULL,
  `institution` varchar(45) DEFAULT NULL,
  PRIMARY KEY (`id`),
  KEY `fk_application_applicant_idx` (`applicant_id`),
  KEY `fk_application_programme_idx` (`programme_id`),
  CONSTRAINT `fk_application_applicant` FOREIGN KEY (`applicant_id`) REFERENCES `applicants` (`id`),
  CONSTRAINT `fk_application_programme` FOREIGN KEY (`programme_id`) REFERENCES `programmes` (`id`)
) ENGINE=InnoDB DEFAULT CHARSET=utf8mb4 COLLATE=utf8mb4_0900_ai_ci

/*!40101 SET character_set_client = @saved_cs_client */

--
-- Table structure for table `companies`
--
DROP TABLE IF EXISTS `companies`

/*!40101 SET @saved_cs_client     = @@character_set_client */

/*!50503 SET character_set_client = utf8mb4 */

CREATE TABLE `companies` (
  `id` int NOT NULL AUTO_INCREMENT,
  `title` varchar(45) NOT NULL,
  `domain` varchar(45) NOT NULL,
  `about` mediumtext NOT NULL,
  `phone_number` varchar(45) NOT NULL,
  `email` varchar(45) NOT NULL,
  `img_path` varchar(80) DEFAULT NULL,
  PRIMARY KEY (`id`),
  UNIQUE KEY `title_UNIQUE` (`title`)
) ENGINE=InnoDB AUTO_INCREMENT=20 DEFAULT CHARSET=utf8mb4 COLLATE=utf8mb4_0900_ai_ci

/*!40101 SET character_set_client = @saved_cs_client */

--
-- Table structure for table `programmes`
--
DROP TABLE IF EXISTS `programmes`

/*!40101 SET @saved_cs_client     = @@character_set_client */

/*!50503 SET character_set_client = utf8mb4 */

CREATE TABLE `programmes` (
  `id` int NOT NULL AUTO_INCREMENT,
  `title` varchar(45) NOT NULL,
  `domain` varchar(45) NOT NULL,
  `start_data` date NOT NULL,
  `duration` varchar(45) NOT NULL,
  `company_id` int NOT NULL,
  `duties` mediumtext NOT NULL,
  `qualifications` mediumtext NOT NULL,
  `benefits` mediumtext NOT NULL,
  `location` varchar(80) NOT NULL,
  `paid` tinyint NOT NULL,
  PRIMARY KEY (`id`),
  KEY `fk_programme_company_idx` (`company_id`),
  CONSTRAINT `fk_programme_company` FOREIGN KEY (`company_id`) REFERENCES `companies` (`id`)
) ENGINE=InnoDB DEFAULT CHARSET=utf8mb4 COLLATE=utf8mb4_0900_ai_ci

/*!40101 SET character_set_client = @saved_cs_client */

--
-- Table structure for table `recruiters`
--
DROP TABLE IF EXISTS `recruiters`

/*!40101 SET @saved_cs_client     = @@character_set_client */

/*!50503 SET character_set_client = utf8mb4 */

CREATE TABLE `recruiters` (
  `id` int NOT NULL AUTO_INCREMENT,
  `name` varchar(45) NOT NULL,
  `surname` varchar(45) NOT NULL,
  `user_id` int NOT NULL,
  `company_id` int NOT NULL,
  `email` varchar(45) NOT NULL,
  PRIMARY KEY (`id`),
  KEY `fk_recruiter_user_idx` (`user_id`),
  KEY `fk_recruiter_company_idx` (`company_id`),
  CONSTRAINT `fk_recruiter_company` FOREIGN KEY (`company_id`) REFERENCES `companies` (`id`),
  CONSTRAINT `fk_recruiter_user` FOREIGN KEY (`user_id`) REFERENCES `users` (`id`)
) ENGINE=InnoDB AUTO_INCREMENT=16 DEFAULT CHARSET=utf8mb4 COLLATE=utf8mb4_0900_ai_ci

/*!40101 SET character_set_client = @saved_cs_client */

--
-- Table structure for table `users`
--
DROP TABLE IF EXISTS `users`

/*!40101 SET @saved_cs_client     = @@character_set_client */

/*!50503 SET character_set_client = utf8mb4 */

CREATE TABLE `users` (
  `id` int NOT NULL AUTO_INCREMENT,
  `username` varchar(45) NOT NULL,
  `password` varchar(45) NOT NULL,
  `register_date` date NOT NULL,
  `role` varchar(45) NOT NULL,
  PRIMARY KEY (`id`),
  UNIQUE KEY `username_UNIQUE` (`username`)
) ENGINE=InnoDB AUTO_INCREMENT=23 DEFAULT CHARSET=utf8mb4 COLLATE=utf8mb4_0900_ai_ci

/*!40101 SET character_set_client = @saved_cs_client */

/*!40103 SET TIME_ZONE=@OLD_TIME_ZONE */

/*!40101 SET SQL_MODE=@OLD_SQL_MODE */

/*!40014 SET FOREIGN_KEY_CHECKS=@OLD_FOREIGN_KEY_CHECKS */

/*!40014 SET UNIQUE_CHECKS=@OLD_UNIQUE_CHECKS */

/*!40101 SET CHARACTER_SET_CLIENT=@OLD_CHARACTER_SET_CLIENT */

/*!40101 SET CHARACTER_SET_RESULTS=@OLD_CHARACTER_SET_RESULTS */

/*!40101 SET COLLATION_CONNECTION=@OLD_COLLATION_CONNECTION */

/*!40111 SET SQL_NOTES=@OLD_SQL_NOTES */

-- Dump completed on 2023-10-13 16:24:46
INSERT INTO practicatest.`users` (id, username, password, register_date, role) VALUES ('1', 'munkatea', 'pass1', '2008-7-04', 'ADMIN')

INSERT INTO practicatest.`users` (id, username, password, register_date, role) VALUES ('2', 'bradpitt', 'pass2', '2020-4-14', 'RECRUITER')

INSERT INTO practicatest.`users` (id, username, password, register_date, role) VALUES ('3', 'qtarantino', 'pass3', '2018-7-03', 'RECRUITER')

INSERT INTO practicatest.`users` (id, username, password, register_date, role) VALUES ('4', 'enidelcu', 'pass4', '2021-12-02', 'APPLICANT')

INSERT INTO practicatest.`users` (id, username, password, register_date, role) VALUES ('5', 'ludmila', 'pass5', '2010-1-31', 'APPLICANT')

INSERT INTO practicatest.`users` (id, username, password, register_date, role) VALUES ('6', 'gnelli', 'pass6', '2017-10-15', 'APPLICANT')

INSERT INTO practicatest.`users` (id, username, password, register_date, role) VALUES ('7', 'iuco', 'pass7', '2023-1-01', 'RECRUITER')

INSERT INTO practicatest.`users` (id, username, password, register_date, role) VALUES ('8', 'vbostan', 'pass8', '2019-4-13', 'RECRUITER')

INSERT INTO practicatest.`users` (id, username, password, register_date, role) VALUES ('9', 'hlanda', 'pass9', '2020-3-11', 'RECRUITER')

INSERT INTO practicatest.`users` (id, username, password, register_date, role) VALUES ('10', 'oppenheimer', 'pass10', '2013-3-27', 'APPLICANT')

INSERT INTO practicatest.`users` (id, username, password, register_date, role) VALUES ('11', 'holmes', 'pass11', '2009-5-31', 'APPLICANT')

INSERT INTO practicatest.`users` (id, username, password, register_date, role) VALUES ('12', 'rotaru', 'pass12', '2009-3-31', 'APPLICANT')

INSERT INTO practicatest.`users` (id, username, password, register_date, role) VALUES ('13', 'clima', 'pass13', '2009-7-31', 'RECRUITER')

INSERT INTO practicatest.`companies` (id, title, domain, about, phone_number, email, img_path) VALUES ('1', 'IUCOSOFT', 'IT', 'We work in JAVA', '060111111', 'email@iucosoft.com', 'img1.jpg')

INSERT INTO practicatest.`companies` (id, title, domain, about, phone_number, email, img_path) VALUES ('2', 'ORATORICA', 'EDUCATION', 'Courses for learning new languages', '060222222', 'oratorica@gmail.com', 'img2.jpg')

INSERT INTO practicatest.`companies` (id, title, domain, about, phone_number, email, img_path) VALUES ('3', 'DECOR', 'DESIGN', 'Design for posters and wallpapers', '060333333', 'mail@decor.md', 'img3.jpg')

INSERT INTO practicatest.`companies` (id, title, domain, about, phone_number, email, img_path) VALUES ('4', 'TKD', 'SPORT_BEAUTY_WELLNESS', 'Taekwondo sport club', '060444444', 'sport@tkd.com', 'img4.jpg')

INSERT INTO practicatest.`companies` (id, title, domain, about, phone_number, email, img_path) VALUES ('5', 'Andy\'s Pizza', 'FOOD', 'Y\'all know what does our company =-)', '060555555', 'andys.pizza@gmail.com', 'img5.jpg')

INSERT INTO practicatest.`companies` (id, title, domain, about, phone_number, email, img_path) VALUES ('6', 'Climatehnic', 'ENGINEERING', 'Good company', '079783222', 'climatehnic@gmail.com', 'img6.jpg')

INSERT INTO practicatest.`applicants` (id, name, surname, age, a_status, domain, cv, user_id, email, phone_number) VALUES ('1', 'Elena', 'Nidelcu', '19', 'STUDENT', 'IT', 'cv1.pdf', '4', 'elena.nidelcu@isa.utm.md', '060123456')

INSERT INTO practicatest.`applicants` (id, name, surname, age, a_status, domain, cv, user_id, email, phone_number) VALUES ('2', 'Ludmila', 'Friptu', '20', 'WORKING', 'EDUCATION', 'cv2.pdf', '5', 'friptu@gmail.com', '060234567')

INSERT INTO practicatest.`applicants` (id, name, surname, age, a_status, domain, cv, user_id, email, phone_number) VALUES ('3', 'Nelli', 'Garbuz', '18', 'STUDENT', 'DESIGN', 'cv3.pdf', '6', 'nelly@dip.utm.md', '060345678')

INSERT INTO practicatest.`applicants` (id, name, surname, age, a_status, domain, cv, user_id, email, phone_number) VALUES ('4', 'Robert', 'Oppenheimer', '40', 'WORKING', 'SPORT_BEAUTY_WELLNESS', 'cv4.pdf', '10', 'r.oppy@bomb.com', '060456789')

INSERT INTO practicatest.`applicants` (id, name, surname, age, a_status, domain, cv, user_id, email, phone_number) VALUES ('5', 'Sherlock', 'Holmes', '30', 'UNEMPLOYED', 'FOOD', 'cv5.pdf', '11', 'holmes@gmail.com', '060567890')

INSERT INTO practicatest.`applicants` (id, name, surname, age, a_status, domain, cv, user_id, email, phone_number) VALUES ('6', 'Rotaru', 'Dimitrie', '50', 'UNEMPLOYED', 'FOOD', 'cv6.pdf', '12', 'rotaru@gmail.com', '060567870')

INSERT INTO practicatest.`recruiters` (id, name, surname, user_id, company_id, email) VALUES ('1', 'Brad', 'Pitt', '2', '4', 'brad.pitt@tkd.md')

INSERT INTO practicatest.`recruiters` (id, name, surname, user_id, company_id, email) VALUES ('2', 'Quentin', 'Tarantino', '3', '5', 'quentin.tarantino@andis.md')

INSERT INTO practicatest.`recruiters` (id, name, surname, user_id, company_id, email) VALUES ('3', 'Iurie', 'Coropceanu', '7', '1', 'iurie.coropceanu@iucosoft.com')

INSERT INTO practicatest.`recruiters` (id, name, surname, user_id, company_id, email) VALUES ('4', 'Viorel', 'Bostan', '8', '2', 'viorel.bostan@oratorica.com')

INSERT INTO practicatest.`recruiters` (id, name, surname, user_id, company_id, email) VALUES ('5', 'Hans', 'Landa', '9', '3', 'hans.landa@decor.md')

INSERT INTO practicatest.`programmes` (id, title, domain, start_data, duration, company_id, duties, qualifications, benefits, location, paid) VALUES ('1', 'JAVA Developer', 'IT', '2020-3-05', '3 months', '1', 'Develop desktop apps', 'Know JAVA well', 'Work remotely', 'ONLINE', '0')

INSERT INTO practicatest.`programmes` (id, title, domain, start_data, duration, company_id, duties, qualifications, benefits, location, paid) VALUES ('2', 'English teacher', 'EDUCATION', '2016-7-09', '2 months', '2', 'Teach children', 'C1 in English', 'Hiring after internship', 'Chisinau', '0')

INSERT INTO practicatest.`programmes` (id, title, domain, start_data, duration, company_id, duties, qualifications, benefits, location, paid) VALUES ('3', 'Designer', 'DESIGN', '2023-5-25', '6 months', '3', 'Design personalised posters', 'Studii la UTM', 'Working with us', 'Chisinau', '1')

INSERT INTO practicatest.`programmes` (id, title, domain, start_data, duration, company_id, duties, qualifications, benefits, location, paid) VALUES ('4', 'Coach', 'SPORT_BEAUTY_WELLNESS', '2022-8-27', '4 months', '4', 'Coach people', 'Maestru al Sportului', 'No benefits', 'Balti', '1')

INSERT INTO practicatest.`programmes` (id, title, domain, start_data, duration, company_id, duties, qualifications, benefits, location, paid) VALUES ('5', 'Cook', 'FOOD', '2021-2-14', '5 weeks', '5', 'Boil eggs', 'No qualifications', 'Eat eggs', 'Cantemir', '0')

INSERT INTO practicatest.`programmes` (id, title, domain, start_data, duration, company_id, duties, qualifications, benefits, location, paid) VALUES ('6', 'Crazy', 'DESIGN', '2021-2-14', '3 weeks', '5', 'Do crazy stuff', 'No qualifications', 'Do crazy stuff', 'Causeni', '0')

INSERT INTO practicatest.`applications` (id, applicant_id, programme_id, application_date, cv, phone_number, email) VALUES ('1', '1', '1', '2023-10-10', 'cv1.pdf', '060123456', 'elena.nidelcu@isa.utm.md')

INSERT INTO practicatest.`applications` (id, applicant_id, programme_id, application_date, cv, phone_number, email) VALUES ('2', '2', '2', '2023-10-11', 'cv2.pdf', '060234567', 'friptu@gmail.com')

INSERT INTO practicatest.`applications` (id, applicant_id, programme_id, application_date, cv, phone_number, email) VALUES ('3', '3', '3', '2023-10-12', 'cv3.pdf', '060345678', 'nelly@dip.utm.md')

INSERT INTO practicatest.`applications` (id, applicant_id, programme_id, application_date, cv, phone_number, email) VALUES ('4', '4', '4', '2023-10-13', 'cv4.pdf', '060456789', 'r.oppy@bomb.com')

INSERT INTO practicatest.`applications` (id, applicant_id, programme_id, application_date, cv, phone_number, email) VALUES ('5', '5', '5', '2023-10-14', 'cv5.pdf', '060567890', 'holmes@gmail.com')

Tabelul s-a creat!
findAllByDomain
CREATE DATABASE  IF NOT EXISTS `practicatest` /*!40100 DEFAULT CHARACTER SET utf8mb3 */ /*!80016 DEFAULT ENCRYPTION='N' */

USE `practicatest`

-- MySQL dump 10.13  Distrib 8.0.34, for Win64 (x86_64)
--
-- Host: localhost    Database: practica
-- ------------------------------------------------------
-- Server version	8.0.34
/*!40101 SET @OLD_CHARACTER_SET_CLIENT=@@CHARACTER_SET_CLIENT */

/*!40101 SET @OLD_CHARACTER_SET_RESULTS=@@CHARACTER_SET_RESULTS */

/*!40101 SET @OLD_COLLATION_CONNECTION=@@COLLATION_CONNECTION */

/*!50503 SET NAMES utf8 */

/*!40103 SET @OLD_TIME_ZONE=@@TIME_ZONE */

/*!40103 SET TIME_ZONE='+00:00' */

/*!40014 SET @OLD_UNIQUE_CHECKS=@@UNIQUE_CHECKS, UNIQUE_CHECKS=0 */

/*!40014 SET @OLD_FOREIGN_KEY_CHECKS=@@FOREIGN_KEY_CHECKS, FOREIGN_KEY_CHECKS=0 */

/*!40101 SET @OLD_SQL_MODE=@@SQL_MODE, SQL_MODE='NO_AUTO_VALUE_ON_ZERO' */

/*!40111 SET @OLD_SQL_NOTES=@@SQL_NOTES, SQL_NOTES=0 */

--
-- Table structure for table `applicants`
--
DROP TABLE IF EXISTS `applicants`

/*!40101 SET @saved_cs_client     = @@character_set_client */

/*!50503 SET character_set_client = utf8mb4 */

CREATE TABLE `applicants` (
  `id` int NOT NULL AUTO_INCREMENT,
  `name` varchar(45) NOT NULL,
  `surname` varchar(45) NOT NULL,
  `age` int NOT NULL,
  `a_status` varchar(45) NOT NULL,
  `domain` varchar(45) NOT NULL,
  `cv` varchar(45) NOT NULL,
  `user_id` int NOT NULL,
  `email` varchar(45) NOT NULL,
  `phone_number` varchar(45) NOT NULL,
  PRIMARY KEY (`id`),
  KEY `fk_applicant_user_idx` (`user_id`),
  CONSTRAINT `fk_applicant_user` FOREIGN KEY (`user_id`) REFERENCES `users` (`id`)
) ENGINE=InnoDB AUTO_INCREMENT=6 DEFAULT CHARSET=utf8mb4 COLLATE=utf8mb4_0900_ai_ci

/*!40101 SET character_set_client = @saved_cs_client */

--
-- Table structure for table `applications`
--
DROP TABLE IF EXISTS `applications`

/*!40101 SET @saved_cs_client     = @@character_set_client */

/*!50503 SET character_set_client = utf8mb4 */

CREATE TABLE `applications` (
  `id` int NOT NULL AUTO_INCREMENT,
  `applicant_id` int NOT NULL,
  `programme_id` int NOT NULL,
  `application_date` date NOT NULL,
  `cv` varchar(45) NOT NULL,
  `phone_number` varchar(45) NOT NULL,
  `email` varchar(45) NOT NULL,
  `institution` varchar(45) DEFAULT NULL,
  PRIMARY KEY (`id`),
  KEY `fk_application_applicant_idx` (`applicant_id`),
  KEY `fk_application_programme_idx` (`programme_id`),
  CONSTRAINT `fk_application_applicant` FOREIGN KEY (`applicant_id`) REFERENCES `applicants` (`id`),
  CONSTRAINT `fk_application_programme` FOREIGN KEY (`programme_id`) REFERENCES `programmes` (`id`)
) ENGINE=InnoDB DEFAULT CHARSET=utf8mb4 COLLATE=utf8mb4_0900_ai_ci

/*!40101 SET character_set_client = @saved_cs_client */

--
-- Table structure for table `companies`
--
DROP TABLE IF EXISTS `companies`

/*!40101 SET @saved_cs_client     = @@character_set_client */

/*!50503 SET character_set_client = utf8mb4 */

CREATE TABLE `companies` (
  `id` int NOT NULL AUTO_INCREMENT,
  `title` varchar(45) NOT NULL,
  `domain` varchar(45) NOT NULL,
  `about` mediumtext NOT NULL,
  `phone_number` varchar(45) NOT NULL,
  `email` varchar(45) NOT NULL,
  `img_path` varchar(80) DEFAULT NULL,
  PRIMARY KEY (`id`),
  UNIQUE KEY `title_UNIQUE` (`title`)
) ENGINE=InnoDB AUTO_INCREMENT=20 DEFAULT CHARSET=utf8mb4 COLLATE=utf8mb4_0900_ai_ci

/*!40101 SET character_set_client = @saved_cs_client */

--
-- Table structure for table `programmes`
--
DROP TABLE IF EXISTS `programmes`

/*!40101 SET @saved_cs_client     = @@character_set_client */

/*!50503 SET character_set_client = utf8mb4 */

CREATE TABLE `programmes` (
  `id` int NOT NULL AUTO_INCREMENT,
  `title` varchar(45) NOT NULL,
  `domain` varchar(45) NOT NULL,
  `start_data` date NOT NULL,
  `duration` varchar(45) NOT NULL,
  `company_id` int NOT NULL,
  `duties` mediumtext NOT NULL,
  `qualifications` mediumtext NOT NULL,
  `benefits` mediumtext NOT NULL,
  `location` varchar(80) NOT NULL,
  `paid` tinyint NOT NULL,
  PRIMARY KEY (`id`),
  KEY `fk_programme_company_idx` (`company_id`),
  CONSTRAINT `fk_programme_company` FOREIGN KEY (`company_id`) REFERENCES `companies` (`id`)
) ENGINE=InnoDB DEFAULT CHARSET=utf8mb4 COLLATE=utf8mb4_0900_ai_ci

/*!40101 SET character_set_client = @saved_cs_client */

--
-- Table structure for table `recruiters`
--
DROP TABLE IF EXISTS `recruiters`

/*!40101 SET @saved_cs_client     = @@character_set_client */

/*!50503 SET character_set_client = utf8mb4 */

CREATE TABLE `recruiters` (
  `id` int NOT NULL AUTO_INCREMENT,
  `name` varchar(45) NOT NULL,
  `surname` varchar(45) NOT NULL,
  `user_id` int NOT NULL,
  `company_id` int NOT NULL,
  `email` varchar(45) NOT NULL,
  PRIMARY KEY (`id`),
  KEY `fk_recruiter_user_idx` (`user_id`),
  KEY `fk_recruiter_company_idx` (`company_id`),
  CONSTRAINT `fk_recruiter_company` FOREIGN KEY (`company_id`) REFERENCES `companies` (`id`),
  CONSTRAINT `fk_recruiter_user` FOREIGN KEY (`user_id`) REFERENCES `users` (`id`)
) ENGINE=InnoDB AUTO_INCREMENT=16 DEFAULT CHARSET=utf8mb4 COLLATE=utf8mb4_0900_ai_ci

/*!40101 SET character_set_client = @saved_cs_client */

--
-- Table structure for table `users`
--
DROP TABLE IF EXISTS `users`

/*!40101 SET @saved_cs_client     = @@character_set_client */

/*!50503 SET character_set_client = utf8mb4 */

CREATE TABLE `users` (
  `id` int NOT NULL AUTO_INCREMENT,
  `username` varchar(45) NOT NULL,
  `password` varchar(45) NOT NULL,
  `register_date` date NOT NULL,
  `role` varchar(45) NOT NULL,
  PRIMARY KEY (`id`),
  UNIQUE KEY `username_UNIQUE` (`username`)
) ENGINE=InnoDB AUTO_INCREMENT=23 DEFAULT CHARSET=utf8mb4 COLLATE=utf8mb4_0900_ai_ci

/*!40101 SET character_set_client = @saved_cs_client */

/*!40103 SET TIME_ZONE=@OLD_TIME_ZONE */

/*!40101 SET SQL_MODE=@OLD_SQL_MODE */

/*!40014 SET FOREIGN_KEY_CHECKS=@OLD_FOREIGN_KEY_CHECKS */

/*!40014 SET UNIQUE_CHECKS=@OLD_UNIQUE_CHECKS */

/*!40101 SET CHARACTER_SET_CLIENT=@OLD_CHARACTER_SET_CLIENT */

/*!40101 SET CHARACTER_SET_RESULTS=@OLD_CHARACTER_SET_RESULTS */

/*!40101 SET COLLATION_CONNECTION=@OLD_COLLATION_CONNECTION */

/*!40111 SET SQL_NOTES=@OLD_SQL_NOTES */

-- Dump completed on 2023-10-13 16:24:46
INSERT INTO practicatest.`users` (id, username, password, register_date, role) VALUES ('1', 'munkatea', 'pass1', '2008-7-04', 'ADMIN')

INSERT INTO practicatest.`users` (id, username, password, register_date, role) VALUES ('2', 'bradpitt', 'pass2', '2020-4-14', 'RECRUITER')

INSERT INTO practicatest.`users` (id, username, password, register_date, role) VALUES ('3', 'qtarantino', 'pass3', '2018-7-03', 'RECRUITER')

INSERT INTO practicatest.`users` (id, username, password, register_date, role) VALUES ('4', 'enidelcu', 'pass4', '2021-12-02', 'APPLICANT')

INSERT INTO practicatest.`users` (id, username, password, register_date, role) VALUES ('5', 'ludmila', 'pass5', '2010-1-31', 'APPLICANT')

INSERT INTO practicatest.`users` (id, username, password, register_date, role) VALUES ('6', 'gnelli', 'pass6', '2017-10-15', 'APPLICANT')

INSERT INTO practicatest.`users` (id, username, password, register_date, role) VALUES ('7', 'iuco', 'pass7', '2023-1-01', 'RECRUITER')

INSERT INTO practicatest.`users` (id, username, password, register_date, role) VALUES ('8', 'vbostan', 'pass8', '2019-4-13', 'RECRUITER')

INSERT INTO practicatest.`users` (id, username, password, register_date, role) VALUES ('9', 'hlanda', 'pass9', '2020-3-11', 'RECRUITER')

INSERT INTO practicatest.`users` (id, username, password, register_date, role) VALUES ('10', 'oppenheimer', 'pass10', '2013-3-27', 'APPLICANT')

INSERT INTO practicatest.`users` (id, username, password, register_date, role) VALUES ('11', 'holmes', 'pass11', '2009-5-31', 'APPLICANT')

INSERT INTO practicatest.`users` (id, username, password, register_date, role) VALUES ('12', 'rotaru', 'pass12', '2009-3-31', 'APPLICANT')

INSERT INTO practicatest.`users` (id, username, password, register_date, role) VALUES ('13', 'clima', 'pass13', '2009-7-31', 'RECRUITER')

INSERT INTO practicatest.`companies` (id, title, domain, about, phone_number, email, img_path) VALUES ('1', 'IUCOSOFT', 'IT', 'We work in JAVA', '060111111', 'email@iucosoft.com', 'img1.jpg')

INSERT INTO practicatest.`companies` (id, title, domain, about, phone_number, email, img_path) VALUES ('2', 'ORATORICA', 'EDUCATION', 'Courses for learning new languages', '060222222', 'oratorica@gmail.com', 'img2.jpg')

INSERT INTO practicatest.`companies` (id, title, domain, about, phone_number, email, img_path) VALUES ('3', 'DECOR', 'DESIGN', 'Design for posters and wallpapers', '060333333', 'mail@decor.md', 'img3.jpg')

INSERT INTO practicatest.`companies` (id, title, domain, about, phone_number, email, img_path) VALUES ('4', 'TKD', 'SPORT_BEAUTY_WELLNESS', 'Taekwondo sport club', '060444444', 'sport@tkd.com', 'img4.jpg')

INSERT INTO practicatest.`companies` (id, title, domain, about, phone_number, email, img_path) VALUES ('5', 'Andy\'s Pizza', 'FOOD', 'Y\'all know what does our company =-)', '060555555', 'andys.pizza@gmail.com', 'img5.jpg')

INSERT INTO practicatest.`companies` (id, title, domain, about, phone_number, email, img_path) VALUES ('6', 'Climatehnic', 'ENGINEERING', 'Good company', '079783222', 'climatehnic@gmail.com', 'img6.jpg')

INSERT INTO practicatest.`applicants` (id, name, surname, age, a_status, domain, cv, user_id, email, phone_number) VALUES ('1', 'Elena', 'Nidelcu', '19', 'STUDENT', 'IT', 'cv1.pdf', '4', 'elena.nidelcu@isa.utm.md', '060123456')

INSERT INTO practicatest.`applicants` (id, name, surname, age, a_status, domain, cv, user_id, email, phone_number) VALUES ('2', 'Ludmila', 'Friptu', '20', 'WORKING', 'EDUCATION', 'cv2.pdf', '5', 'friptu@gmail.com', '060234567')

INSERT INTO practicatest.`applicants` (id, name, surname, age, a_status, domain, cv, user_id, email, phone_number) VALUES ('3', 'Nelli', 'Garbuz', '18', 'STUDENT', 'DESIGN', 'cv3.pdf', '6', 'nelly@dip.utm.md', '060345678')

INSERT INTO practicatest.`applicants` (id, name, surname, age, a_status, domain, cv, user_id, email, phone_number) VALUES ('4', 'Robert', 'Oppenheimer', '40', 'WORKING', 'SPORT_BEAUTY_WELLNESS', 'cv4.pdf', '10', 'r.oppy@bomb.com', '060456789')

INSERT INTO practicatest.`applicants` (id, name, surname, age, a_status, domain, cv, user_id, email, phone_number) VALUES ('5', 'Sherlock', 'Holmes', '30', 'UNEMPLOYED', 'FOOD', 'cv5.pdf', '11', 'holmes@gmail.com', '060567890')

INSERT INTO practicatest.`applicants` (id, name, surname, age, a_status, domain, cv, user_id, email, phone_number) VALUES ('6', 'Rotaru', 'Dimitrie', '50', 'UNEMPLOYED', 'FOOD', 'cv6.pdf', '12', 'rotaru@gmail.com', '060567870')

INSERT INTO practicatest.`recruiters` (id, name, surname, user_id, company_id, email) VALUES ('1', 'Brad', 'Pitt', '2', '4', 'brad.pitt@tkd.md')

INSERT INTO practicatest.`recruiters` (id, name, surname, user_id, company_id, email) VALUES ('2', 'Quentin', 'Tarantino', '3', '5', 'quentin.tarantino@andis.md')

INSERT INTO practicatest.`recruiters` (id, name, surname, user_id, company_id, email) VALUES ('3', 'Iurie', 'Coropceanu', '7', '1', 'iurie.coropceanu@iucosoft.com')

INSERT INTO practicatest.`recruiters` (id, name, surname, user_id, company_id, email) VALUES ('4', 'Viorel', 'Bostan', '8', '2', 'viorel.bostan@oratorica.com')

INSERT INTO practicatest.`recruiters` (id, name, surname, user_id, company_id, email) VALUES ('5', 'Hans', 'Landa', '9', '3', 'hans.landa@decor.md')

INSERT INTO practicatest.`programmes` (id, title, domain, start_data, duration, company_id, duties, qualifications, benefits, location, paid) VALUES ('1', 'JAVA Developer', 'IT', '2020-3-05', '3 months', '1', 'Develop desktop apps', 'Know JAVA well', 'Work remotely', 'ONLINE', '0')

INSERT INTO practicatest.`programmes` (id, title, domain, start_data, duration, company_id, duties, qualifications, benefits, location, paid) VALUES ('2', 'English teacher', 'EDUCATION', '2016-7-09', '2 months', '2', 'Teach children', 'C1 in English', 'Hiring after internship', 'Chisinau', '0')

INSERT INTO practicatest.`programmes` (id, title, domain, start_data, duration, company_id, duties, qualifications, benefits, location, paid) VALUES ('3', 'Designer', 'DESIGN', '2023-5-25', '6 months', '3', 'Design personalised posters', 'Studii la UTM', 'Working with us', 'Chisinau', '1')

INSERT INTO practicatest.`programmes` (id, title, domain, start_data, duration, company_id, duties, qualifications, benefits, location, paid) VALUES ('4', 'Coach', 'SPORT_BEAUTY_WELLNESS', '2022-8-27', '4 months', '4', 'Coach people', 'Maestru al Sportului', 'No benefits', 'Balti', '1')

INSERT INTO practicatest.`programmes` (id, title, domain, start_data, duration, company_id, duties, qualifications, benefits, location, paid) VALUES ('5', 'Cook', 'FOOD', '2021-2-14', '5 weeks', '5', 'Boil eggs', 'No qualifications', 'Eat eggs', 'Cantemir', '0')

INSERT INTO practicatest.`programmes` (id, title, domain, start_data, duration, company_id, duties, qualifications, benefits, location, paid) VALUES ('6', 'Crazy', 'DESIGN', '2021-2-14', '3 weeks', '5', 'Do crazy stuff', 'No qualifications', 'Do crazy stuff', 'Causeni', '0')

INSERT INTO practicatest.`applications` (id, applicant_id, programme_id, application_date, cv, phone_number, email) VALUES ('1', '1', '1', '2023-10-10', 'cv1.pdf', '060123456', 'elena.nidelcu@isa.utm.md')

INSERT INTO practicatest.`applications` (id, applicant_id, programme_id, application_date, cv, phone_number, email) VALUES ('2', '2', '2', '2023-10-11', 'cv2.pdf', '060234567', 'friptu@gmail.com')

INSERT INTO practicatest.`applications` (id, applicant_id, programme_id, application_date, cv, phone_number, email) VALUES ('3', '3', '3', '2023-10-12', 'cv3.pdf', '060345678', 'nelly@dip.utm.md')

INSERT INTO practicatest.`applications` (id, applicant_id, programme_id, application_date, cv, phone_number, email) VALUES ('4', '4', '4', '2023-10-13', 'cv4.pdf', '060456789', 'r.oppy@bomb.com')

INSERT INTO practicatest.`applications` (id, applicant_id, programme_id, application_date, cv, phone_number, email) VALUES ('5', '5', '5', '2023-10-14', 'cv5.pdf', '060567890', 'holmes@gmail.com')

Tabelul s-a creat!
findAll
CREATE DATABASE  IF NOT EXISTS `practicatest` /*!40100 DEFAULT CHARACTER SET utf8mb3 */ /*!80016 DEFAULT ENCRYPTION='N' */

USE `practicatest`

-- MySQL dump 10.13  Distrib 8.0.34, for Win64 (x86_64)
--
-- Host: localhost    Database: practica
-- ------------------------------------------------------
-- Server version	8.0.34
/*!40101 SET @OLD_CHARACTER_SET_CLIENT=@@CHARACTER_SET_CLIENT */

/*!40101 SET @OLD_CHARACTER_SET_RESULTS=@@CHARACTER_SET_RESULTS */

/*!40101 SET @OLD_COLLATION_CONNECTION=@@COLLATION_CONNECTION */

/*!50503 SET NAMES utf8 */

/*!40103 SET @OLD_TIME_ZONE=@@TIME_ZONE */

/*!40103 SET TIME_ZONE='+00:00' */

/*!40014 SET @OLD_UNIQUE_CHECKS=@@UNIQUE_CHECKS, UNIQUE_CHECKS=0 */

/*!40014 SET @OLD_FOREIGN_KEY_CHECKS=@@FOREIGN_KEY_CHECKS, FOREIGN_KEY_CHECKS=0 */

/*!40101 SET @OLD_SQL_MODE=@@SQL_MODE, SQL_MODE='NO_AUTO_VALUE_ON_ZERO' */

/*!40111 SET @OLD_SQL_NOTES=@@SQL_NOTES, SQL_NOTES=0 */

--
-- Table structure for table `applicants`
--
DROP TABLE IF EXISTS `applicants`

/*!40101 SET @saved_cs_client     = @@character_set_client */

/*!50503 SET character_set_client = utf8mb4 */

CREATE TABLE `applicants` (
  `id` int NOT NULL AUTO_INCREMENT,
  `name` varchar(45) NOT NULL,
  `surname` varchar(45) NOT NULL,
  `age` int NOT NULL,
  `a_status` varchar(45) NOT NULL,
  `domain` varchar(45) NOT NULL,
  `cv` varchar(45) NOT NULL,
  `user_id` int NOT NULL,
  `email` varchar(45) NOT NULL,
  `phone_number` varchar(45) NOT NULL,
  PRIMARY KEY (`id`),
  KEY `fk_applicant_user_idx` (`user_id`),
  CONSTRAINT `fk_applicant_user` FOREIGN KEY (`user_id`) REFERENCES `users` (`id`)
) ENGINE=InnoDB AUTO_INCREMENT=6 DEFAULT CHARSET=utf8mb4 COLLATE=utf8mb4_0900_ai_ci

/*!40101 SET character_set_client = @saved_cs_client */

--
-- Table structure for table `applications`
--
DROP TABLE IF EXISTS `applications`

/*!40101 SET @saved_cs_client     = @@character_set_client */

/*!50503 SET character_set_client = utf8mb4 */

CREATE TABLE `applications` (
  `id` int NOT NULL AUTO_INCREMENT,
  `applicant_id` int NOT NULL,
  `programme_id` int NOT NULL,
  `application_date` date NOT NULL,
  `cv` varchar(45) NOT NULL,
  `phone_number` varchar(45) NOT NULL,
  `email` varchar(45) NOT NULL,
  `institution` varchar(45) DEFAULT NULL,
  PRIMARY KEY (`id`),
  KEY `fk_application_applicant_idx` (`applicant_id`),
  KEY `fk_application_programme_idx` (`programme_id`),
  CONSTRAINT `fk_application_applicant` FOREIGN KEY (`applicant_id`) REFERENCES `applicants` (`id`),
  CONSTRAINT `fk_application_programme` FOREIGN KEY (`programme_id`) REFERENCES `programmes` (`id`)
) ENGINE=InnoDB DEFAULT CHARSET=utf8mb4 COLLATE=utf8mb4_0900_ai_ci

/*!40101 SET character_set_client = @saved_cs_client */

--
-- Table structure for table `companies`
--
DROP TABLE IF EXISTS `companies`

/*!40101 SET @saved_cs_client     = @@character_set_client */

/*!50503 SET character_set_client = utf8mb4 */

CREATE TABLE `companies` (
  `id` int NOT NULL AUTO_INCREMENT,
  `title` varchar(45) NOT NULL,
  `domain` varchar(45) NOT NULL,
  `about` mediumtext NOT NULL,
  `phone_number` varchar(45) NOT NULL,
  `email` varchar(45) NOT NULL,
  `img_path` varchar(80) DEFAULT NULL,
  PRIMARY KEY (`id`),
  UNIQUE KEY `title_UNIQUE` (`title`)
) ENGINE=InnoDB AUTO_INCREMENT=20 DEFAULT CHARSET=utf8mb4 COLLATE=utf8mb4_0900_ai_ci

/*!40101 SET character_set_client = @saved_cs_client */

--
-- Table structure for table `programmes`
--
DROP TABLE IF EXISTS `programmes`

/*!40101 SET @saved_cs_client     = @@character_set_client */

/*!50503 SET character_set_client = utf8mb4 */

CREATE TABLE `programmes` (
  `id` int NOT NULL AUTO_INCREMENT,
  `title` varchar(45) NOT NULL,
  `domain` varchar(45) NOT NULL,
  `start_data` date NOT NULL,
  `duration` varchar(45) NOT NULL,
  `company_id` int NOT NULL,
  `duties` mediumtext NOT NULL,
  `qualifications` mediumtext NOT NULL,
  `benefits` mediumtext NOT NULL,
  `location` varchar(80) NOT NULL,
  `paid` tinyint NOT NULL,
  PRIMARY KEY (`id`),
  KEY `fk_programme_company_idx` (`company_id`),
  CONSTRAINT `fk_programme_company` FOREIGN KEY (`company_id`) REFERENCES `companies` (`id`)
) ENGINE=InnoDB DEFAULT CHARSET=utf8mb4 COLLATE=utf8mb4_0900_ai_ci

/*!40101 SET character_set_client = @saved_cs_client */

--
-- Table structure for table `recruiters`
--
DROP TABLE IF EXISTS `recruiters`

/*!40101 SET @saved_cs_client     = @@character_set_client */

/*!50503 SET character_set_client = utf8mb4 */

CREATE TABLE `recruiters` (
  `id` int NOT NULL AUTO_INCREMENT,
  `name` varchar(45) NOT NULL,
  `surname` varchar(45) NOT NULL,
  `user_id` int NOT NULL,
  `company_id` int NOT NULL,
  `email` varchar(45) NOT NULL,
  PRIMARY KEY (`id`),
  KEY `fk_recruiter_user_idx` (`user_id`),
  KEY `fk_recruiter_company_idx` (`company_id`),
  CONSTRAINT `fk_recruiter_company` FOREIGN KEY (`company_id`) REFERENCES `companies` (`id`),
  CONSTRAINT `fk_recruiter_user` FOREIGN KEY (`user_id`) REFERENCES `users` (`id`)
) ENGINE=InnoDB AUTO_INCREMENT=16 DEFAULT CHARSET=utf8mb4 COLLATE=utf8mb4_0900_ai_ci

/*!40101 SET character_set_client = @saved_cs_client */

--
-- Table structure for table `users`
--
DROP TABLE IF EXISTS `users`

/*!40101 SET @saved_cs_client     = @@character_set_client */

/*!50503 SET character_set_client = utf8mb4 */

CREATE TABLE `users` (
  `id` int NOT NULL AUTO_INCREMENT,
  `username` varchar(45) NOT NULL,
  `password` varchar(45) NOT NULL,
  `register_date` date NOT NULL,
  `role` varchar(45) NOT NULL,
  PRIMARY KEY (`id`),
  UNIQUE KEY `username_UNIQUE` (`username`)
) ENGINE=InnoDB AUTO_INCREMENT=23 DEFAULT CHARSET=utf8mb4 COLLATE=utf8mb4_0900_ai_ci

/*!40101 SET character_set_client = @saved_cs_client */

/*!40103 SET TIME_ZONE=@OLD_TIME_ZONE */

/*!40101 SET SQL_MODE=@OLD_SQL_MODE */

/*!40014 SET FOREIGN_KEY_CHECKS=@OLD_FOREIGN_KEY_CHECKS */

/*!40014 SET UNIQUE_CHECKS=@OLD_UNIQUE_CHECKS */

/*!40101 SET CHARACTER_SET_CLIENT=@OLD_CHARACTER_SET_CLIENT */

/*!40101 SET CHARACTER_SET_RESULTS=@OLD_CHARACTER_SET_RESULTS */

/*!40101 SET COLLATION_CONNECTION=@OLD_COLLATION_CONNECTION */

/*!40111 SET SQL_NOTES=@OLD_SQL_NOTES */

-- Dump completed on 2023-10-13 16:24:46
INSERT INTO practicatest.`users` (id, username, password, register_date, role) VALUES ('1', 'munkatea', 'pass1', '2008-7-04', 'ADMIN')

INSERT INTO practicatest.`users` (id, username, password, register_date, role) VALUES ('2', 'bradpitt', 'pass2', '2020-4-14', 'RECRUITER')

INSERT INTO practicatest.`users` (id, username, password, register_date, role) VALUES ('3', 'qtarantino', 'pass3', '2018-7-03', 'RECRUITER')

INSERT INTO practicatest.`users` (id, username, password, register_date, role) VALUES ('4', 'enidelcu', 'pass4', '2021-12-02', 'APPLICANT')

INSERT INTO practicatest.`users` (id, username, password, register_date, role) VALUES ('5', 'ludmila', 'pass5', '2010-1-31', 'APPLICANT')

INSERT INTO practicatest.`users` (id, username, password, register_date, role) VALUES ('6', 'gnelli', 'pass6', '2017-10-15', 'APPLICANT')

INSERT INTO practicatest.`users` (id, username, password, register_date, role) VALUES ('7', 'iuco', 'pass7', '2023-1-01', 'RECRUITER')

INSERT INTO practicatest.`users` (id, username, password, register_date, role) VALUES ('8', 'vbostan', 'pass8', '2019-4-13', 'RECRUITER')

INSERT INTO practicatest.`users` (id, username, password, register_date, role) VALUES ('9', 'hlanda', 'pass9', '2020-3-11', 'RECRUITER')

INSERT INTO practicatest.`users` (id, username, password, register_date, role) VALUES ('10', 'oppenheimer', 'pass10', '2013-3-27', 'APPLICANT')

INSERT INTO practicatest.`users` (id, username, password, register_date, role) VALUES ('11', 'holmes', 'pass11', '2009-5-31', 'APPLICANT')

INSERT INTO practicatest.`users` (id, username, password, register_date, role) VALUES ('12', 'rotaru', 'pass12', '2009-3-31', 'APPLICANT')

INSERT INTO practicatest.`users` (id, username, password, register_date, role) VALUES ('13', 'clima', 'pass13', '2009-7-31', 'RECRUITER')

INSERT INTO practicatest.`companies` (id, title, domain, about, phone_number, email, img_path) VALUES ('1', 'IUCOSOFT', 'IT', 'We work in JAVA', '060111111', 'email@iucosoft.com', 'img1.jpg')

INSERT INTO practicatest.`companies` (id, title, domain, about, phone_number, email, img_path) VALUES ('2', 'ORATORICA', 'EDUCATION', 'Courses for learning new languages', '060222222', 'oratorica@gmail.com', 'img2.jpg')

INSERT INTO practicatest.`companies` (id, title, domain, about, phone_number, email, img_path) VALUES ('3', 'DECOR', 'DESIGN', 'Design for posters and wallpapers', '060333333', 'mail@decor.md', 'img3.jpg')

INSERT INTO practicatest.`companies` (id, title, domain, about, phone_number, email, img_path) VALUES ('4', 'TKD', 'SPORT_BEAUTY_WELLNESS', 'Taekwondo sport club', '060444444', 'sport@tkd.com', 'img4.jpg')

INSERT INTO practicatest.`companies` (id, title, domain, about, phone_number, email, img_path) VALUES ('5', 'Andy\'s Pizza', 'FOOD', 'Y\'all know what does our company =-)', '060555555', 'andys.pizza@gmail.com', 'img5.jpg')

INSERT INTO practicatest.`companies` (id, title, domain, about, phone_number, email, img_path) VALUES ('6', 'Climatehnic', 'ENGINEERING', 'Good company', '079783222', 'climatehnic@gmail.com', 'img6.jpg')

INSERT INTO practicatest.`applicants` (id, name, surname, age, a_status, domain, cv, user_id, email, phone_number) VALUES ('1', 'Elena', 'Nidelcu', '19', 'STUDENT', 'IT', 'cv1.pdf', '4', 'elena.nidelcu@isa.utm.md', '060123456')

INSERT INTO practicatest.`applicants` (id, name, surname, age, a_status, domain, cv, user_id, email, phone_number) VALUES ('2', 'Ludmila', 'Friptu', '20', 'WORKING', 'EDUCATION', 'cv2.pdf', '5', 'friptu@gmail.com', '060234567')

INSERT INTO practicatest.`applicants` (id, name, surname, age, a_status, domain, cv, user_id, email, phone_number) VALUES ('3', 'Nelli', 'Garbuz', '18', 'STUDENT', 'DESIGN', 'cv3.pdf', '6', 'nelly@dip.utm.md', '060345678')

INSERT INTO practicatest.`applicants` (id, name, surname, age, a_status, domain, cv, user_id, email, phone_number) VALUES ('4', 'Robert', 'Oppenheimer', '40', 'WORKING', 'SPORT_BEAUTY_WELLNESS', 'cv4.pdf', '10', 'r.oppy@bomb.com', '060456789')

INSERT INTO practicatest.`applicants` (id, name, surname, age, a_status, domain, cv, user_id, email, phone_number) VALUES ('5', 'Sherlock', 'Holmes', '30', 'UNEMPLOYED', 'FOOD', 'cv5.pdf', '11', 'holmes@gmail.com', '060567890')

INSERT INTO practicatest.`applicants` (id, name, surname, age, a_status, domain, cv, user_id, email, phone_number) VALUES ('6', 'Rotaru', 'Dimitrie', '50', 'UNEMPLOYED', 'FOOD', 'cv6.pdf', '12', 'rotaru@gmail.com', '060567870')

INSERT INTO practicatest.`recruiters` (id, name, surname, user_id, company_id, email) VALUES ('1', 'Brad', 'Pitt', '2', '4', 'brad.pitt@tkd.md')

INSERT INTO practicatest.`recruiters` (id, name, surname, user_id, company_id, email) VALUES ('2', 'Quentin', 'Tarantino', '3', '5', 'quentin.tarantino@andis.md')

INSERT INTO practicatest.`recruiters` (id, name, surname, user_id, company_id, email) VALUES ('3', 'Iurie', 'Coropceanu', '7', '1', 'iurie.coropceanu@iucosoft.com')

INSERT INTO practicatest.`recruiters` (id, name, surname, user_id, company_id, email) VALUES ('4', 'Viorel', 'Bostan', '8', '2', 'viorel.bostan@oratorica.com')

INSERT INTO practicatest.`recruiters` (id, name, surname, user_id, company_id, email) VALUES ('5', 'Hans', 'Landa', '9', '3', 'hans.landa@decor.md')

INSERT INTO practicatest.`programmes` (id, title, domain, start_data, duration, company_id, duties, qualifications, benefits, location, paid) VALUES ('1', 'JAVA Developer', 'IT', '2020-3-05', '3 months', '1', 'Develop desktop apps', 'Know JAVA well', 'Work remotely', 'ONLINE', '0')

INSERT INTO practicatest.`programmes` (id, title, domain, start_data, duration, company_id, duties, qualifications, benefits, location, paid) VALUES ('2', 'English teacher', 'EDUCATION', '2016-7-09', '2 months', '2', 'Teach children', 'C1 in English', 'Hiring after internship', 'Chisinau', '0')

INSERT INTO practicatest.`programmes` (id, title, domain, start_data, duration, company_id, duties, qualifications, benefits, location, paid) VALUES ('3', 'Designer', 'DESIGN', '2023-5-25', '6 months', '3', 'Design personalised posters', 'Studii la UTM', 'Working with us', 'Chisinau', '1')

INSERT INTO practicatest.`programmes` (id, title, domain, start_data, duration, company_id, duties, qualifications, benefits, location, paid) VALUES ('4', 'Coach', 'SPORT_BEAUTY_WELLNESS', '2022-8-27', '4 months', '4', 'Coach people', 'Maestru al Sportului', 'No benefits', 'Balti', '1')

INSERT INTO practicatest.`programmes` (id, title, domain, start_data, duration, company_id, duties, qualifications, benefits, location, paid) VALUES ('5', 'Cook', 'FOOD', '2021-2-14', '5 weeks', '5', 'Boil eggs', 'No qualifications', 'Eat eggs', 'Cantemir', '0')

INSERT INTO practicatest.`programmes` (id, title, domain, start_data, duration, company_id, duties, qualifications, benefits, location, paid) VALUES ('6', 'Crazy', 'DESIGN', '2021-2-14', '3 weeks', '5', 'Do crazy stuff', 'No qualifications', 'Do crazy stuff', 'Causeni', '0')

INSERT INTO practicatest.`applications` (id, applicant_id, programme_id, application_date, cv, phone_number, email) VALUES ('1', '1', '1', '2023-10-10', 'cv1.pdf', '060123456', 'elena.nidelcu@isa.utm.md')

INSERT INTO practicatest.`applications` (id, applicant_id, programme_id, application_date, cv, phone_number, email) VALUES ('2', '2', '2', '2023-10-11', 'cv2.pdf', '060234567', 'friptu@gmail.com')

INSERT INTO practicatest.`applications` (id, applicant_id, programme_id, application_date, cv, phone_number, email) VALUES ('3', '3', '3', '2023-10-12', 'cv3.pdf', '060345678', 'nelly@dip.utm.md')

INSERT INTO practicatest.`applications` (id, applicant_id, programme_id, application_date, cv, phone_number, email) VALUES ('4', '4', '4', '2023-10-13', 'cv4.pdf', '060456789', 'r.oppy@bomb.com')

INSERT INTO practicatest.`applications` (id, applicant_id, programme_id, application_date, cv, phone_number, email) VALUES ('5', '5', '5', '2023-10-14', 'cv5.pdf', '060567890', 'holmes@gmail.com')

Tabelul s-a creat!
save
CREATE DATABASE  IF NOT EXISTS `practicatest` /*!40100 DEFAULT CHARACTER SET utf8mb3 */ /*!80016 DEFAULT ENCRYPTION='N' */

USE `practicatest`

-- MySQL dump 10.13  Distrib 8.0.34, for Win64 (x86_64)
--
-- Host: localhost    Database: practica
-- ------------------------------------------------------
-- Server version	8.0.34
/*!40101 SET @OLD_CHARACTER_SET_CLIENT=@@CHARACTER_SET_CLIENT */

/*!40101 SET @OLD_CHARACTER_SET_RESULTS=@@CHARACTER_SET_RESULTS */

/*!40101 SET @OLD_COLLATION_CONNECTION=@@COLLATION_CONNECTION */

/*!50503 SET NAMES utf8 */

/*!40103 SET @OLD_TIME_ZONE=@@TIME_ZONE */

/*!40103 SET TIME_ZONE='+00:00' */

/*!40014 SET @OLD_UNIQUE_CHECKS=@@UNIQUE_CHECKS, UNIQUE_CHECKS=0 */

/*!40014 SET @OLD_FOREIGN_KEY_CHECKS=@@FOREIGN_KEY_CHECKS, FOREIGN_KEY_CHECKS=0 */

/*!40101 SET @OLD_SQL_MODE=@@SQL_MODE, SQL_MODE='NO_AUTO_VALUE_ON_ZERO' */

/*!40111 SET @OLD_SQL_NOTES=@@SQL_NOTES, SQL_NOTES=0 */

--
-- Table structure for table `applicants`
--
DROP TABLE IF EXISTS `applicants`

/*!40101 SET @saved_cs_client     = @@character_set_client */

/*!50503 SET character_set_client = utf8mb4 */

CREATE TABLE `applicants` (
  `id` int NOT NULL AUTO_INCREMENT,
  `name` varchar(45) NOT NULL,
  `surname` varchar(45) NOT NULL,
  `age` int NOT NULL,
  `a_status` varchar(45) NOT NULL,
  `domain` varchar(45) NOT NULL,
  `cv` varchar(45) NOT NULL,
  `user_id` int NOT NULL,
  `email` varchar(45) NOT NULL,
  `phone_number` varchar(45) NOT NULL,
  PRIMARY KEY (`id`),
  KEY `fk_applicant_user_idx` (`user_id`),
  CONSTRAINT `fk_applicant_user` FOREIGN KEY (`user_id`) REFERENCES `users` (`id`)
) ENGINE=InnoDB AUTO_INCREMENT=6 DEFAULT CHARSET=utf8mb4 COLLATE=utf8mb4_0900_ai_ci

/*!40101 SET character_set_client = @saved_cs_client */

--
-- Table structure for table `applications`
--
DROP TABLE IF EXISTS `applications`

/*!40101 SET @saved_cs_client     = @@character_set_client */

/*!50503 SET character_set_client = utf8mb4 */

CREATE TABLE `applications` (
  `id` int NOT NULL AUTO_INCREMENT,
  `applicant_id` int NOT NULL,
  `programme_id` int NOT NULL,
  `application_date` date NOT NULL,
  `cv` varchar(45) NOT NULL,
  `phone_number` varchar(45) NOT NULL,
  `email` varchar(45) NOT NULL,
  `institution` varchar(45) DEFAULT NULL,
  PRIMARY KEY (`id`),
  KEY `fk_application_applicant_idx` (`applicant_id`),
  KEY `fk_application_programme_idx` (`programme_id`),
  CONSTRAINT `fk_application_applicant` FOREIGN KEY (`applicant_id`) REFERENCES `applicants` (`id`),
  CONSTRAINT `fk_application_programme` FOREIGN KEY (`programme_id`) REFERENCES `programmes` (`id`)
) ENGINE=InnoDB DEFAULT CHARSET=utf8mb4 COLLATE=utf8mb4_0900_ai_ci

/*!40101 SET character_set_client = @saved_cs_client */

--
-- Table structure for table `companies`
--
DROP TABLE IF EXISTS `companies`

/*!40101 SET @saved_cs_client     = @@character_set_client */

/*!50503 SET character_set_client = utf8mb4 */

CREATE TABLE `companies` (
  `id` int NOT NULL AUTO_INCREMENT,
  `title` varchar(45) NOT NULL,
  `domain` varchar(45) NOT NULL,
  `about` mediumtext NOT NULL,
  `phone_number` varchar(45) NOT NULL,
  `email` varchar(45) NOT NULL,
  `img_path` varchar(80) DEFAULT NULL,
  PRIMARY KEY (`id`),
  UNIQUE KEY `title_UNIQUE` (`title`)
) ENGINE=InnoDB AUTO_INCREMENT=20 DEFAULT CHARSET=utf8mb4 COLLATE=utf8mb4_0900_ai_ci

/*!40101 SET character_set_client = @saved_cs_client */

--
-- Table structure for table `programmes`
--
DROP TABLE IF EXISTS `programmes`

/*!40101 SET @saved_cs_client     = @@character_set_client */

/*!50503 SET character_set_client = utf8mb4 */

CREATE TABLE `programmes` (
  `id` int NOT NULL AUTO_INCREMENT,
  `title` varchar(45) NOT NULL,
  `domain` varchar(45) NOT NULL,
  `start_data` date NOT NULL,
  `duration` varchar(45) NOT NULL,
  `company_id` int NOT NULL,
  `duties` mediumtext NOT NULL,
  `qualifications` mediumtext NOT NULL,
  `benefits` mediumtext NOT NULL,
  `location` varchar(80) NOT NULL,
  `paid` tinyint NOT NULL,
  PRIMARY KEY (`id`),
  KEY `fk_programme_company_idx` (`company_id`),
  CONSTRAINT `fk_programme_company` FOREIGN KEY (`company_id`) REFERENCES `companies` (`id`)
) ENGINE=InnoDB DEFAULT CHARSET=utf8mb4 COLLATE=utf8mb4_0900_ai_ci

/*!40101 SET character_set_client = @saved_cs_client */

--
-- Table structure for table `recruiters`
--
DROP TABLE IF EXISTS `recruiters`

/*!40101 SET @saved_cs_client     = @@character_set_client */

/*!50503 SET character_set_client = utf8mb4 */

CREATE TABLE `recruiters` (
  `id` int NOT NULL AUTO_INCREMENT,
  `name` varchar(45) NOT NULL,
  `surname` varchar(45) NOT NULL,
  `user_id` int NOT NULL,
  `company_id` int NOT NULL,
  `email` varchar(45) NOT NULL,
  PRIMARY KEY (`id`),
  KEY `fk_recruiter_user_idx` (`user_id`),
  KEY `fk_recruiter_company_idx` (`company_id`),
  CONSTRAINT `fk_recruiter_company` FOREIGN KEY (`company_id`) REFERENCES `companies` (`id`),
  CONSTRAINT `fk_recruiter_user` FOREIGN KEY (`user_id`) REFERENCES `users` (`id`)
) ENGINE=InnoDB AUTO_INCREMENT=16 DEFAULT CHARSET=utf8mb4 COLLATE=utf8mb4_0900_ai_ci

/*!40101 SET character_set_client = @saved_cs_client */

--
-- Table structure for table `users`
--
DROP TABLE IF EXISTS `users`

/*!40101 SET @saved_cs_client     = @@character_set_client */

/*!50503 SET character_set_client = utf8mb4 */

CREATE TABLE `users` (
  `id` int NOT NULL AUTO_INCREMENT,
  `username` varchar(45) NOT NULL,
  `password` varchar(45) NOT NULL,
  `register_date` date NOT NULL,
  `role` varchar(45) NOT NULL,
  PRIMARY KEY (`id`),
  UNIQUE KEY `username_UNIQUE` (`username`)
) ENGINE=InnoDB AUTO_INCREMENT=23 DEFAULT CHARSET=utf8mb4 COLLATE=utf8mb4_0900_ai_ci

/*!40101 SET character_set_client = @saved_cs_client */

/*!40103 SET TIME_ZONE=@OLD_TIME_ZONE */

/*!40101 SET SQL_MODE=@OLD_SQL_MODE */

/*!40014 SET FOREIGN_KEY_CHECKS=@OLD_FOREIGN_KEY_CHECKS */

/*!40014 SET UNIQUE_CHECKS=@OLD_UNIQUE_CHECKS */

/*!40101 SET CHARACTER_SET_CLIENT=@OLD_CHARACTER_SET_CLIENT */

/*!40101 SET CHARACTER_SET_RESULTS=@OLD_CHARACTER_SET_RESULTS */

/*!40101 SET COLLATION_CONNECTION=@OLD_COLLATION_CONNECTION */

/*!40111 SET SQL_NOTES=@OLD_SQL_NOTES */

-- Dump completed on 2023-10-13 16:24:46
INSERT INTO practicatest.`users` (id, username, password, register_date, role) VALUES ('1', 'munkatea', 'pass1', '2008-7-04', 'ADMIN')

INSERT INTO practicatest.`users` (id, username, password, register_date, role) VALUES ('2', 'bradpitt', 'pass2', '2020-4-14', 'RECRUITER')

INSERT INTO practicatest.`users` (id, username, password, register_date, role) VALUES ('3', 'qtarantino', 'pass3', '2018-7-03', 'RECRUITER')

INSERT INTO practicatest.`users` (id, username, password, register_date, role) VALUES ('4', 'enidelcu', 'pass4', '2021-12-02', 'APPLICANT')

INSERT INTO practicatest.`users` (id, username, password, register_date, role) VALUES ('5', 'ludmila', 'pass5', '2010-1-31', 'APPLICANT')

INSERT INTO practicatest.`users` (id, username, password, register_date, role) VALUES ('6', 'gnelli', 'pass6', '2017-10-15', 'APPLICANT')

INSERT INTO practicatest.`users` (id, username, password, register_date, role) VALUES ('7', 'iuco', 'pass7', '2023-1-01', 'RECRUITER')

INSERT INTO practicatest.`users` (id, username, password, register_date, role) VALUES ('8', 'vbostan', 'pass8', '2019-4-13', 'RECRUITER')

INSERT INTO practicatest.`users` (id, username, password, register_date, role) VALUES ('9', 'hlanda', 'pass9', '2020-3-11', 'RECRUITER')

INSERT INTO practicatest.`users` (id, username, password, register_date, role) VALUES ('10', 'oppenheimer', 'pass10', '2013-3-27', 'APPLICANT')

INSERT INTO practicatest.`users` (id, username, password, register_date, role) VALUES ('11', 'holmes', 'pass11', '2009-5-31', 'APPLICANT')

INSERT INTO practicatest.`users` (id, username, password, register_date, role) VALUES ('12', 'rotaru', 'pass12', '2009-3-31', 'APPLICANT')

INSERT INTO practicatest.`users` (id, username, password, register_date, role) VALUES ('13', 'clima', 'pass13', '2009-7-31', 'RECRUITER')

INSERT INTO practicatest.`companies` (id, title, domain, about, phone_number, email, img_path) VALUES ('1', 'IUCOSOFT', 'IT', 'We work in JAVA', '060111111', 'email@iucosoft.com', 'img1.jpg')

INSERT INTO practicatest.`companies` (id, title, domain, about, phone_number, email, img_path) VALUES ('2', 'ORATORICA', 'EDUCATION', 'Courses for learning new languages', '060222222', 'oratorica@gmail.com', 'img2.jpg')

INSERT INTO practicatest.`companies` (id, title, domain, about, phone_number, email, img_path) VALUES ('3', 'DECOR', 'DESIGN', 'Design for posters and wallpapers', '060333333', 'mail@decor.md', 'img3.jpg')

INSERT INTO practicatest.`companies` (id, title, domain, about, phone_number, email, img_path) VALUES ('4', 'TKD', 'SPORT_BEAUTY_WELLNESS', 'Taekwondo sport club', '060444444', 'sport@tkd.com', 'img4.jpg')

INSERT INTO practicatest.`companies` (id, title, domain, about, phone_number, email, img_path) VALUES ('5', 'Andy\'s Pizza', 'FOOD', 'Y\'all know what does our company =-)', '060555555', 'andys.pizza@gmail.com', 'img5.jpg')

INSERT INTO practicatest.`companies` (id, title, domain, about, phone_number, email, img_path) VALUES ('6', 'Climatehnic', 'ENGINEERING', 'Good company', '079783222', 'climatehnic@gmail.com', 'img6.jpg')

INSERT INTO practicatest.`applicants` (id, name, surname, age, a_status, domain, cv, user_id, email, phone_number) VALUES ('1', 'Elena', 'Nidelcu', '19', 'STUDENT', 'IT', 'cv1.pdf', '4', 'elena.nidelcu@isa.utm.md', '060123456')

INSERT INTO practicatest.`applicants` (id, name, surname, age, a_status, domain, cv, user_id, email, phone_number) VALUES ('2', 'Ludmila', 'Friptu', '20', 'WORKING', 'EDUCATION', 'cv2.pdf', '5', 'friptu@gmail.com', '060234567')

INSERT INTO practicatest.`applicants` (id, name, surname, age, a_status, domain, cv, user_id, email, phone_number) VALUES ('3', 'Nelli', 'Garbuz', '18', 'STUDENT', 'DESIGN', 'cv3.pdf', '6', 'nelly@dip.utm.md', '060345678')

INSERT INTO practicatest.`applicants` (id, name, surname, age, a_status, domain, cv, user_id, email, phone_number) VALUES ('4', 'Robert', 'Oppenheimer', '40', 'WORKING', 'SPORT_BEAUTY_WELLNESS', 'cv4.pdf', '10', 'r.oppy@bomb.com', '060456789')

INSERT INTO practicatest.`applicants` (id, name, surname, age, a_status, domain, cv, user_id, email, phone_number) VALUES ('5', 'Sherlock', 'Holmes', '30', 'UNEMPLOYED', 'FOOD', 'cv5.pdf', '11', 'holmes@gmail.com', '060567890')

INSERT INTO practicatest.`applicants` (id, name, surname, age, a_status, domain, cv, user_id, email, phone_number) VALUES ('6', 'Rotaru', 'Dimitrie', '50', 'UNEMPLOYED', 'FOOD', 'cv6.pdf', '12', 'rotaru@gmail.com', '060567870')

INSERT INTO practicatest.`recruiters` (id, name, surname, user_id, company_id, email) VALUES ('1', 'Brad', 'Pitt', '2', '4', 'brad.pitt@tkd.md')

INSERT INTO practicatest.`recruiters` (id, name, surname, user_id, company_id, email) VALUES ('2', 'Quentin', 'Tarantino', '3', '5', 'quentin.tarantino@andis.md')

INSERT INTO practicatest.`recruiters` (id, name, surname, user_id, company_id, email) VALUES ('3', 'Iurie', 'Coropceanu', '7', '1', 'iurie.coropceanu@iucosoft.com')

INSERT INTO practicatest.`recruiters` (id, name, surname, user_id, company_id, email) VALUES ('4', 'Viorel', 'Bostan', '8', '2', 'viorel.bostan@oratorica.com')

INSERT INTO practicatest.`recruiters` (id, name, surname, user_id, company_id, email) VALUES ('5', 'Hans', 'Landa', '9', '3', 'hans.landa@decor.md')

INSERT INTO practicatest.`programmes` (id, title, domain, start_data, duration, company_id, duties, qualifications, benefits, location, paid) VALUES ('1', 'JAVA Developer', 'IT', '2020-3-05', '3 months', '1', 'Develop desktop apps', 'Know JAVA well', 'Work remotely', 'ONLINE', '0')

INSERT INTO practicatest.`programmes` (id, title, domain, start_data, duration, company_id, duties, qualifications, benefits, location, paid) VALUES ('2', 'English teacher', 'EDUCATION', '2016-7-09', '2 months', '2', 'Teach children', 'C1 in English', 'Hiring after internship', 'Chisinau', '0')

INSERT INTO practicatest.`programmes` (id, title, domain, start_data, duration, company_id, duties, qualifications, benefits, location, paid) VALUES ('3', 'Designer', 'DESIGN', '2023-5-25', '6 months', '3', 'Design personalised posters', 'Studii la UTM', 'Working with us', 'Chisinau', '1')

INSERT INTO practicatest.`programmes` (id, title, domain, start_data, duration, company_id, duties, qualifications, benefits, location, paid) VALUES ('4', 'Coach', 'SPORT_BEAUTY_WELLNESS', '2022-8-27', '4 months', '4', 'Coach people', 'Maestru al Sportului', 'No benefits', 'Balti', '1')

INSERT INTO practicatest.`programmes` (id, title, domain, start_data, duration, company_id, duties, qualifications, benefits, location, paid) VALUES ('5', 'Cook', 'FOOD', '2021-2-14', '5 weeks', '5', 'Boil eggs', 'No qualifications', 'Eat eggs', 'Cantemir', '0')

INSERT INTO practicatest.`programmes` (id, title, domain, start_data, duration, company_id, duties, qualifications, benefits, location, paid) VALUES ('6', 'Crazy', 'DESIGN', '2021-2-14', '3 weeks', '5', 'Do crazy stuff', 'No qualifications', 'Do crazy stuff', 'Causeni', '0')

INSERT INTO practicatest.`applications` (id, applicant_id, programme_id, application_date, cv, phone_number, email) VALUES ('1', '1', '1', '2023-10-10', 'cv1.pdf', '060123456', 'elena.nidelcu@isa.utm.md')

INSERT INTO practicatest.`applications` (id, applicant_id, programme_id, application_date, cv, phone_number, email) VALUES ('2', '2', '2', '2023-10-11', 'cv2.pdf', '060234567', 'friptu@gmail.com')

INSERT INTO practicatest.`applications` (id, applicant_id, programme_id, application_date, cv, phone_number, email) VALUES ('3', '3', '3', '2023-10-12', 'cv3.pdf', '060345678', 'nelly@dip.utm.md')

INSERT INTO practicatest.`applications` (id, applicant_id, programme_id, application_date, cv, phone_number, email) VALUES ('4', '4', '4', '2023-10-13', 'cv4.pdf', '060456789', 'r.oppy@bomb.com')

INSERT INTO practicatest.`applications` (id, applicant_id, programme_id, application_date, cv, phone_number, email) VALUES ('5', '5', '5', '2023-10-14', 'cv5.pdf', '060567890', 'holmes@gmail.com')

Tabelul s-a creat!
findById
CREATE DATABASE  IF NOT EXISTS `practicatest` /*!40100 DEFAULT CHARACTER SET utf8mb3 */ /*!80016 DEFAULT ENCRYPTION='N' */

USE `practicatest`

-- MySQL dump 10.13  Distrib 8.0.34, for Win64 (x86_64)
--
-- Host: localhost    Database: practica
-- ------------------------------------------------------
-- Server version	8.0.34
/*!40101 SET @OLD_CHARACTER_SET_CLIENT=@@CHARACTER_SET_CLIENT */

/*!40101 SET @OLD_CHARACTER_SET_RESULTS=@@CHARACTER_SET_RESULTS */

/*!40101 SET @OLD_COLLATION_CONNECTION=@@COLLATION_CONNECTION */

/*!50503 SET NAMES utf8 */

/*!40103 SET @OLD_TIME_ZONE=@@TIME_ZONE */

/*!40103 SET TIME_ZONE='+00:00' */

/*!40014 SET @OLD_UNIQUE_CHECKS=@@UNIQUE_CHECKS, UNIQUE_CHECKS=0 */

/*!40014 SET @OLD_FOREIGN_KEY_CHECKS=@@FOREIGN_KEY_CHECKS, FOREIGN_KEY_CHECKS=0 */

/*!40101 SET @OLD_SQL_MODE=@@SQL_MODE, SQL_MODE='NO_AUTO_VALUE_ON_ZERO' */

/*!40111 SET @OLD_SQL_NOTES=@@SQL_NOTES, SQL_NOTES=0 */

--
-- Table structure for table `applicants`
--
DROP TABLE IF EXISTS `applicants`

/*!40101 SET @saved_cs_client     = @@character_set_client */

/*!50503 SET character_set_client = utf8mb4 */

CREATE TABLE `applicants` (
  `id` int NOT NULL AUTO_INCREMENT,
  `name` varchar(45) NOT NULL,
  `surname` varchar(45) NOT NULL,
  `age` int NOT NULL,
  `a_status` varchar(45) NOT NULL,
  `domain` varchar(45) NOT NULL,
  `cv` varchar(45) NOT NULL,
  `user_id` int NOT NULL,
  `email` varchar(45) NOT NULL,
  `phone_number` varchar(45) NOT NULL,
  PRIMARY KEY (`id`),
  KEY `fk_applicant_user_idx` (`user_id`),
  CONSTRAINT `fk_applicant_user` FOREIGN KEY (`user_id`) REFERENCES `users` (`id`)
) ENGINE=InnoDB AUTO_INCREMENT=6 DEFAULT CHARSET=utf8mb4 COLLATE=utf8mb4_0900_ai_ci

/*!40101 SET character_set_client = @saved_cs_client */

--
-- Table structure for table `applications`
--
DROP TABLE IF EXISTS `applications`

/*!40101 SET @saved_cs_client     = @@character_set_client */

/*!50503 SET character_set_client = utf8mb4 */

CREATE TABLE `applications` (
  `id` int NOT NULL AUTO_INCREMENT,
  `applicant_id` int NOT NULL,
  `programme_id` int NOT NULL,
  `application_date` date NOT NULL,
  `cv` varchar(45) NOT NULL,
  `phone_number` varchar(45) NOT NULL,
  `email` varchar(45) NOT NULL,
  `institution` varchar(45) DEFAULT NULL,
  PRIMARY KEY (`id`),
  KEY `fk_application_applicant_idx` (`applicant_id`),
  KEY `fk_application_programme_idx` (`programme_id`),
  CONSTRAINT `fk_application_applicant` FOREIGN KEY (`applicant_id`) REFERENCES `applicants` (`id`),
  CONSTRAINT `fk_application_programme` FOREIGN KEY (`programme_id`) REFERENCES `programmes` (`id`)
) ENGINE=InnoDB DEFAULT CHARSET=utf8mb4 COLLATE=utf8mb4_0900_ai_ci

/*!40101 SET character_set_client = @saved_cs_client */

--
-- Table structure for table `companies`
--
DROP TABLE IF EXISTS `companies`

/*!40101 SET @saved_cs_client     = @@character_set_client */

/*!50503 SET character_set_client = utf8mb4 */

CREATE TABLE `companies` (
  `id` int NOT NULL AUTO_INCREMENT,
  `title` varchar(45) NOT NULL,
  `domain` varchar(45) NOT NULL,
  `about` mediumtext NOT NULL,
  `phone_number` varchar(45) NOT NULL,
  `email` varchar(45) NOT NULL,
  `img_path` varchar(80) DEFAULT NULL,
  PRIMARY KEY (`id`),
  UNIQUE KEY `title_UNIQUE` (`title`)
) ENGINE=InnoDB AUTO_INCREMENT=20 DEFAULT CHARSET=utf8mb4 COLLATE=utf8mb4_0900_ai_ci

/*!40101 SET character_set_client = @saved_cs_client */

--
-- Table structure for table `programmes`
--
DROP TABLE IF EXISTS `programmes`

/*!40101 SET @saved_cs_client     = @@character_set_client */

/*!50503 SET character_set_client = utf8mb4 */

CREATE TABLE `programmes` (
  `id` int NOT NULL AUTO_INCREMENT,
  `title` varchar(45) NOT NULL,
  `domain` varchar(45) NOT NULL,
  `start_data` date NOT NULL,
  `duration` varchar(45) NOT NULL,
  `company_id` int NOT NULL,
  `duties` mediumtext NOT NULL,
  `qualifications` mediumtext NOT NULL,
  `benefits` mediumtext NOT NULL,
  `location` varchar(80) NOT NULL,
  `paid` tinyint NOT NULL,
  PRIMARY KEY (`id`),
  KEY `fk_programme_company_idx` (`company_id`),
  CONSTRAINT `fk_programme_company` FOREIGN KEY (`company_id`) REFERENCES `companies` (`id`)
) ENGINE=InnoDB DEFAULT CHARSET=utf8mb4 COLLATE=utf8mb4_0900_ai_ci

/*!40101 SET character_set_client = @saved_cs_client */

--
-- Table structure for table `recruiters`
--
DROP TABLE IF EXISTS `recruiters`

/*!40101 SET @saved_cs_client     = @@character_set_client */

/*!50503 SET character_set_client = utf8mb4 */

CREATE TABLE `recruiters` (
  `id` int NOT NULL AUTO_INCREMENT,
  `name` varchar(45) NOT NULL,
  `surname` varchar(45) NOT NULL,
  `user_id` int NOT NULL,
  `company_id` int NOT NULL,
  `email` varchar(45) NOT NULL,
  PRIMARY KEY (`id`),
  KEY `fk_recruiter_user_idx` (`user_id`),
  KEY `fk_recruiter_company_idx` (`company_id`),
  CONSTRAINT `fk_recruiter_company` FOREIGN KEY (`company_id`) REFERENCES `companies` (`id`),
  CONSTRAINT `fk_recruiter_user` FOREIGN KEY (`user_id`) REFERENCES `users` (`id`)
) ENGINE=InnoDB AUTO_INCREMENT=16 DEFAULT CHARSET=utf8mb4 COLLATE=utf8mb4_0900_ai_ci

/*!40101 SET character_set_client = @saved_cs_client */

--
-- Table structure for table `users`
--
DROP TABLE IF EXISTS `users`

/*!40101 SET @saved_cs_client     = @@character_set_client */

/*!50503 SET character_set_client = utf8mb4 */

CREATE TABLE `users` (
  `id` int NOT NULL AUTO_INCREMENT,
  `username` varchar(45) NOT NULL,
  `password` varchar(45) NOT NULL,
  `register_date` date NOT NULL,
  `role` varchar(45) NOT NULL,
  PRIMARY KEY (`id`),
  UNIQUE KEY `username_UNIQUE` (`username`)
) ENGINE=InnoDB AUTO_INCREMENT=23 DEFAULT CHARSET=utf8mb4 COLLATE=utf8mb4_0900_ai_ci

/*!40101 SET character_set_client = @saved_cs_client */

/*!40103 SET TIME_ZONE=@OLD_TIME_ZONE */

/*!40101 SET SQL_MODE=@OLD_SQL_MODE */

/*!40014 SET FOREIGN_KEY_CHECKS=@OLD_FOREIGN_KEY_CHECKS */

/*!40014 SET UNIQUE_CHECKS=@OLD_UNIQUE_CHECKS */

/*!40101 SET CHARACTER_SET_CLIENT=@OLD_CHARACTER_SET_CLIENT */

/*!40101 SET CHARACTER_SET_RESULTS=@OLD_CHARACTER_SET_RESULTS */

/*!40101 SET COLLATION_CONNECTION=@OLD_COLLATION_CONNECTION */

/*!40111 SET SQL_NOTES=@OLD_SQL_NOTES */

-- Dump completed on 2023-10-13 16:24:46
INSERT INTO practicatest.`users` (id, username, password, register_date, role) VALUES ('1', 'munkatea', 'pass1', '2008-7-04', 'ADMIN')

INSERT INTO practicatest.`users` (id, username, password, register_date, role) VALUES ('2', 'bradpitt', 'pass2', '2020-4-14', 'RECRUITER')

INSERT INTO practicatest.`users` (id, username, password, register_date, role) VALUES ('3', 'qtarantino', 'pass3', '2018-7-03', 'RECRUITER')

INSERT INTO practicatest.`users` (id, username, password, register_date, role) VALUES ('4', 'enidelcu', 'pass4', '2021-12-02', 'APPLICANT')

INSERT INTO practicatest.`users` (id, username, password, register_date, role) VALUES ('5', 'ludmila', 'pass5', '2010-1-31', 'APPLICANT')

INSERT INTO practicatest.`users` (id, username, password, register_date, role) VALUES ('6', 'gnelli', 'pass6', '2017-10-15', 'APPLICANT')

INSERT INTO practicatest.`users` (id, username, password, register_date, role) VALUES ('7', 'iuco', 'pass7', '2023-1-01', 'RECRUITER')

INSERT INTO practicatest.`users` (id, username, password, register_date, role) VALUES ('8', 'vbostan', 'pass8', '2019-4-13', 'RECRUITER')

INSERT INTO practicatest.`users` (id, username, password, register_date, role) VALUES ('9', 'hlanda', 'pass9', '2020-3-11', 'RECRUITER')

INSERT INTO practicatest.`users` (id, username, password, register_date, role) VALUES ('10', 'oppenheimer', 'pass10', '2013-3-27', 'APPLICANT')

INSERT INTO practicatest.`users` (id, username, password, register_date, role) VALUES ('11', 'holmes', 'pass11', '2009-5-31', 'APPLICANT')

INSERT INTO practicatest.`users` (id, username, password, register_date, role) VALUES ('12', 'rotaru', 'pass12', '2009-3-31', 'APPLICANT')

INSERT INTO practicatest.`users` (id, username, password, register_date, role) VALUES ('13', 'clima', 'pass13', '2009-7-31', 'RECRUITER')

INSERT INTO practicatest.`companies` (id, title, domain, about, phone_number, email, img_path) VALUES ('1', 'IUCOSOFT', 'IT', 'We work in JAVA', '060111111', 'email@iucosoft.com', 'img1.jpg')

INSERT INTO practicatest.`companies` (id, title, domain, about, phone_number, email, img_path) VALUES ('2', 'ORATORICA', 'EDUCATION', 'Courses for learning new languages', '060222222', 'oratorica@gmail.com', 'img2.jpg')

INSERT INTO practicatest.`companies` (id, title, domain, about, phone_number, email, img_path) VALUES ('3', 'DECOR', 'DESIGN', 'Design for posters and wallpapers', '060333333', 'mail@decor.md', 'img3.jpg')

INSERT INTO practicatest.`companies` (id, title, domain, about, phone_number, email, img_path) VALUES ('4', 'TKD', 'SPORT_BEAUTY_WELLNESS', 'Taekwondo sport club', '060444444', 'sport@tkd.com', 'img4.jpg')

INSERT INTO practicatest.`companies` (id, title, domain, about, phone_number, email, img_path) VALUES ('5', 'Andy\'s Pizza', 'FOOD', 'Y\'all know what does our company =-)', '060555555', 'andys.pizza@gmail.com', 'img5.jpg')

INSERT INTO practicatest.`companies` (id, title, domain, about, phone_number, email, img_path) VALUES ('6', 'Climatehnic', 'ENGINEERING', 'Good company', '079783222', 'climatehnic@gmail.com', 'img6.jpg')

INSERT INTO practicatest.`applicants` (id, name, surname, age, a_status, domain, cv, user_id, email, phone_number) VALUES ('1', 'Elena', 'Nidelcu', '19', 'STUDENT', 'IT', 'cv1.pdf', '4', 'elena.nidelcu@isa.utm.md', '060123456')

INSERT INTO practicatest.`applicants` (id, name, surname, age, a_status, domain, cv, user_id, email, phone_number) VALUES ('2', 'Ludmila', 'Friptu', '20', 'WORKING', 'EDUCATION', 'cv2.pdf', '5', 'friptu@gmail.com', '060234567')

INSERT INTO practicatest.`applicants` (id, name, surname, age, a_status, domain, cv, user_id, email, phone_number) VALUES ('3', 'Nelli', 'Garbuz', '18', 'STUDENT', 'DESIGN', 'cv3.pdf', '6', 'nelly@dip.utm.md', '060345678')

INSERT INTO practicatest.`applicants` (id, name, surname, age, a_status, domain, cv, user_id, email, phone_number) VALUES ('4', 'Robert', 'Oppenheimer', '40', 'WORKING', 'SPORT_BEAUTY_WELLNESS', 'cv4.pdf', '10', 'r.oppy@bomb.com', '060456789')

INSERT INTO practicatest.`applicants` (id, name, surname, age, a_status, domain, cv, user_id, email, phone_number) VALUES ('5', 'Sherlock', 'Holmes', '30', 'UNEMPLOYED', 'FOOD', 'cv5.pdf', '11', 'holmes@gmail.com', '060567890')

INSERT INTO practicatest.`applicants` (id, name, surname, age, a_status, domain, cv, user_id, email, phone_number) VALUES ('6', 'Rotaru', 'Dimitrie', '50', 'UNEMPLOYED', 'FOOD', 'cv6.pdf', '12', 'rotaru@gmail.com', '060567870')

INSERT INTO practicatest.`recruiters` (id, name, surname, user_id, company_id, email) VALUES ('1', 'Brad', 'Pitt', '2', '4', 'brad.pitt@tkd.md')

INSERT INTO practicatest.`recruiters` (id, name, surname, user_id, company_id, email) VALUES ('2', 'Quentin', 'Tarantino', '3', '5', 'quentin.tarantino@andis.md')

INSERT INTO practicatest.`recruiters` (id, name, surname, user_id, company_id, email) VALUES ('3', 'Iurie', 'Coropceanu', '7', '1', 'iurie.coropceanu@iucosoft.com')

INSERT INTO practicatest.`recruiters` (id, name, surname, user_id, company_id, email) VALUES ('4', 'Viorel', 'Bostan', '8', '2', 'viorel.bostan@oratorica.com')

INSERT INTO practicatest.`recruiters` (id, name, surname, user_id, company_id, email) VALUES ('5', 'Hans', 'Landa', '9', '3', 'hans.landa@decor.md')

INSERT INTO practicatest.`programmes` (id, title, domain, start_data, duration, company_id, duties, qualifications, benefits, location, paid) VALUES ('1', 'JAVA Developer', 'IT', '2020-3-05', '3 months', '1', 'Develop desktop apps', 'Know JAVA well', 'Work remotely', 'ONLINE', '0')

INSERT INTO practicatest.`programmes` (id, title, domain, start_data, duration, company_id, duties, qualifications, benefits, location, paid) VALUES ('2', 'English teacher', 'EDUCATION', '2016-7-09', '2 months', '2', 'Teach children', 'C1 in English', 'Hiring after internship', 'Chisinau', '0')

INSERT INTO practicatest.`programmes` (id, title, domain, start_data, duration, company_id, duties, qualifications, benefits, location, paid) VALUES ('3', 'Designer', 'DESIGN', '2023-5-25', '6 months', '3', 'Design personalised posters', 'Studii la UTM', 'Working with us', 'Chisinau', '1')

INSERT INTO practicatest.`programmes` (id, title, domain, start_data, duration, company_id, duties, qualifications, benefits, location, paid) VALUES ('4', 'Coach', 'SPORT_BEAUTY_WELLNESS', '2022-8-27', '4 months', '4', 'Coach people', 'Maestru al Sportului', 'No benefits', 'Balti', '1')

INSERT INTO practicatest.`programmes` (id, title, domain, start_data, duration, company_id, duties, qualifications, benefits, location, paid) VALUES ('5', 'Cook', 'FOOD', '2021-2-14', '5 weeks', '5', 'Boil eggs', 'No qualifications', 'Eat eggs', 'Cantemir', '0')

INSERT INTO practicatest.`programmes` (id, title, domain, start_data, duration, company_id, duties, qualifications, benefits, location, paid) VALUES ('6', 'Crazy', 'DESIGN', '2021-2-14', '3 weeks', '5', 'Do crazy stuff', 'No qualifications', 'Do crazy stuff', 'Causeni', '0')

INSERT INTO practicatest.`applications` (id, applicant_id, programme_id, application_date, cv, phone_number, email) VALUES ('1', '1', '1', '2023-10-10', 'cv1.pdf', '060123456', 'elena.nidelcu@isa.utm.md')

INSERT INTO practicatest.`applications` (id, applicant_id, programme_id, application_date, cv, phone_number, email) VALUES ('2', '2', '2', '2023-10-11', 'cv2.pdf', '060234567', 'friptu@gmail.com')

INSERT INTO practicatest.`applications` (id, applicant_id, programme_id, application_date, cv, phone_number, email) VALUES ('3', '3', '3', '2023-10-12', 'cv3.pdf', '060345678', 'nelly@dip.utm.md')

INSERT INTO practicatest.`applications` (id, applicant_id, programme_id, application_date, cv, phone_number, email) VALUES ('4', '4', '4', '2023-10-13', 'cv4.pdf', '060456789', 'r.oppy@bomb.com')

INSERT INTO practicatest.`applications` (id, applicant_id, programme_id, application_date, cv, phone_number, email) VALUES ('5', '5', '5', '2023-10-14', 'cv5.pdf', '060567890', 'holmes@gmail.com')

Tabelul s-a creat!
findAllByCompanyId
CREATE DATABASE  IF NOT EXISTS `practicatest` /*!40100 DEFAULT CHARACTER SET utf8mb3 */ /*!80016 DEFAULT ENCRYPTION='N' */

USE `practicatest`

-- MySQL dump 10.13  Distrib 8.0.34, for Win64 (x86_64)
--
-- Host: localhost    Database: practica
-- ------------------------------------------------------
-- Server version	8.0.34
/*!40101 SET @OLD_CHARACTER_SET_CLIENT=@@CHARACTER_SET_CLIENT */

/*!40101 SET @OLD_CHARACTER_SET_RESULTS=@@CHARACTER_SET_RESULTS */

/*!40101 SET @OLD_COLLATION_CONNECTION=@@COLLATION_CONNECTION */

/*!50503 SET NAMES utf8 */

/*!40103 SET @OLD_TIME_ZONE=@@TIME_ZONE */

/*!40103 SET TIME_ZONE='+00:00' */

/*!40014 SET @OLD_UNIQUE_CHECKS=@@UNIQUE_CHECKS, UNIQUE_CHECKS=0 */

/*!40014 SET @OLD_FOREIGN_KEY_CHECKS=@@FOREIGN_KEY_CHECKS, FOREIGN_KEY_CHECKS=0 */

/*!40101 SET @OLD_SQL_MODE=@@SQL_MODE, SQL_MODE='NO_AUTO_VALUE_ON_ZERO' */

/*!40111 SET @OLD_SQL_NOTES=@@SQL_NOTES, SQL_NOTES=0 */

--
-- Table structure for table `applicants`
--
DROP TABLE IF EXISTS `applicants`

/*!40101 SET @saved_cs_client     = @@character_set_client */

/*!50503 SET character_set_client = utf8mb4 */

CREATE TABLE `applicants` (
  `id` int NOT NULL AUTO_INCREMENT,
  `name` varchar(45) NOT NULL,
  `surname` varchar(45) NOT NULL,
  `age` int NOT NULL,
  `a_status` varchar(45) NOT NULL,
  `domain` varchar(45) NOT NULL,
  `cv` varchar(45) NOT NULL,
  `user_id` int NOT NULL,
  `email` varchar(45) NOT NULL,
  `phone_number` varchar(45) NOT NULL,
  PRIMARY KEY (`id`),
  KEY `fk_applicant_user_idx` (`user_id`),
  CONSTRAINT `fk_applicant_user` FOREIGN KEY (`user_id`) REFERENCES `users` (`id`)
) ENGINE=InnoDB AUTO_INCREMENT=6 DEFAULT CHARSET=utf8mb4 COLLATE=utf8mb4_0900_ai_ci

/*!40101 SET character_set_client = @saved_cs_client */

--
-- Table structure for table `applications`
--
DROP TABLE IF EXISTS `applications`

/*!40101 SET @saved_cs_client     = @@character_set_client */

/*!50503 SET character_set_client = utf8mb4 */

CREATE TABLE `applications` (
  `id` int NOT NULL AUTO_INCREMENT,
  `applicant_id` int NOT NULL,
  `programme_id` int NOT NULL,
  `application_date` date NOT NULL,
  `cv` varchar(45) NOT NULL,
  `phone_number` varchar(45) NOT NULL,
  `email` varchar(45) NOT NULL,
  `institution` varchar(45) DEFAULT NULL,
  PRIMARY KEY (`id`),
  KEY `fk_application_applicant_idx` (`applicant_id`),
  KEY `fk_application_programme_idx` (`programme_id`),
  CONSTRAINT `fk_application_applicant` FOREIGN KEY (`applicant_id`) REFERENCES `applicants` (`id`),
  CONSTRAINT `fk_application_programme` FOREIGN KEY (`programme_id`) REFERENCES `programmes` (`id`)
) ENGINE=InnoDB DEFAULT CHARSET=utf8mb4 COLLATE=utf8mb4_0900_ai_ci

/*!40101 SET character_set_client = @saved_cs_client */

--
-- Table structure for table `companies`
--
DROP TABLE IF EXISTS `companies`

/*!40101 SET @saved_cs_client     = @@character_set_client */

/*!50503 SET character_set_client = utf8mb4 */

CREATE TABLE `companies` (
  `id` int NOT NULL AUTO_INCREMENT,
  `title` varchar(45) NOT NULL,
  `domain` varchar(45) NOT NULL,
  `about` mediumtext NOT NULL,
  `phone_number` varchar(45) NOT NULL,
  `email` varchar(45) NOT NULL,
  `img_path` varchar(80) DEFAULT NULL,
  PRIMARY KEY (`id`),
  UNIQUE KEY `title_UNIQUE` (`title`)
) ENGINE=InnoDB AUTO_INCREMENT=20 DEFAULT CHARSET=utf8mb4 COLLATE=utf8mb4_0900_ai_ci

/*!40101 SET character_set_client = @saved_cs_client */

--
-- Table structure for table `programmes`
--
DROP TABLE IF EXISTS `programmes`

/*!40101 SET @saved_cs_client     = @@character_set_client */

/*!50503 SET character_set_client = utf8mb4 */

CREATE TABLE `programmes` (
  `id` int NOT NULL AUTO_INCREMENT,
  `title` varchar(45) NOT NULL,
  `domain` varchar(45) NOT NULL,
  `start_data` date NOT NULL,
  `duration` varchar(45) NOT NULL,
  `company_id` int NOT NULL,
  `duties` mediumtext NOT NULL,
  `qualifications` mediumtext NOT NULL,
  `benefits` mediumtext NOT NULL,
  `location` varchar(80) NOT NULL,
  `paid` tinyint NOT NULL,
  PRIMARY KEY (`id`),
  KEY `fk_programme_company_idx` (`company_id`),
  CONSTRAINT `fk_programme_company` FOREIGN KEY (`company_id`) REFERENCES `companies` (`id`)
) ENGINE=InnoDB DEFAULT CHARSET=utf8mb4 COLLATE=utf8mb4_0900_ai_ci

/*!40101 SET character_set_client = @saved_cs_client */

--
-- Table structure for table `recruiters`
--
DROP TABLE IF EXISTS `recruiters`

/*!40101 SET @saved_cs_client     = @@character_set_client */

/*!50503 SET character_set_client = utf8mb4 */

CREATE TABLE `recruiters` (
  `id` int NOT NULL AUTO_INCREMENT,
  `name` varchar(45) NOT NULL,
  `surname` varchar(45) NOT NULL,
  `user_id` int NOT NULL,
  `company_id` int NOT NULL,
  `email` varchar(45) NOT NULL,
  PRIMARY KEY (`id`),
  KEY `fk_recruiter_user_idx` (`user_id`),
  KEY `fk_recruiter_company_idx` (`company_id`),
  CONSTRAINT `fk_recruiter_company` FOREIGN KEY (`company_id`) REFERENCES `companies` (`id`),
  CONSTRAINT `fk_recruiter_user` FOREIGN KEY (`user_id`) REFERENCES `users` (`id`)
) ENGINE=InnoDB AUTO_INCREMENT=16 DEFAULT CHARSET=utf8mb4 COLLATE=utf8mb4_0900_ai_ci

/*!40101 SET character_set_client = @saved_cs_client */

--
-- Table structure for table `users`
--
DROP TABLE IF EXISTS `users`

/*!40101 SET @saved_cs_client     = @@character_set_client */

/*!50503 SET character_set_client = utf8mb4 */

CREATE TABLE `users` (
  `id` int NOT NULL AUTO_INCREMENT,
  `username` varchar(45) NOT NULL,
  `password` varchar(45) NOT NULL,
  `register_date` date NOT NULL,
  `role` varchar(45) NOT NULL,
  PRIMARY KEY (`id`),
  UNIQUE KEY `username_UNIQUE` (`username`)
) ENGINE=InnoDB AUTO_INCREMENT=23 DEFAULT CHARSET=utf8mb4 COLLATE=utf8mb4_0900_ai_ci

/*!40101 SET character_set_client = @saved_cs_client */

/*!40103 SET TIME_ZONE=@OLD_TIME_ZONE */

/*!40101 SET SQL_MODE=@OLD_SQL_MODE */

/*!40014 SET FOREIGN_KEY_CHECKS=@OLD_FOREIGN_KEY_CHECKS */

/*!40014 SET UNIQUE_CHECKS=@OLD_UNIQUE_CHECKS */

/*!40101 SET CHARACTER_SET_CLIENT=@OLD_CHARACTER_SET_CLIENT */

/*!40101 SET CHARACTER_SET_RESULTS=@OLD_CHARACTER_SET_RESULTS */

/*!40101 SET COLLATION_CONNECTION=@OLD_COLLATION_CONNECTION */

/*!40111 SET SQL_NOTES=@OLD_SQL_NOTES */

-- Dump completed on 2023-10-13 16:24:46
INSERT INTO practicatest.`users` (id, username, password, register_date, role) VALUES ('1', 'munkatea', 'pass1', '2008-7-04', 'ADMIN')

INSERT INTO practicatest.`users` (id, username, password, register_date, role) VALUES ('2', 'bradpitt', 'pass2', '2020-4-14', 'RECRUITER')

INSERT INTO practicatest.`users` (id, username, password, register_date, role) VALUES ('3', 'qtarantino', 'pass3', '2018-7-03', 'RECRUITER')

INSERT INTO practicatest.`users` (id, username, password, register_date, role) VALUES ('4', 'enidelcu', 'pass4', '2021-12-02', 'APPLICANT')

INSERT INTO practicatest.`users` (id, username, password, register_date, role) VALUES ('5', 'ludmila', 'pass5', '2010-1-31', 'APPLICANT')

INSERT INTO practicatest.`users` (id, username, password, register_date, role) VALUES ('6', 'gnelli', 'pass6', '2017-10-15', 'APPLICANT')

INSERT INTO practicatest.`users` (id, username, password, register_date, role) VALUES ('7', 'iuco', 'pass7', '2023-1-01', 'RECRUITER')

INSERT INTO practicatest.`users` (id, username, password, register_date, role) VALUES ('8', 'vbostan', 'pass8', '2019-4-13', 'RECRUITER')

INSERT INTO practicatest.`users` (id, username, password, register_date, role) VALUES ('9', 'hlanda', 'pass9', '2020-3-11', 'RECRUITER')

INSERT INTO practicatest.`users` (id, username, password, register_date, role) VALUES ('10', 'oppenheimer', 'pass10', '2013-3-27', 'APPLICANT')

INSERT INTO practicatest.`users` (id, username, password, register_date, role) VALUES ('11', 'holmes', 'pass11', '2009-5-31', 'APPLICANT')

INSERT INTO practicatest.`users` (id, username, password, register_date, role) VALUES ('12', 'rotaru', 'pass12', '2009-3-31', 'APPLICANT')

INSERT INTO practicatest.`users` (id, username, password, register_date, role) VALUES ('13', 'clima', 'pass13', '2009-7-31', 'RECRUITER')

INSERT INTO practicatest.`companies` (id, title, domain, about, phone_number, email, img_path) VALUES ('1', 'IUCOSOFT', 'IT', 'We work in JAVA', '060111111', 'email@iucosoft.com', 'img1.jpg')

[...]

INSERT INTO practicatest.`applicants` (id, name, surname, age, a_status, domain, cv, user_id, email, phone_number) VALUES ('6', 'Rotaru', 'Dimitrie', '50', 'UNEMPLOYED', 'FOOD', 'cv6.pdf', '12', 'rotaru@gmail.com', '060567870')

INSERT INTO practicatest.`recruiters` (id, name, surname, user_id, company_id, email) VALUES ('1', 'Brad', 'Pitt', '2', '4', 'brad.pitt@tkd.md')

INSERT INTO practicatest.`recruiters` (id, name, surname, user_id, company_id, email) VALUES ('2', 'Quentin', 'Tarantino', '3', '5', 'quentin.tarantino@andis.md')

INSERT INTO practicatest.`recruiters` (id, name, surname, user_id, company_id, email) VALUES ('3', 'Iurie', 'Coropceanu', '7', '1', 'iurie.coropceanu@iucosoft.com')

INSERT INTO practicatest.`recruiters` (id, name, surname, user_id, company_id, email) VALUES ('4', 'Viorel', 'Bostan', '8', '2', 'viorel.bostan@oratorica.com')

INSERT INTO practicatest.`recruiters` (id, name, surname, user_id, company_id, email) VALUES ('5', 'Hans', 'Landa', '9', '3', 'hans.landa@decor.md')

INSERT INTO practicatest.`programmes` (id, title, domain, start_data, duration, company_id, duties, qualifications, benefits, location, paid) VALUES ('1', 'JAVA Developer', 'IT', '2020-3-05', '3 months', '1', 'Develop desktop apps', 'Know JAVA well', 'Work remotely', 'ONLINE', '0')

INSERT INTO practicatest.`programmes` (id, title, domain, start_data, duration, company_id, duties, qualifications, benefits, location, paid) VALUES ('2', 'English teacher', 'EDUCATION', '2016-7-09', '2 months', '2', 'Teach children', 'C1 in English', 'Hiring after internship', 'Chisinau', '0')

INSERT INTO practicatest.`programmes` (id, title, domain, start_data, duration, company_id, duties, qualifications, benefits, location, paid) VALUES ('3', 'Designer', 'DESIGN', '2023-5-25', '6 months', '3', 'Design personalised posters', 'Studii la UTM', 'Working with us', 'Chisinau', '1')

INSERT INTO practicatest.`programmes` (id, title, domain, start_data, duration, company_id, duties, qualifications, benefits, location, paid) VALUES ('4', 'Coach', 'SPORT_BEAUTY_WELLNESS', '2022-8-27', '4 months', '4', 'Coach people', 'Maestru al Sportului', 'No benefits', 'Balti', '1')

INSERT INTO practicatest.`programmes` (id, title, domain, start_data, duration, company_id, duties, qualifications, benefits, location, paid) VALUES ('5', 'Cook', 'FOOD', '2021-2-14', '5 weeks', '5', 'Boil eggs', 'No qualifications', 'Eat eggs', 'Cantemir', '0')

INSERT INTO practicatest.`programmes` (id, title, domain, start_data, duration, company_id, duties, qualifications, benefits, location, paid) VALUES ('6', 'Crazy', 'DESIGN', '2021-2-14', '3 weeks', '5', 'Do crazy stuff', 'No qualifications', 'Do crazy stuff', 'Causeni', '0')

INSERT INTO practicatest.`applications` (id, applicant_id, programme_id, application_date, cv, phone_number, email) VALUES ('1', '1', '1', '2023-10-10', 'cv1.pdf', '060123456', 'elena.nidelcu@isa.utm.md')

INSERT INTO practicatest.`applications` (id, applicant_id, programme_id, application_date, cv, phone_number, email) VALUES ('2', '2', '2', '2023-10-11', 'cv2.pdf', '060234567', 'friptu@gmail.com')

INSERT INTO practicatest.`applications` (id, applicant_id, programme_id, application_date, cv, phone_number, email) VALUES ('3', '3', '3', '2023-10-12', 'cv3.pdf', '060345678', 'nelly@dip.utm.md')

INSERT INTO practicatest.`applications` (id, applicant_id, programme_id, application_date, cv, phone_number, email) VALUES ('4', '4', '4', '2023-10-13', 'cv4.pdf', '060456789', 'r.oppy@bomb.com')

INSERT INTO practicatest.`applications` (id, applicant_id, programme_id, application_date, cv, phone_number, email) VALUES ('5', '5', '5', '2023-10-14', 'cv5.pdf', '060567890', 'holmes@gmail.com')

Tabelul s-a creat!
delete
CREATE DATABASE  IF NOT EXISTS `practicatest` /*!40100 DEFAULT CHARACTER SET utf8mb3 */ /*!80016 DEFAULT ENCRYPTION='N' */

USE `practicatest`

-- MySQL dump 10.13  Distrib 8.0.34, for Win64 (x86_64)
--
-- Host: localhost    Database: practica
-- ------------------------------------------------------
-- Server version	8.0.34
/*!40101 SET @OLD_CHARACTER_SET_CLIENT=@@CHARACTER_SET_CLIENT */

/*!40101 SET @OLD_CHARACTER_SET_RESULTS=@@CHARACTER_SET_RESULTS */

/*!40101 SET @OLD_COLLATION_CONNECTION=@@COLLATION_CONNECTION */

/*!50503 SET NAMES utf8 */

/*!40103 SET @OLD_TIME_ZONE=@@TIME_ZONE */

/*!40103 SET TIME_ZONE='+00:00' */

/*!40014 SET @OLD_UNIQUE_CHECKS=@@UNIQUE_CHECKS, UNIQUE_CHECKS=0 */

/*!40014 SET @OLD_FOREIGN_KEY_CHECKS=@@FOREIGN_KEY_CHECKS, FOREIGN_KEY_CHECKS=0 */

/*!40101 SET @OLD_SQL_MODE=@@SQL_MODE, SQL_MODE='NO_AUTO_VALUE_ON_ZERO' */

/*!40111 SET @OLD_SQL_NOTES=@@SQL_NOTES, SQL_NOTES=0 */

--
-- Table structure for table `applicants`
--
DROP TABLE IF EXISTS `applicants`

/*!40101 SET @saved_cs_client     = @@character_set_client */

/*!50503 SET character_set_client = utf8mb4 */

CREATE TABLE `applicants` (
  `id` int NOT NULL AUTO_INCREMENT,
  `name` varchar(45) NOT NULL,
  `surname` varchar(45) NOT NULL,
  `age` int NOT NULL,
  `a_status` varchar(45) NOT NULL,
  `domain` varchar(45) NOT NULL,
  `cv` varchar(45) NOT NULL,
  `user_id` int NOT NULL,
  `email` varchar(45) NOT NULL,
  `phone_number` varchar(45) NOT NULL,
  PRIMARY KEY (`id`),
  KEY `fk_applicant_user_idx` (`user_id`),
  CONSTRAINT `fk_applicant_user` FOREIGN KEY (`user_id`) REFERENCES `users` (`id`)
) ENGINE=InnoDB AUTO_INCREMENT=6 DEFAULT CHARSET=utf8mb4 COLLATE=utf8mb4_0900_ai_ci

/*!40101 SET character_set_client = @saved_cs_client */

--
-- Table structure for table `applications`
--
DROP TABLE IF EXISTS `applications`

/*!40101 SET @saved_cs_client     = @@character_set_client */

/*!50503 SET character_set_client = utf8mb4 */

CREATE TABLE `applications` (
  `id` int NOT NULL AUTO_INCREMENT,
  `applicant_id` int NOT NULL,
  `programme_id` int NOT NULL,
  `application_date` date NOT NULL,
  `cv` varchar(45) NOT NULL,
  `phone_number` varchar(45) NOT NULL,
  `email` varchar(45) NOT NULL,
  `institution` varchar(45) DEFAULT NULL,
  PRIMARY KEY (`id`),
  KEY `fk_application_applicant_idx` (`applicant_id`),
  KEY `fk_application_programme_idx` (`programme_id`),
  CONSTRAINT `fk_application_applicant` FOREIGN KEY (`applicant_id`) REFERENCES `applicants` (`id`),
  CONSTRAINT `fk_application_programme` FOREIGN KEY (`programme_id`) REFERENCES `programmes` (`id`)
) ENGINE=InnoDB DEFAULT CHARSET=utf8mb4 COLLATE=utf8mb4_0900_ai_ci

/*!40101 SET character_set_client = @saved_cs_client */

--
-- Table structure for table `companies`
--
DROP TABLE IF EXISTS `companies`

/*!40101 SET @saved_cs_client     = @@character_set_client */

/*!50503 SET character_set_client = utf8mb4 */

CREATE TABLE `companies` (
  `id` int NOT NULL AUTO_INCREMENT,
  `title` varchar(45) NOT NULL,
  `domain` varchar(45) NOT NULL,
  `about` mediumtext NOT NULL,
  `phone_number` varchar(45) NOT NULL,
  `email` varchar(45) NOT NULL,
  `img_path` varchar(80) DEFAULT NULL,
  PRIMARY KEY (`id`),
  UNIQUE KEY `title_UNIQUE` (`title`)
) ENGINE=InnoDB AUTO_INCREMENT=20 DEFAULT CHARSET=utf8mb4 COLLATE=utf8mb4_0900_ai_ci

/*!40101 SET character_set_client = @saved_cs_client */

--
-- Table structure for table `programmes`
--
DROP TABLE IF EXISTS `programmes`

/*!40101 SET @saved_cs_client     = @@character_set_client */

/*!50503 SET character_set_client = utf8mb4 */

CREATE TABLE `programmes` (
  `id` int NOT NULL AUTO_INCREMENT,
  `title` varchar(45) NOT NULL,
  `domain` varchar(45) NOT NULL,
  `start_data` date NOT NULL,
  `duration` varchar(45) NOT NULL,
  `company_id` int NOT NULL,
  `duties` mediumtext NOT NULL,
  `qualifications` mediumtext NOT NULL,
  `benefits` mediumtext NOT NULL,
  `location` varchar(80) NOT NULL,
  `paid` tinyint NOT NULL,
  PRIMARY KEY (`id`),
  KEY `fk_programme_company_idx` (`company_id`),
  CONSTRAINT `fk_programme_company` FOREIGN KEY (`company_id`) REFERENCES `companies` (`id`)
) ENGINE=InnoDB DEFAULT CHARSET=utf8mb4 COLLATE=utf8mb4_0900_ai_ci

/*!40101 SET character_set_client = @saved_cs_client */

--
-- Table structure for table `recruiters`
--
DROP TABLE IF EXISTS `recruiters`

/*!40101 SET @saved_cs_client     = @@character_set_client */

/*!50503 SET character_set_client = utf8mb4 */

CREATE TABLE `recruiters` (
  `id` int NOT NULL AUTO_INCREMENT,
  `name` varchar(45) NOT NULL,
  `surname` varchar(45) NOT NULL,
  `user_id` int NOT NULL,
  `company_id` int NOT NULL,
  `email` varchar(45) NOT NULL,
  PRIMARY KEY (`id`),
  KEY `fk_recruiter_user_idx` (`user_id`),
  KEY `fk_recruiter_company_idx` (`company_id`),
  CONSTRAINT `fk_recruiter_company` FOREIGN KEY (`company_id`) REFERENCES `companies` (`id`),
  CONSTRAINT `fk_recruiter_user` FOREIGN KEY (`user_id`) REFERENCES `users` (`id`)
) ENGINE=InnoDB AUTO_INCREMENT=16 DEFAULT CHARSET=utf8mb4 COLLATE=utf8mb4_0900_ai_ci

/*!40101 SET character_set_client = @saved_cs_client */

--
-- Table structure for table `users`
--
DROP TABLE IF EXISTS `users`

/*!40101 SET @saved_cs_client     = @@character_set_client */

/*!50503 SET character_set_client = utf8mb4 */

CREATE TABLE `users` (
  `id` int NOT NULL AUTO_INCREMENT,
  `username` varchar(45) NOT NULL,
  `password` varchar(45) NOT NULL,
  `register_date` date NOT NULL,
  `role` varchar(45) NOT NULL,
  PRIMARY KEY (`id`),
  UNIQUE KEY `username_UNIQUE` (`username`)
) ENGINE=InnoDB AUTO_INCREMENT=23 DEFAULT CHARSET=utf8mb4 COLLATE=utf8mb4_0900_ai_ci

/*!40101 SET character_set_client = @saved_cs_client */

/*!40103 SET TIME_ZONE=@OLD_TIME_ZONE */

/*!40101 SET SQL_MODE=@OLD_SQL_MODE */

/*!40014 SET FOREIGN_KEY_CHECKS=@OLD_FOREIGN_KEY_CHECKS */

/*!40014 SET UNIQUE_CHECKS=@OLD_UNIQUE_CHECKS */

/*!40101 SET CHARACTER_SET_CLIENT=@OLD_CHARACTER_SET_CLIENT */

/*!40101 SET CHARACTER_SET_RESULTS=@OLD_CHARACTER_SET_RESULTS */

/*!40101 SET COLLATION_CONNECTION=@OLD_COLLATION_CONNECTION */

/*!40111 SET SQL_NOTES=@OLD_SQL_NOTES */

-- Dump completed on 2023-10-13 16:24:46
INSERT INTO practicatest.`users` (id, username, password, register_date, role) VALUES ('1', 'munkatea', 'pass1', '2008-7-04', 'ADMIN')

INSERT INTO practicatest.`users` (id, username, password, register_date, role) VALUES ('2', 'bradpitt', 'pass2', '2020-4-14', 'RECRUITER')

INSERT INTO practicatest.`users` (id, username, password, register_date, role) VALUES ('3', 'qtarantino', 'pass3', '2018-7-03', 'RECRUITER')

INSERT INTO practicatest.`users` (id, username, password, register_date, role) VALUES ('4', 'enidelcu', 'pass4', '2021-12-02', 'APPLICANT')

INSERT INTO practicatest.`users` (id, username, password, register_date, role) VALUES ('5', 'ludmila', 'pass5', '2010-1-31', 'APPLICANT')

INSERT INTO practicatest.`users` (id, username, password, register_date, role) VALUES ('6', 'gnelli', 'pass6', '2017-10-15', 'APPLICANT')

INSERT INTO practicatest.`users` (id, username, password, register_date, role) VALUES ('7', 'iuco', 'pass7', '2023-1-01', 'RECRUITER')

INSERT INTO practicatest.`users` (id, username, password, register_date, role) VALUES ('8', 'vbostan', 'pass8', '2019-4-13', 'RECRUITER')

INSERT INTO practicatest.`users` (id, username, password, register_date, role) VALUES ('9', 'hlanda', 'pass9', '2020-3-11', 'RECRUITER')

INSERT INTO practicatest.`users` (id, username, password, register_date, role) VALUES ('10', 'oppenheimer', 'pass10', '2013-3-27', 'APPLICANT')

INSERT INTO practicatest.`users` (id, username, password, register_date, role) VALUES ('11', 'holmes', 'pass11', '2009-5-31', 'APPLICANT')

INSERT INTO practicatest.`users` (id, username, password, register_date, role) VALUES ('12', 'rotaru', 'pass12', '2009-3-31', 'APPLICANT')

INSERT INTO practicatest.`users` (id, username, password, register_date, role) VALUES ('13', 'clima', 'pass13', '2009-7-31', 'RECRUITER')

INSERT INTO practicatest.`companies` (id, title, domain, about, phone_number, email, img_path) VALUES ('1', 'IUCOSOFT', 'IT', 'We work in JAVA', '060111111', 'email@iucosoft.com', 'img1.jpg')

INSERT INTO practicatest.`companies` (id, title, domain, about, phone_number, email, img_path) VALUES ('2', 'ORATORICA', 'EDUCATION', 'Courses for learning new languages', '060222222', 'oratorica@gmail.com', 'img2.jpg')

INSERT INTO practicatest.`companies` (id, title, domain, about, phone_number, email, img_path) VALUES ('3', 'DECOR', 'DESIGN', 'Design for posters and wallpapers', '060333333', 'mail@decor.md', 'img3.jpg')

INSERT INTO practicatest.`companies` (id, title, domain, about, phone_number, email, img_path) VALUES ('4', 'TKD', 'SPORT_BEAUTY_WELLNESS', 'Taekwondo sport club', '060444444', 'sport@tkd.com', 'img4.jpg')

INSERT INTO practicatest.`companies` (id, title, domain, about, phone_number, email, img_path) VALUES ('5', 'Andy\'s Pizza', 'FOOD', 'Y\'all know what does our company =-)', '060555555', 'andys.pizza@gmail.com', 'img5.jpg')

INSERT INTO practicatest.`companies` (id, title, domain, about, phone_number, email, img_path) VALUES ('6', 'Climatehnic', 'ENGINEERING', 'Good company', '079783222', 'climatehnic@gmail.com', 'img6.jpg')

INSERT INTO practicatest.`applicants` (id, name, surname, age, a_status, domain, cv, user_id, email, phone_number) VALUES ('1', 'Elena', 'Nidelcu', '19', 'STUDENT', 'IT', 'cv1.pdf', '4', 'elena.nidelcu@isa.utm.md', '060123456')

INSERT INTO practicatest.`applicants` (id, name, surname, age, a_status, domain, cv, user_id, email, phone_number) VALUES ('2', 'Ludmila', 'Friptu', '20', 'WORKING', 'EDUCATION', 'cv2.pdf', '5', 'friptu@gmail.com', '060234567')

INSERT INTO practicatest.`applicants` (id, name, surname, age, a_status, domain, cv, user_id, email, phone_number) VALUES ('3', 'Nelli', 'Garbuz', '18', 'STUDENT', 'DESIGN', 'cv3.pdf', '6', 'nelly@dip.utm.md', '060345678')

INSERT INTO practicatest.`applicants` (id, name, surname, age, a_status, domain, cv, user_id, email, phone_number) VALUES ('4', 'Robert', 'Oppenheimer', '40', 'WORKING', 'SPORT_BEAUTY_WELLNESS', 'cv4.pdf', '10', 'r.oppy@bomb.com', '060456789')

INSERT INTO practicatest.`applicants` (id, name, surname, age, a_status, domain, cv, user_id, email, phone_number) VALUES ('5', 'Sherlock', 'Holmes', '30', 'UNEMPLOYED', 'FOOD', 'cv5.pdf', '11', 'holmes@gmail.com', '060567890')

INSERT INTO practicatest.`applicants` (id, name, surname, age, a_status, domain, cv, user_id, email, phone_number) VALUES ('6', 'Rotaru', 'Dimitrie', '50', 'UNEMPLOYED', 'FOOD', 'cv6.pdf', '12', 'rotaru@gmail.com', '060567870')

INSERT INTO practicatest.`recruiters` (id, name, surname, user_id, company_id, email) VALUES ('1', 'Brad', 'Pitt', '2', '4', 'brad.pitt@tkd.md')

INSERT INTO practicatest.`recruiters` (id, name, surname, user_id, company_id, email) VALUES ('2', 'Quentin', 'Tarantino', '3', '5', 'quentin.tarantino@andis.md')

INSERT INTO practicatest.`recruiters` (id, name, surname, user_id, company_id, email) VALUES ('3', 'Iurie', 'Coropceanu', '7', '1', 'iurie.coropceanu@iucosoft.com')

INSERT INTO practicatest.`recruiters` (id, name, surname, user_id, company_id, email) VALUES ('4', 'Viorel', 'Bostan', '8', '2', 'viorel.bostan@oratorica.com')

INSERT INTO practicatest.`recruiters` (id, name, surname, user_id, company_id, email) VALUES ('5', 'Hans', 'Landa', '9', '3', 'hans.landa@decor.md')

INSERT INTO practicatest.`programmes` (id, title, domain, start_data, duration, company_id, duties, qualifications, benefits, location, paid) VALUES ('1', 'JAVA Developer', 'IT', '2020-3-05', '3 months', '1', 'Develop desktop apps', 'Know JAVA well', 'Work remotely', 'ONLINE', '0')

INSERT INTO practicatest.`programmes` (id, title, domain, start_data, duration, company_id, duties, qualifications, benefits, location, paid) VALUES ('2', 'English teacher', 'EDUCATION', '2016-7-09', '2 months', '2', 'Teach children', 'C1 in English', 'Hiring after internship', 'Chisinau', '0')

INSERT INTO practicatest.`programmes` (id, title, domain, start_data, duration, company_id, duties, qualifications, benefits, location, paid) VALUES ('3', 'Designer', 'DESIGN', '2023-5-25', '6 months', '3', 'Design personalised posters', 'Studii la UTM', 'Working with us', 'Chisinau', '1')

INSERT INTO practicatest.`programmes` (id, title, domain, start_data, duration, company_id, duties, qualifications, benefits, location, paid) VALUES ('4', 'Coach', 'SPORT_BEAUTY_WELLNESS', '2022-8-27', '4 months', '4', 'Coach people', 'Maestru al Sportului', 'No benefits', 'Balti', '1')

INSERT INTO practicatest.`programmes` (id, title, domain, start_data, duration, company_id, duties, qualifications, benefits, location, paid) VALUES ('5', 'Cook', 'FOOD', '2021-2-14', '5 weeks', '5', 'Boil eggs', 'No qualifications', 'Eat eggs', 'Cantemir', '0')

INSERT INTO practicatest.`programmes` (id, title, domain, start_data, duration, company_id, duties, qualifications, benefits, location, paid) VALUES ('6', 'Crazy', 'DESIGN', '2021-2-14', '3 weeks', '5', 'Do crazy stuff', 'No qualifications', 'Do crazy stuff', 'Causeni', '0')

INSERT INTO practicatest.`applications` (id, applicant_id, programme_id, application_date, cv, phone_number, email) VALUES ('1', '1', '1', '2023-10-10', 'cv1.pdf', '060123456', 'elena.nidelcu@isa.utm.md')

INSERT INTO practicatest.`applications` (id, applicant_id, programme_id, application_date, cv, phone_number, email) VALUES ('2', '2', '2', '2023-10-11', 'cv2.pdf', '060234567', 'friptu@gmail.com')

INSERT INTO practicatest.`applications` (id, applicant_id, programme_id, application_date, cv, phone_number, email) VALUES ('3', '3', '3', '2023-10-12', 'cv3.pdf', '060345678', 'nelly@dip.utm.md')

INSERT INTO practicatest.`applications` (id, applicant_id, programme_id, application_date, cv, phone_number, email) VALUES ('4', '4', '4', '2023-10-13', 'cv4.pdf', '060456789', 'r.oppy@bomb.com')

INSERT INTO practicatest.`applications` (id, applicant_id, programme_id, application_date, cv, phone_number, email) VALUES ('5', '5', '5', '2023-10-14', 'cv5.pdf', '060567890', 'holmes@gmail.com')

Tabelul s-a creat!
update
]]></system-out>
  <system-err><![CDATA[Oct 17, 2023 7:17:10 PM com.iucosoft.internshipappfx.db.DataSource openConnection
INFO: Conectat cu succes la BD
Oct 17, 2023 7:17:10 PM com.iucosoft.internshipappfx.db.DataSource openConnection
INFO: Conectat cu succes la BD
Oct 17, 2023 7:17:10 PM com.iucosoft.internshipappfx.db.DataSource openConnection
INFO: Conectat cu succes la BD
Oct 17, 2023 7:17:10 PM com.iucosoft.internshipappfx.db.DataSource openConnection
INFO: Conectat cu succes la BD
Oct 17, 2023 7:17:11 PM com.iucosoft.internshipappfx.db.DataSource openConnection
INFO: Conectat cu succes la BD
Oct 17, 2023 7:17:11 PM com.iucosoft.internshipappfx.db.DataSource openConnection
INFO: Conectat cu succes la BD
Oct 17, 2023 7:17:11 PM com.iucosoft.internshipappfx.db.DataSource openConnection
INFO: Conectat cu succes la BD
Oct 17, 2023 7:17:11 PM com.iucosoft.internshipappfx.db.DataSource openConnection
INFO: Conectat cu succes la BD
Oct 17, 2023 7:17:12 PM com.iucosoft.internshipappfx.db.DataSource openConnection
INFO: Conectat cu succes la BD
Oct 17, 2023 7:17:12 PM com.iucosoft.internshipappfx.db.DataSource openConnection
INFO: Conectat cu succes la BD
Oct 17, 2023 7:17:12 PM com.iucosoft.internshipappfx.db.DataSource openConnection
INFO: Conectat cu succes la BD
Oct 17, 2023 7:17:12 PM com.iucosoft.internshipappfx.db.DataSource openConnection
INFO: Conectat cu succes la BD
Oct 17, 2023 7:17:12 PM com.iucosoft.internshipappfx.db.DataSource openConnection
INFO: Conectat cu succes la BD
Oct 17, 2023 7:17:12 PM com.iucosoft.internshipappfx.db.DataSource openConnection
INFO: Conectat cu succes la BD
Oct 17, 2023 7:17:12 PM com.iucosoft.internshipappfx.db.DataSource openConnection
INFO: Conectat cu succes la BD
Oct 17, 2023 7:17:12 PM com.iucosoft.internshipappfx.db.DataSource openConnection
INFO: Conectat cu succes la BD
Oct 17, 2023 7:17:13 PM com.iucosoft.internshipappfx.db.DataSource openConnection
INFO: Conectat cu succes la BD
]]></system-err>
</testsuite>
